<?xml version="1.0" encoding="utf-8"?>
<!DOCTYPE coverage SYSTEM "http://cobertura.sourceforge.net/xml/coverage-04.dtd">
<coverage line-rate="0.512210394489668" branch-rate="1" lines-covered="1636" lines-valid="3194" branches-covered="0" branches-valid="0" complexity="0" version="0" timestamp="1728231562">
  <sources />
  <packages>
    <package name="Game" line-rate="0.512210394489668" branch-rate="1" complexity="0">
      <classes>
        <class name="AdsForMission" filename="P:/Tests/EndlessRunner_AutomatedTests/Assets/Scripts/UI/AdsForMission.cs" line-rate="0.4375" branch-rate="1" complexity="0">
          <methods>
            <method name="OnEnable" signature="()" line-rate="0.714285714285714" branch-rate="1" complexity="0">
              <lines>
                <line number="24" hits="1" branch="false" />
                <line number="25" hits="1" branch="false" />
                <line number="26" hits="1" branch="false" />
                <line number="29" hits="1" branch="false" />
                <line number="30" hits="0" branch="false" />
                <line number="31" hits="0" branch="false" />
                <line number="50" hits="1" branch="false" />
              </lines>
            </method>
            <method name="ShowAds" signature="()" line-rate="0" branch-rate="1" complexity="0">
              <lines>
                <line number="53" hits="0" branch="false" />
                <line number="76" hits="0" branch="false" />
              </lines>
            </method>
            <method name="AddNewMission" signature="()" line-rate="0" branch-rate="1" complexity="0">
              <lines>
                <line number="109" hits="0" branch="false" />
                <line number="110" hits="0" branch="false" />
                <line number="111" hits="0" branch="false" />
                <line number="112" hits="0" branch="false" />
                <line number="113" hits="0" branch="false" />
              </lines>
            </method>
            <method name="AdsForMission" signature="()" line-rate="1" branch-rate="1" complexity="0">
              <lines>
                <line number="20" hits="8" branch="false" />
                <line number="21" hits="8" branch="false" />
              </lines>
            </method>
          </methods>
          <lines>
            <line number="20" hits="8" branch="false" />
            <line number="21" hits="8" branch="false" />
            <line number="24" hits="1" branch="false" />
            <line number="25" hits="1" branch="false" />
            <line number="26" hits="1" branch="false" />
            <line number="29" hits="1" branch="false" />
            <line number="30" hits="0" branch="false" />
            <line number="31" hits="0" branch="false" />
            <line number="50" hits="1" branch="false" />
            <line number="53" hits="0" branch="false" />
            <line number="76" hits="0" branch="false" />
            <line number="109" hits="0" branch="false" />
            <line number="110" hits="0" branch="false" />
            <line number="111" hits="0" branch="false" />
            <line number="112" hits="0" branch="false" />
            <line number="113" hits="0" branch="false" />
          </lines>
        </class>
        <class name="AllLaneObstacle" filename="P:/Tests/EndlessRunner_AutomatedTests/Assets/Scripts/Obstacles/AllLaneObstacle.cs" line-rate="0.785714285714286" branch-rate="1" complexity="0">
          <methods>
            <method name="Spawn" signature="()" line-rate="0.785714285714286" branch-rate="1" complexity="0">
              <lines>
                <line number="10" hits="40" branch="false" />
                <line number="13" hits="40" branch="false" />
                <line number="14" hits="40" branch="false" />
                <line number="15" hits="40" branch="false" />
                <line number="16" hits="40" branch="false" />
                <line number="17" hits="0" branch="false" />
                <line number="18" hits="0" branch="false" />
                <line number="19" hits="0" branch="false" />
                <line number="21" hits="40" branch="false" />
                <line number="22" hits="40" branch="false" />
                <line number="25" hits="40" branch="false" />
                <line number="26" hits="40" branch="false" />
                <line number="27" hits="40" branch="false" />
                <line number="28" hits="40" branch="false" />
              </lines>
            </method>
          </methods>
          <lines>
            <line number="10" hits="40" branch="false" />
            <line number="13" hits="40" branch="false" />
            <line number="14" hits="40" branch="false" />
            <line number="15" hits="40" branch="false" />
            <line number="16" hits="40" branch="false" />
            <line number="17" hits="0" branch="false" />
            <line number="18" hits="0" branch="false" />
            <line number="19" hits="0" branch="false" />
            <line number="21" hits="40" branch="false" />
            <line number="22" hits="40" branch="false" />
            <line number="25" hits="40" branch="false" />
            <line number="26" hits="40" branch="false" />
            <line number="27" hits="40" branch="false" />
            <line number="28" hits="40" branch="false" />
          </lines>
        </class>
        <class name="AssignOutputChannel" filename="P:/Tests/EndlessRunner_AutomatedTests/Assets/Scripts/Sounds/AssignOutputChannel.cs" line-rate="0.65" branch-rate="1" complexity="0">
          <methods>
            <method name="Awake" signature="()" line-rate="0.65" branch-rate="1" complexity="0">
              <lines>
                <line number="13" hits="78" branch="false" />
                <line number="14" hits="78" branch="false" />
                <line number="16" hits="78" branch="false" />
                <line number="17" hits="0" branch="false" />
                <line number="18" hits="0" branch="false" />
                <line number="19" hits="0" branch="false" />
                <line number="20" hits="0" branch="false" />
                <line number="23" hits="78" branch="false" />
                <line number="25" hits="78" branch="false" />
                <line number="26" hits="0" branch="false" />
                <line number="27" hits="0" branch="false" />
                <line number="28" hits="0" branch="false" />
                <line number="30" hits="292" branch="false" />
                <line number="31" hits="146" branch="false" />
                <line number="32" hits="146" branch="false" />
                <line number="33" hits="78" branch="false" />
                <line number="34" hits="78" branch="false" />
                <line number="35" hits="78" branch="false" />
                <line number="37" hits="68" branch="false" />
                <line number="38" hits="78" branch="false" />
              </lines>
            </method>
          </methods>
          <lines>
            <line number="13" hits="78" branch="false" />
            <line number="14" hits="78" branch="false" />
            <line number="16" hits="78" branch="false" />
            <line number="17" hits="0" branch="false" />
            <line number="18" hits="0" branch="false" />
            <line number="19" hits="0" branch="false" />
            <line number="20" hits="0" branch="false" />
            <line number="23" hits="78" branch="false" />
            <line number="25" hits="78" branch="false" />
            <line number="26" hits="0" branch="false" />
            <line number="27" hits="0" branch="false" />
            <line number="28" hits="0" branch="false" />
            <line number="30" hits="292" branch="false" />
            <line number="31" hits="146" branch="false" />
            <line number="32" hits="146" branch="false" />
            <line number="33" hits="78" branch="false" />
            <line number="34" hits="78" branch="false" />
            <line number="35" hits="78" branch="false" />
            <line number="37" hits="68" branch="false" />
            <line number="38" hits="78" branch="false" />
          </lines>
        </class>
        <class name="BarrierJumpMission" filename="P:/Tests/EndlessRunner_AutomatedTests/Assets/Scripts/Missions/Missions.cs" line-rate="0" branch-rate="1" complexity="0">
          <methods>
            <method name="Created" signature="()" line-rate="0" branch-rate="1" complexity="0">
              <lines>
                <line number="156" hits="0" branch="false" />
                <line number="157" hits="0" branch="false" />
                <line number="158" hits="0" branch="false" />
                <line number="160" hits="0" branch="false" />
                <line number="161" hits="0" branch="false" />
                <line number="162" hits="0" branch="false" />
                <line number="163" hits="0" branch="false" />
              </lines>
            </method>
            <method name="GetMissionDesc" signature="()" line-rate="0" branch-rate="1" complexity="0">
              <lines>
                <line number="166" hits="0" branch="false" />
                <line number="167" hits="0" branch="false" />
                <line number="168" hits="0" branch="false" />
              </lines>
            </method>
            <method name="GetMissionType" signature="()" line-rate="0" branch-rate="1" complexity="0">
              <lines>
                <line number="171" hits="0" branch="false" />
                <line number="172" hits="0" branch="false" />
                <line number="173" hits="0" branch="false" />
              </lines>
            </method>
            <method name="RunStart" signature="(TrackManager)" line-rate="0" branch-rate="1" complexity="NaN">
              <lines>
                <line number="176" hits="0" branch="false" />
                <line number="177" hits="0" branch="false" />
                <line number="178" hits="0" branch="false" />
                <line number="179" hits="0" branch="false" />
              </lines>
            </method>
            <method name="Update" signature="(TrackManager)" line-rate="0" branch-rate="1" complexity="NaN">
              <lines>
                <line number="182" hits="0" branch="false" />
                <line number="183" hits="0" branch="false" />
                <line number="184" hits="0" branch="false" />
                <line number="185" hits="0" branch="false" />
                <line number="186" hits="0" branch="false" />
                <line number="188" hits="0" branch="false" />
                <line number="190" hits="0" branch="false" />
                <line number="191" hits="0" branch="false" />
                <line number="192" hits="0" branch="false" />
                <line number="194" hits="0" branch="false" />
                <line number="195" hits="0" branch="false" />
                <line number="196" hits="0" branch="false" />
                <line number="197" hits="0" branch="false" />
                <line number="198" hits="0" branch="false" />
                <line number="199" hits="0" branch="false" />
                <line number="201" hits="0" branch="false" />
                <line number="202" hits="0" branch="false" />
                <line number="203" hits="0" branch="false" />
                <line number="204" hits="0" branch="false" />
                <line number="205" hits="0" branch="false" />
              </lines>
            </method>
            <method name="BarrierJumpMission" signature="()" line-rate="0" branch-rate="1" complexity="0">
              <lines>
                <line number="153" hits="0" branch="false" />
              </lines>
            </method>
          </methods>
          <lines>
            <line number="153" hits="0" branch="false" />
            <line number="156" hits="0" branch="false" />
            <line number="157" hits="0" branch="false" />
            <line number="158" hits="0" branch="false" />
            <line number="160" hits="0" branch="false" />
            <line number="161" hits="0" branch="false" />
            <line number="162" hits="0" branch="false" />
            <line number="163" hits="0" branch="false" />
            <line number="166" hits="0" branch="false" />
            <line number="167" hits="0" branch="false" />
            <line number="168" hits="0" branch="false" />
            <line number="171" hits="0" branch="false" />
            <line number="172" hits="0" branch="false" />
            <line number="173" hits="0" branch="false" />
            <line number="176" hits="0" branch="false" />
            <line number="177" hits="0" branch="false" />
            <line number="178" hits="0" branch="false" />
            <line number="179" hits="0" branch="false" />
            <line number="182" hits="0" branch="false" />
            <line number="183" hits="0" branch="false" />
            <line number="184" hits="0" branch="false" />
            <line number="185" hits="0" branch="false" />
            <line number="186" hits="0" branch="false" />
            <line number="188" hits="0" branch="false" />
            <line number="190" hits="0" branch="false" />
            <line number="191" hits="0" branch="false" />
            <line number="192" hits="0" branch="false" />
            <line number="194" hits="0" branch="false" />
            <line number="195" hits="0" branch="false" />
            <line number="196" hits="0" branch="false" />
            <line number="197" hits="0" branch="false" />
            <line number="198" hits="0" branch="false" />
            <line number="199" hits="0" branch="false" />
            <line number="201" hits="0" branch="false" />
            <line number="202" hits="0" branch="false" />
            <line number="203" hits="0" branch="false" />
            <line number="204" hits="0" branch="false" />
            <line number="205" hits="0" branch="false" />
          </lines>
        </class>
        <class name="Character" filename="P:/Tests/EndlessRunner_AutomatedTests/Assets/Scripts/Characters/Character.cs" line-rate="1" branch-rate="1" complexity="NaN">
          <methods>
            <method name="SetupAccesory" signature="(System.Int32)" line-rate="1" branch-rate="1" complexity="NaN">
              <lines>
                <line number="27" hits="8" branch="false" />
                <line number="28" hits="64" branch="false" />
                <line number="29" hits="24" branch="false" />
                <line number="30" hits="24" branch="false" />
                <line number="31" hits="24" branch="false" />
                <line number="32" hits="8" branch="false" />
              </lines>
            </method>
          </methods>
          <lines>
            <line number="27" hits="8" branch="false" />
            <line number="28" hits="64" branch="false" />
            <line number="29" hits="24" branch="false" />
            <line number="30" hits="24" branch="false" />
            <line number="31" hits="24" branch="false" />
            <line number="32" hits="8" branch="false" />
          </lines>
        </class>
        <class name="CharacterCollider" filename="P:/Tests/EndlessRunner_AutomatedTests/Assets/Scripts/Characters/CharacterCollider.cs" line-rate="0.740157480314961" branch-rate="1" complexity="0">
          <methods>
            <method name="deathData" signature="()" line-rate="1" branch-rate="1" complexity="NaN">
              <lines>
                <line number="37" hits="3" branch="false" />
              </lines>
            </method>
            <method name="collider" signature="()" line-rate="0" branch-rate="1" complexity="NaN">
              <lines>
                <line number="38" hits="0" branch="false" />
              </lines>
            </method>
            <method name="audio" signature="()" line-rate="1" branch-rate="1" complexity="NaN">
              <lines>
                <line number="40" hits="9" branch="false" />
              </lines>
            </method>
            <method name="tutorialHitObstacle" signature="()" line-rate="0" branch-rate="1" complexity="NaN">
              <lines>
                <line number="45" hits="0" branch="false" />
              </lines>
            </method>
            <method name="tutorialHitObstacle" signature="(System.Boolean)" line-rate="0" branch-rate="1" complexity="NaN">
              <lines>
                <line number="45" hits="0" branch="false" />
              </lines>
            </method>
            <method name="Start" signature="()" line-rate="1" branch-rate="1" complexity="0">
              <lines>
                <line number="66" hits="7" branch="false" />
                <line number="67" hits="7" branch="false" />
                <line number="68" hits="7" branch="false" />
                <line number="69" hits="7" branch="false" />
                <line number="70" hits="7" branch="false" />
              </lines>
            </method>
            <method name="Init" signature="()" line-rate="1" branch-rate="1" complexity="0">
              <lines>
                <line number="73" hits="8" branch="false" />
                <line number="74" hits="8" branch="false" />
                <line number="76" hits="8" branch="false" />
                <line number="77" hits="8" branch="false" />
                <line number="78" hits="8" branch="false" />
              </lines>
            </method>
            <method name="Slide" signature="(System.Boolean)" line-rate="0" branch-rate="1" complexity="NaN">
              <lines>
                <line number="81" hits="0" branch="false" />
                <line number="82" hits="0" branch="false" />
                <line number="83" hits="0" branch="false" />
                <line number="84" hits="0" branch="false" />
                <line number="85" hits="0" branch="false" />
                <line number="86" hits="0" branch="false" />
                <line number="88" hits="0" branch="false" />
                <line number="89" hits="0" branch="false" />
                <line number="90" hits="0" branch="false" />
                <line number="91" hits="0" branch="false" />
                <line number="92" hits="0" branch="false" />
              </lines>
            </method>
            <method name="Update" signature="()" line-rate="1" branch-rate="1" complexity="0">
              <lines>
                <line number="95" hits="428" branch="false" />
                <line number="97" hits="1118" branch="false" />
                <line number="98" hits="131" branch="false" />
                <line number="99" hits="131" branch="false" />
                <line number="100" hits="131" branch="false" />
                <line number="101" hits="428" branch="false" />
              </lines>
            </method>
            <method name="OnTriggerEnter" signature="(UnityEngine.Collider)" line-rate="0.757575757575758" branch-rate="1" complexity="NaN">
              <lines>
                <line number="104" hits="47" branch="false" />
                <line number="105" hits="47" branch="false" />
                <line number="106" hits="40" branch="false" />
                <line number="107" hits="40" branch="false" />
                <line number="108" hits="39" branch="false" />
                <line number="110" hits="40" branch="false" />
                <line number="111" hits="0" branch="false" />
                <line number="112" hits="0" branch="false" />
                <line number="113" hits="0" branch="false" />
                <line number="114" hits="0" branch="false" />
                <line number="115" hits="0" branch="false" />
                <line number="116" hits="0" branch="false" />
                <line number="118" hits="40" branch="false" />
                <line number="119" hits="40" branch="false" />
                <line number="120" hits="40" branch="false" />
                <line number="121" hits="40" branch="false" />
                <line number="122" hits="40" branch="false" />
                <line number="123" hits="40" branch="false" />
                <line number="124" hits="40" branch="false" />
                <line number="125" hits="7" branch="false" />
                <line number="126" hits="4" branch="false" />
                <line number="127" hits="4" branch="false" />
                <line number="128" hits="2" branch="false" />
                <line number="130" hits="2" branch="false" />
                <line number="132" hits="2" branch="false" />
                <line number="134" hits="2" branch="false" />
                <line number="136" hits="2" branch="false" />
                <line number="137" hits="2" branch="false" />
                <line number="138" hits="2" branch="false" />
                <line number="139" hits="2" branch="false" />
                <line number="141" hits="0" branch="false" />
                <line number="142" hits="0" branch="false" />
                <line number="143" hits="0" branch="false" />
                <line number="145" hits="2" branch="false" />
                <line number="146" hits="0" branch="false" />
                <line number="147" hits="0" branch="false" />
                <line number="148" hits="0" branch="false" />
                <line number="150" hits="2" branch="false" />
                <line number="151" hits="2" branch="false" />
                <line number="152" hits="2" branch="false" />
                <line number="154" hits="2" branch="false" />
                <line number="156" hits="2" branch="false" />
                <line number="157" hits="0" branch="false" />
                <line number="158" hits="0" branch="false" />
                <line number="159" hits="0" branch="false" />
                <line number="160" hits="0" branch="false" />
                <line number="163" hits="2" branch="false" />
                <line number="164" hits="2" branch="false" />
                <line number="166" hits="2" branch="false" />
                <line number="167" hits="2" branch="false" />
                <line number="168" hits="2" branch="false" />
                <line number="169" hits="2" branch="false" />
                <line number="170" hits="2" branch="false" />
                <line number="171" hits="2" branch="false" />
                <line number="172" hits="2" branch="false" />
                <line number="174" hits="2" branch="false" />
                <line number="175" hits="2" branch="false" />
                <line number="176" hits="3" branch="false" />
                <line number="177" hits="3" branch="false" />
                <line number="178" hits="3" branch="false" />
                <line number="179" hits="3" branch="false" />
                <line number="180" hits="3" branch="false" />
                <line number="181" hits="3" branch="false" />
                <line number="182" hits="3" branch="false" />
                <line number="183" hits="3" branch="false" />
                <line number="184" hits="47" branch="false" />
              </lines>
            </method>
            <method name="SetInvincibleExplicit" signature="(System.Boolean)" line-rate="1" branch-rate="1" complexity="NaN">
              <lines>
                <line number="187" hits="54" branch="false" />
                <line number="188" hits="54" branch="false" />
                <line number="189" hits="54" branch="false" />
              </lines>
            </method>
            <method name="SetInvincible" signature="(System.Single)" line-rate="1" branch-rate="1" complexity="NaN">
              <lines>
                <line number="192" hits="1" branch="false" />
                <line number="193" hits="1" branch="false" />
                <line number="194" hits="1" branch="false" />
              </lines>
            </method>
            <method name="CharacterCollider" signature="()" line-rate="0.75" branch-rate="1" complexity="0">
              <lines>
                <line number="43" hits="7" branch="false" />
                <line number="45" hits="0" branch="false" />
                <line number="56" hits="7" branch="false" />
                <line number="57" hits="7" branch="false" />
              </lines>
            </method>
            <method name="CharacterCollider" signature="()" line-rate="0" branch-rate="1" complexity="0">
              <lines>
                <line number="13" hits="0" branch="false" />
              </lines>
            </method>
            <method name="InvincibleTimer" signature="()" line-rate="0.85" branch-rate="1" complexity="0">
              <lines>
                <line number="197" hits="1" branch="false" />
                <line number="198" hits="1" branch="false" />
                <line number="200" hits="1" branch="false" />
                <line number="201" hits="1" branch="false" />
                <line number="202" hits="1" branch="false" />
                <line number="205" hits="53" branch="false" />
                <line number="206" hits="53" branch="false" />
                <line number="207" hits="53" branch="false" />
                <line number="212" hits="53" branch="false" />
                <line number="213" hits="52" branch="false" />
                <line number="214" hits="52" branch="false" />
                <line number="216" hits="52" branch="false" />
                <line number="217" hits="14" branch="false" />
                <line number="218" hits="14" branch="false" />
                <line number="219" hits="14" branch="false" />
                <line number="220" hits="14" branch="false" />
                <line number="221" hits="52" branch="false" />
                <line number="223" hits="0" branch="false" />
                <line number="225" hits="0" branch="false" />
                <line number="226" hits="0" branch="false" />
              </lines>
            </method>
          </methods>
          <lines>
            <line number="13" hits="0" branch="false" />
            <line number="37" hits="3" branch="false" />
            <line number="38" hits="0" branch="false" />
            <line number="40" hits="9" branch="false" />
            <line number="43" hits="7" branch="false" />
            <line number="45" hits="0" branch="false" />
            <line number="56" hits="7" branch="false" />
            <line number="57" hits="7" branch="false" />
            <line number="66" hits="7" branch="false" />
            <line number="67" hits="7" branch="false" />
            <line number="68" hits="7" branch="false" />
            <line number="69" hits="7" branch="false" />
            <line number="70" hits="7" branch="false" />
            <line number="73" hits="8" branch="false" />
            <line number="74" hits="8" branch="false" />
            <line number="76" hits="8" branch="false" />
            <line number="77" hits="8" branch="false" />
            <line number="78" hits="8" branch="false" />
            <line number="81" hits="0" branch="false" />
            <line number="82" hits="0" branch="false" />
            <line number="83" hits="0" branch="false" />
            <line number="84" hits="0" branch="false" />
            <line number="85" hits="0" branch="false" />
            <line number="86" hits="0" branch="false" />
            <line number="88" hits="0" branch="false" />
            <line number="89" hits="0" branch="false" />
            <line number="90" hits="0" branch="false" />
            <line number="91" hits="0" branch="false" />
            <line number="92" hits="0" branch="false" />
            <line number="95" hits="428" branch="false" />
            <line number="97" hits="1118" branch="false" />
            <line number="98" hits="131" branch="false" />
            <line number="99" hits="131" branch="false" />
            <line number="100" hits="131" branch="false" />
            <line number="101" hits="428" branch="false" />
            <line number="104" hits="47" branch="false" />
            <line number="105" hits="47" branch="false" />
            <line number="106" hits="40" branch="false" />
            <line number="107" hits="40" branch="false" />
            <line number="108" hits="39" branch="false" />
            <line number="110" hits="40" branch="false" />
            <line number="111" hits="0" branch="false" />
            <line number="112" hits="0" branch="false" />
            <line number="113" hits="0" branch="false" />
            <line number="114" hits="0" branch="false" />
            <line number="115" hits="0" branch="false" />
            <line number="116" hits="0" branch="false" />
            <line number="118" hits="40" branch="false" />
            <line number="119" hits="40" branch="false" />
            <line number="120" hits="40" branch="false" />
            <line number="121" hits="40" branch="false" />
            <line number="122" hits="40" branch="false" />
            <line number="123" hits="40" branch="false" />
            <line number="124" hits="40" branch="false" />
            <line number="125" hits="7" branch="false" />
            <line number="126" hits="4" branch="false" />
            <line number="127" hits="4" branch="false" />
            <line number="128" hits="2" branch="false" />
            <line number="130" hits="2" branch="false" />
            <line number="132" hits="2" branch="false" />
            <line number="134" hits="2" branch="false" />
            <line number="136" hits="2" branch="false" />
            <line number="137" hits="2" branch="false" />
            <line number="138" hits="2" branch="false" />
            <line number="139" hits="2" branch="false" />
            <line number="141" hits="0" branch="false" />
            <line number="142" hits="0" branch="false" />
            <line number="143" hits="0" branch="false" />
            <line number="145" hits="2" branch="false" />
            <line number="146" hits="0" branch="false" />
            <line number="147" hits="0" branch="false" />
            <line number="148" hits="0" branch="false" />
            <line number="150" hits="2" branch="false" />
            <line number="151" hits="2" branch="false" />
            <line number="152" hits="2" branch="false" />
            <line number="154" hits="2" branch="false" />
            <line number="156" hits="2" branch="false" />
            <line number="157" hits="0" branch="false" />
            <line number="158" hits="0" branch="false" />
            <line number="159" hits="0" branch="false" />
            <line number="160" hits="0" branch="false" />
            <line number="163" hits="2" branch="false" />
            <line number="164" hits="2" branch="false" />
            <line number="166" hits="2" branch="false" />
            <line number="167" hits="2" branch="false" />
            <line number="168" hits="2" branch="false" />
            <line number="169" hits="2" branch="false" />
            <line number="170" hits="2" branch="false" />
            <line number="171" hits="2" branch="false" />
            <line number="172" hits="2" branch="false" />
            <line number="174" hits="2" branch="false" />
            <line number="175" hits="2" branch="false" />
            <line number="176" hits="3" branch="false" />
            <line number="177" hits="3" branch="false" />
            <line number="178" hits="3" branch="false" />
            <line number="179" hits="3" branch="false" />
            <line number="180" hits="3" branch="false" />
            <line number="181" hits="3" branch="false" />
            <line number="182" hits="3" branch="false" />
            <line number="183" hits="3" branch="false" />
            <line number="184" hits="47" branch="false" />
            <line number="187" hits="54" branch="false" />
            <line number="188" hits="54" branch="false" />
            <line number="189" hits="54" branch="false" />
            <line number="192" hits="1" branch="false" />
            <line number="193" hits="1" branch="false" />
            <line number="194" hits="1" branch="false" />
            <line number="197" hits="1" branch="false" />
            <line number="198" hits="1" branch="false" />
            <line number="200" hits="1" branch="false" />
            <line number="201" hits="1" branch="false" />
            <line number="202" hits="1" branch="false" />
            <line number="205" hits="53" branch="false" />
            <line number="206" hits="53" branch="false" />
            <line number="207" hits="53" branch="false" />
            <line number="212" hits="53" branch="false" />
            <line number="213" hits="52" branch="false" />
            <line number="214" hits="52" branch="false" />
            <line number="216" hits="52" branch="false" />
            <line number="217" hits="14" branch="false" />
            <line number="218" hits="14" branch="false" />
            <line number="219" hits="14" branch="false" />
            <line number="220" hits="14" branch="false" />
            <line number="221" hits="52" branch="false" />
            <line number="223" hits="0" branch="false" />
            <line number="225" hits="0" branch="false" />
            <line number="226" hits="0" branch="false" />
          </lines>
        </class>
        <class name="CharacterDatabase" filename="P:/Tests/EndlessRunner_AutomatedTests/Assets/Scripts/Characters/CharacterDatabase.cs" line-rate="0.954545454545455" branch-rate="1" complexity="0">
          <methods>
            <method name="dictionary" signature="()" line-rate="0" branch-rate="1" complexity="NaN">
              <lines>
                <line number="13" hits="0" branch="false" />
              </lines>
            </method>
            <method name="loaded" signature="()" line-rate="1" branch-rate="1" complexity="NaN">
              <lines>
                <line number="16" hits="18" branch="false" />
              </lines>
            </method>
            <method name="GetCharacter" signature="(System.String)" line-rate="1" branch-rate="1" complexity="NaN">
              <lines>
                <line number="19" hits="7" branch="false" />
                <line number="21" hits="7" branch="false" />
                <line number="22" hits="1" branch="false" />
                <line number="24" hits="6" branch="false" />
                <line number="25" hits="7" branch="false" />
              </lines>
            </method>
            <method name="LoadDatabase" signature="()" line-rate="1" branch-rate="1" complexity="0">
              <lines>
                <line number="28" hits="1" branch="false" />
                <line number="29" hits="1" branch="false" />
                <line number="30" hits="1" branch="false" />
                <line number="31" hits="1" branch="false" />
                <line number="33" hits="1" branch="false" />
                <line number="34" hits="2" branch="false" />
                <line number="35" hits="2" branch="false" />
                <line number="36" hits="2" branch="false" />
                <line number="37" hits="2" branch="false" />
                <line number="38" hits="2" branch="false" />
                <line number="39" hits="2" branch="false" />
                <line number="40" hits="2" branch="false" />
                <line number="42" hits="1" branch="false" />
                <line number="43" hits="1" branch="false" />
                <line number="44" hits="1" branch="false" />
              </lines>
            </method>
          </methods>
          <lines>
            <line number="13" hits="0" branch="false" />
            <line number="16" hits="18" branch="false" />
            <line number="19" hits="7" branch="false" />
            <line number="21" hits="7" branch="false" />
            <line number="22" hits="1" branch="false" />
            <line number="24" hits="6" branch="false" />
            <line number="25" hits="7" branch="false" />
            <line number="28" hits="1" branch="false" />
            <line number="29" hits="1" branch="false" />
            <line number="30" hits="1" branch="false" />
            <line number="31" hits="1" branch="false" />
            <line number="33" hits="1" branch="false" />
            <line number="34" hits="2" branch="false" />
            <line number="35" hits="2" branch="false" />
            <line number="36" hits="2" branch="false" />
            <line number="37" hits="2" branch="false" />
            <line number="38" hits="2" branch="false" />
            <line number="39" hits="2" branch="false" />
            <line number="40" hits="2" branch="false" />
            <line number="42" hits="1" branch="false" />
            <line number="43" hits="1" branch="false" />
            <line number="44" hits="1" branch="false" />
          </lines>
        </class>
        <class name="CharacterInputController" filename="P:/Tests/EndlessRunner_AutomatedTests/Assets/Scripts/Characters/CharacterInputController.cs" line-rate="0.460176991150442" branch-rate="1" complexity="0">
          <methods>
            <method name="coins" signature="()" line-rate="1" branch-rate="1" complexity="NaN">
              <lines>
                <line number="27" hits="1065" branch="false" />
              </lines>
            </method>
            <method name="coins" signature="(System.Int32)" line-rate="1" branch-rate="1" complexity="NaN">
              <lines>
                <line number="27" hits="1065" branch="false" />
              </lines>
            </method>
            <method name="premium" signature="()" line-rate="1" branch-rate="1" complexity="NaN">
              <lines>
                <line number="28" hits="825" branch="false" />
              </lines>
            </method>
            <method name="premium" signature="(System.Int32)" line-rate="1" branch-rate="1" complexity="NaN">
              <lines>
                <line number="28" hits="825" branch="false" />
              </lines>
            </method>
            <method name="currentLife" signature="()" line-rate="1" branch-rate="1" complexity="NaN">
              <lines>
                <line number="29" hits="3279" branch="false" />
              </lines>
            </method>
            <method name="currentLife" signature="(System.Int32)" line-rate="1" branch-rate="1" complexity="NaN">
              <lines>
                <line number="29" hits="3279" branch="false" />
              </lines>
            </method>
            <method name="consumables" signature="()" line-rate="1" branch-rate="1" complexity="NaN">
              <lines>
                <line number="30" hits="2283" branch="false" />
              </lines>
            </method>
            <method name="isJumping" signature="()" line-rate="0" branch-rate="1" complexity="NaN">
              <lines>
                <line number="31" hits="0" branch="false" />
              </lines>
            </method>
            <method name="isSliding" signature="()" line-rate="1" branch-rate="1" complexity="NaN">
              <lines>
                <line number="32" hits="813" branch="false" />
              </lines>
            </method>
            <method name="Awake" signature="()" line-rate="1" branch-rate="1" complexity="0">
              <lines>
                <line number="80" hits="7" branch="false" />
                <line number="81" hits="7" branch="false" />
                <line number="82" hits="7" branch="false" />
                <line number="83" hits="7" branch="false" />
                <line number="84" hits="7" branch="false" />
                <line number="85" hits="7" branch="false" />
                <line number="86" hits="7" branch="false" />
              </lines>
            </method>
            <method name="CheatInvincible" signature="(System.Boolean)" line-rate="1" branch-rate="1" complexity="NaN">
              <lines>
                <line number="95" hits="8" branch="false" />
                <line number="96" hits="8" branch="false" />
                <line number="97" hits="8" branch="false" />
              </lines>
            </method>
            <method name="IsCheatInvincible" signature="()" line-rate="1" branch-rate="1" complexity="0">
              <lines>
                <line number="100" hits="2" branch="false" />
                <line number="101" hits="2" branch="false" />
                <line number="102" hits="2" branch="false" />
              </lines>
            </method>
            <method name="Init" signature="()" line-rate="1" branch-rate="1" complexity="0">
              <lines>
                <line number="105" hits="8" branch="false" />
                <line number="106" hits="8" branch="false" />
                <line number="107" hits="8" branch="false" />
                <line number="109" hits="8" branch="false" />
                <line number="110" hits="8" branch="false" />
                <line number="112" hits="8" branch="false" />
                <line number="114" hits="8" branch="false" />
                <line number="116" hits="8" branch="false" />
                <line number="117" hits="8" branch="false" />
              </lines>
            </method>
            <method name="Begin" signature="()" line-rate="1" branch-rate="1" complexity="0">
              <lines>
                <line number="121" hits="8" branch="false" />
                <line number="122" hits="8" branch="false" />
                <line number="123" hits="8" branch="false" />
                <line number="125" hits="8" branch="false" />
                <line number="127" hits="8" branch="false" />
                <line number="128" hits="8" branch="false" />
              </lines>
            </method>
            <method name="End" signature="()" line-rate="1" branch-rate="1" complexity="0">
              <lines>
                <line number="131" hits="1" branch="false" />
                <line number="132" hits="1" branch="false" />
                <line number="133" hits="1" branch="false" />
              </lines>
            </method>
            <method name="CleanConsumable" signature="()" line-rate="0.5" branch-rate="1" complexity="0">
              <lines>
                <line number="136" hits="3" branch="false" />
                <line number="137" hits="6" branch="false" />
                <line number="138" hits="0" branch="false" />
                <line number="139" hits="0" branch="false" />
                <line number="140" hits="0" branch="false" />
                <line number="141" hits="0" branch="false" />
                <line number="143" hits="3" branch="false" />
                <line number="144" hits="3" branch="false" />
              </lines>
            </method>
            <method name="StartRunning" signature="()" line-rate="1" branch-rate="1" complexity="0">
              <lines>
                <line number="147" hits="7" branch="false" />
                <line number="148" hits="7" branch="false" />
                <line number="149" hits="7" branch="false" />
                <line number="150" hits="7" branch="false" />
                <line number="151" hits="7" branch="false" />
                <line number="152" hits="7" branch="false" />
                <line number="153" hits="7" branch="false" />
                <line number="154" hits="7" branch="false" />
              </lines>
            </method>
            <method name="StartMoving" signature="()" line-rate="1" branch-rate="1" complexity="0">
              <lines>
                <line number="157" hits="14" branch="false" />
                <line number="158" hits="14" branch="false" />
                <line number="159" hits="14" branch="false" />
              </lines>
            </method>
            <method name="StopMoving" signature="()" line-rate="1" branch-rate="1" complexity="0">
              <lines>
                <line number="162" hits="2" branch="false" />
                <line number="163" hits="2" branch="false" />
                <line number="164" hits="2" branch="false" />
                <line number="165" hits="2" branch="false" />
                <line number="166" hits="2" branch="false" />
                <line number="167" hits="2" branch="false" />
                <line number="168" hits="2" branch="false" />
                <line number="169" hits="2" branch="false" />
              </lines>
            </method>
            <method name="TutorialMoveCheck" signature="(System.Int32)" line-rate="0" branch-rate="1" complexity="NaN">
              <lines>
                <line number="172" hits="0" branch="false" />
                <line number="173" hits="0" branch="false" />
                <line number="175" hits="0" branch="false" />
                <line number="176" hits="0" branch="false" />
              </lines>
            </method>
            <method name="Update" signature="()" line-rate="0.296875" branch-rate="1" complexity="0">
              <lines>
                <line number="179" hits="428" branch="false" />
                <line number="184" hits="428" branch="false" />
                <line number="185" hits="0" branch="false" />
                <line number="186" hits="0" branch="false" />
                <line number="187" hits="0" branch="false" />
                <line number="188" hits="428" branch="false" />
                <line number="189" hits="0" branch="false" />
                <line number="190" hits="0" branch="false" />
                <line number="191" hits="0" branch="false" />
                <line number="192" hits="428" branch="false" />
                <line number="193" hits="0" branch="false" />
                <line number="194" hits="0" branch="false" />
                <line number="195" hits="0" branch="false" />
                <line number="196" hits="428" branch="false" />
                <line number="197" hits="0" branch="false" />
                <line number="198" hits="0" branch="false" />
                <line number="199" hits="0" branch="false" />
                <line number="200" hits="0" branch="false" />
                <line number="256" hits="428" branch="false" />
                <line number="258" hits="428" branch="false" />
                <line number="259" hits="0" branch="false" />
                <line number="262" hits="0" branch="false" />
                <line number="263" hits="0" branch="false" />
                <line number="264" hits="0" branch="false" />
                <line number="265" hits="0" branch="false" />
                <line number="267" hits="0" branch="false" />
                <line number="268" hits="0" branch="false" />
                <line number="269" hits="0" branch="false" />
                <line number="271" hits="428" branch="false" />
                <line number="272" hits="0" branch="false" />
                <line number="273" hits="0" branch="false" />
                <line number="274" hits="0" branch="false" />
                <line number="277" hits="0" branch="false" />
                <line number="278" hits="0" branch="false" />
                <line number="279" hits="0" branch="false" />
                <line number="280" hits="0" branch="false" />
                <line number="281" hits="0" branch="false" />
                <line number="282" hits="0" branch="false" />
                <line number="283" hits="0" branch="false" />
                <line number="285" hits="0" branch="false" />
                <line number="286" hits="0" branch="false" />
                <line number="287" hits="0" branch="false" />
                <line number="288" hits="0" branch="false" />
                <line number="289" hits="0" branch="false" />
                <line number="290" hits="0" branch="false" />
                <line number="291" hits="0" branch="false" />
                <line number="292" hits="0" branch="false" />
                <line number="293" hits="0" branch="false" />
                <line number="294" hits="0" branch="false" />
                <line number="295" hits="0" branch="false" />
                <line number="296" hits="0" branch="false" />
                <line number="297" hits="0" branch="false" />
                <line number="298" hits="0" branch="false" />
                <line number="300" hits="428" branch="false" />
                <line number="304" hits="428" branch="false" />
                <line number="305" hits="4" branch="false" />
                <line number="306" hits="4" branch="false" />
                <line number="307" hits="4" branch="false" />
                <line number="309" hits="424" branch="false" />
                <line number="310" hits="424" branch="false" />
                <line number="311" hits="424" branch="false" />
                <line number="312" hits="424" branch="false" />
                <line number="313" hits="424" branch="false" />
                <line number="314" hits="428" branch="false" />
              </lines>
            </method>
            <method name="Jump" signature="()" line-rate="0" branch-rate="1" complexity="0">
              <lines>
                <line number="317" hits="0" branch="false" />
                <line number="318" hits="0" branch="false" />
                <line number="319" hits="0" branch="false" />
                <line number="321" hits="0" branch="false" />
                <line number="322" hits="0" branch="false" />
                <line number="323" hits="0" branch="false" />
                <line number="324" hits="0" branch="false" />
                <line number="326" hits="0" branch="false" />
                <line number="327" hits="0" branch="false" />
                <line number="328" hits="0" branch="false" />
                <line number="330" hits="0" branch="false" />
                <line number="331" hits="0" branch="false" />
                <line number="332" hits="0" branch="false" />
                <line number="333" hits="0" branch="false" />
                <line number="334" hits="0" branch="false" />
                <line number="335" hits="0" branch="false" />
              </lines>
            </method>
            <method name="StopJumping" signature="()" line-rate="0" branch-rate="1" complexity="0">
              <lines>
                <line number="338" hits="0" branch="false" />
                <line number="339" hits="0" branch="false" />
                <line number="340" hits="0" branch="false" />
                <line number="341" hits="0" branch="false" />
                <line number="342" hits="0" branch="false" />
                <line number="343" hits="0" branch="false" />
                <line number="344" hits="0" branch="false" />
              </lines>
            </method>
            <method name="Slide" signature="()" line-rate="0" branch-rate="1" complexity="0">
              <lines>
                <line number="347" hits="0" branch="false" />
                <line number="348" hits="0" branch="false" />
                <line number="349" hits="0" branch="false" />
                <line number="351" hits="0" branch="false" />
                <line number="352" hits="0" branch="false" />
                <line number="354" hits="0" branch="false" />
                <line number="355" hits="0" branch="false" />
                <line number="357" hits="0" branch="false" />
                <line number="358" hits="0" branch="false" />
                <line number="359" hits="0" branch="false" />
                <line number="361" hits="0" branch="false" />
                <line number="362" hits="0" branch="false" />
                <line number="363" hits="0" branch="false" />
                <line number="364" hits="0" branch="false" />
                <line number="366" hits="0" branch="false" />
                <line number="367" hits="0" branch="false" />
                <line number="368" hits="0" branch="false" />
              </lines>
            </method>
            <method name="StopSliding" signature="()" line-rate="0" branch-rate="1" complexity="0">
              <lines>
                <line number="371" hits="0" branch="false" />
                <line number="372" hits="0" branch="false" />
                <line number="373" hits="0" branch="false" />
                <line number="374" hits="0" branch="false" />
                <line number="375" hits="0" branch="false" />
                <line number="377" hits="0" branch="false" />
                <line number="378" hits="0" branch="false" />
                <line number="379" hits="0" branch="false" />
              </lines>
            </method>
            <method name="ChangeLane" signature="(System.Int32)" line-rate="1" branch-rate="1" complexity="NaN">
              <lines>
                <line number="382" hits="5" branch="false" />
                <line number="383" hits="5" branch="false" />
                <line number="384" hits="1" branch="false" />
                <line number="386" hits="4" branch="false" />
                <line number="388" hits="4" branch="false" />
                <line number="390" hits="3" branch="false" />
                <line number="392" hits="1" branch="false" />
                <line number="393" hits="1" branch="false" />
                <line number="394" hits="5" branch="false" />
              </lines>
            </method>
            <method name="UseInventory" signature="()" line-rate="0" branch-rate="1" complexity="0">
              <lines>
                <line number="397" hits="0" branch="false" />
                <line number="398" hits="0" branch="false" />
                <line number="399" hits="0" branch="false" />
                <line number="400" hits="0" branch="false" />
                <line number="401" hits="0" branch="false" />
                <line number="402" hits="0" branch="false" />
                <line number="403" hits="0" branch="false" />
              </lines>
            </method>
            <method name="UseConsumable" signature="(Consumable)" line-rate="0.533333333333333" branch-rate="1" complexity="NaN">
              <lines>
                <line number="406" hits="3" branch="false" />
                <line number="407" hits="3" branch="false" />
                <line number="409" hits="6" branch="false" />
                <line number="410" hits="0" branch="false" />
                <line number="411" hits="0" branch="false" />
                <line number="412" hits="0" branch="false" />
                <line number="414" hits="0" branch="false" />
                <line number="415" hits="0" branch="false" />
                <line number="416" hits="0" branch="false" />
                <line number="418" hits="0" branch="false" />
                <line number="421" hits="3" branch="false" />
                <line number="422" hits="3" branch="false" />
                <line number="424" hits="3" branch="false" />
                <line number="425" hits="3" branch="false" />
                <line number="426" hits="3" branch="false" />
              </lines>
            </method>
            <method name="CharacterInputController" signature="()" line-rate="0.933333333333333" branch-rate="1" complexity="0">
              <lines>
                <line number="21" hits="7" branch="false" />
                <line number="23" hits="7" branch="false" />
                <line number="27" hits="1065" branch="false" />
                <line number="28" hits="825" branch="false" />
                <line number="29" hits="3279" branch="false" />
                <line number="30" hits="2283" branch="false" />
                <line number="31" hits="0" branch="false" />
                <line number="32" hits="813" branch="false" />
                <line number="35" hits="7" branch="false" />
                <line number="36" hits="7" branch="false" />
                <line number="38" hits="7" branch="false" />
                <line number="52" hits="7" branch="false" />
                <line number="67" hits="7" branch="false" />
                <line number="68" hits="7" branch="false" />
                <line number="70" hits="7" branch="false" />
              </lines>
            </method>
            <method name="CharacterInputController" signature="()" line-rate="0" branch-rate="1" complexity="0">
              <lines>
                <line number="10" hits="0" branch="false" />
                <line number="11" hits="0" branch="false" />
                <line number="12" hits="0" branch="false" />
                <line number="13" hits="0" branch="false" />
                <line number="14" hits="0" branch="false" />
                <line number="15" hits="0" branch="false" />
              </lines>
            </method>
          </methods>
          <lines>
            <line number="10" hits="0" branch="false" />
            <line number="11" hits="0" branch="false" />
            <line number="12" hits="0" branch="false" />
            <line number="13" hits="0" branch="false" />
            <line number="14" hits="0" branch="false" />
            <line number="15" hits="0" branch="false" />
            <line number="21" hits="7" branch="false" />
            <line number="23" hits="7" branch="false" />
            <line number="27" hits="1065" branch="false" />
            <line number="28" hits="825" branch="false" />
            <line number="29" hits="3279" branch="false" />
            <line number="30" hits="2283" branch="false" />
            <line number="31" hits="0" branch="false" />
            <line number="32" hits="813" branch="false" />
            <line number="35" hits="7" branch="false" />
            <line number="36" hits="7" branch="false" />
            <line number="38" hits="7" branch="false" />
            <line number="52" hits="7" branch="false" />
            <line number="67" hits="7" branch="false" />
            <line number="68" hits="7" branch="false" />
            <line number="70" hits="7" branch="false" />
            <line number="80" hits="7" branch="false" />
            <line number="81" hits="7" branch="false" />
            <line number="82" hits="7" branch="false" />
            <line number="83" hits="7" branch="false" />
            <line number="84" hits="7" branch="false" />
            <line number="85" hits="7" branch="false" />
            <line number="86" hits="7" branch="false" />
            <line number="95" hits="8" branch="false" />
            <line number="96" hits="8" branch="false" />
            <line number="97" hits="8" branch="false" />
            <line number="100" hits="2" branch="false" />
            <line number="101" hits="2" branch="false" />
            <line number="102" hits="2" branch="false" />
            <line number="105" hits="8" branch="false" />
            <line number="106" hits="8" branch="false" />
            <line number="107" hits="8" branch="false" />
            <line number="109" hits="8" branch="false" />
            <line number="110" hits="8" branch="false" />
            <line number="112" hits="8" branch="false" />
            <line number="114" hits="8" branch="false" />
            <line number="116" hits="8" branch="false" />
            <line number="117" hits="8" branch="false" />
            <line number="121" hits="8" branch="false" />
            <line number="122" hits="8" branch="false" />
            <line number="123" hits="8" branch="false" />
            <line number="125" hits="8" branch="false" />
            <line number="127" hits="8" branch="false" />
            <line number="128" hits="8" branch="false" />
            <line number="131" hits="1" branch="false" />
            <line number="132" hits="1" branch="false" />
            <line number="133" hits="1" branch="false" />
            <line number="136" hits="3" branch="false" />
            <line number="137" hits="6" branch="false" />
            <line number="138" hits="0" branch="false" />
            <line number="139" hits="0" branch="false" />
            <line number="140" hits="0" branch="false" />
            <line number="141" hits="0" branch="false" />
            <line number="143" hits="3" branch="false" />
            <line number="144" hits="3" branch="false" />
            <line number="147" hits="7" branch="false" />
            <line number="148" hits="7" branch="false" />
            <line number="149" hits="7" branch="false" />
            <line number="150" hits="7" branch="false" />
            <line number="151" hits="7" branch="false" />
            <line number="152" hits="7" branch="false" />
            <line number="153" hits="7" branch="false" />
            <line number="154" hits="7" branch="false" />
            <line number="157" hits="14" branch="false" />
            <line number="158" hits="14" branch="false" />
            <line number="159" hits="14" branch="false" />
            <line number="162" hits="2" branch="false" />
            <line number="163" hits="2" branch="false" />
            <line number="164" hits="2" branch="false" />
            <line number="165" hits="2" branch="false" />
            <line number="166" hits="2" branch="false" />
            <line number="167" hits="2" branch="false" />
            <line number="168" hits="2" branch="false" />
            <line number="169" hits="2" branch="false" />
            <line number="172" hits="0" branch="false" />
            <line number="173" hits="0" branch="false" />
            <line number="175" hits="0" branch="false" />
            <line number="176" hits="0" branch="false" />
            <line number="179" hits="428" branch="false" />
            <line number="184" hits="428" branch="false" />
            <line number="185" hits="0" branch="false" />
            <line number="186" hits="0" branch="false" />
            <line number="187" hits="0" branch="false" />
            <line number="188" hits="428" branch="false" />
            <line number="189" hits="0" branch="false" />
            <line number="190" hits="0" branch="false" />
            <line number="191" hits="0" branch="false" />
            <line number="192" hits="428" branch="false" />
            <line number="193" hits="0" branch="false" />
            <line number="194" hits="0" branch="false" />
            <line number="195" hits="0" branch="false" />
            <line number="196" hits="428" branch="false" />
            <line number="197" hits="0" branch="false" />
            <line number="198" hits="0" branch="false" />
            <line number="199" hits="0" branch="false" />
            <line number="200" hits="0" branch="false" />
            <line number="256" hits="428" branch="false" />
            <line number="258" hits="428" branch="false" />
            <line number="259" hits="0" branch="false" />
            <line number="262" hits="0" branch="false" />
            <line number="263" hits="0" branch="false" />
            <line number="264" hits="0" branch="false" />
            <line number="265" hits="0" branch="false" />
            <line number="267" hits="0" branch="false" />
            <line number="268" hits="0" branch="false" />
            <line number="269" hits="0" branch="false" />
            <line number="271" hits="428" branch="false" />
            <line number="272" hits="0" branch="false" />
            <line number="273" hits="0" branch="false" />
            <line number="274" hits="0" branch="false" />
            <line number="277" hits="0" branch="false" />
            <line number="278" hits="0" branch="false" />
            <line number="279" hits="0" branch="false" />
            <line number="280" hits="0" branch="false" />
            <line number="281" hits="0" branch="false" />
            <line number="282" hits="0" branch="false" />
            <line number="283" hits="0" branch="false" />
            <line number="285" hits="0" branch="false" />
            <line number="286" hits="0" branch="false" />
            <line number="287" hits="0" branch="false" />
            <line number="288" hits="0" branch="false" />
            <line number="289" hits="0" branch="false" />
            <line number="290" hits="0" branch="false" />
            <line number="291" hits="0" branch="false" />
            <line number="292" hits="0" branch="false" />
            <line number="293" hits="0" branch="false" />
            <line number="294" hits="0" branch="false" />
            <line number="295" hits="0" branch="false" />
            <line number="296" hits="0" branch="false" />
            <line number="297" hits="0" branch="false" />
            <line number="298" hits="0" branch="false" />
            <line number="300" hits="428" branch="false" />
            <line number="304" hits="428" branch="false" />
            <line number="305" hits="4" branch="false" />
            <line number="306" hits="4" branch="false" />
            <line number="307" hits="4" branch="false" />
            <line number="309" hits="424" branch="false" />
            <line number="310" hits="424" branch="false" />
            <line number="311" hits="424" branch="false" />
            <line number="312" hits="424" branch="false" />
            <line number="313" hits="424" branch="false" />
            <line number="314" hits="428" branch="false" />
            <line number="317" hits="0" branch="false" />
            <line number="318" hits="0" branch="false" />
            <line number="319" hits="0" branch="false" />
            <line number="321" hits="0" branch="false" />
            <line number="322" hits="0" branch="false" />
            <line number="323" hits="0" branch="false" />
            <line number="324" hits="0" branch="false" />
            <line number="326" hits="0" branch="false" />
            <line number="327" hits="0" branch="false" />
            <line number="328" hits="0" branch="false" />
            <line number="330" hits="0" branch="false" />
            <line number="331" hits="0" branch="false" />
            <line number="332" hits="0" branch="false" />
            <line number="333" hits="0" branch="false" />
            <line number="334" hits="0" branch="false" />
            <line number="335" hits="0" branch="false" />
            <line number="338" hits="0" branch="false" />
            <line number="339" hits="0" branch="false" />
            <line number="340" hits="0" branch="false" />
            <line number="341" hits="0" branch="false" />
            <line number="342" hits="0" branch="false" />
            <line number="343" hits="0" branch="false" />
            <line number="344" hits="0" branch="false" />
            <line number="347" hits="0" branch="false" />
            <line number="348" hits="0" branch="false" />
            <line number="349" hits="0" branch="false" />
            <line number="351" hits="0" branch="false" />
            <line number="352" hits="0" branch="false" />
            <line number="354" hits="0" branch="false" />
            <line number="355" hits="0" branch="false" />
            <line number="357" hits="0" branch="false" />
            <line number="358" hits="0" branch="false" />
            <line number="359" hits="0" branch="false" />
            <line number="361" hits="0" branch="false" />
            <line number="362" hits="0" branch="false" />
            <line number="363" hits="0" branch="false" />
            <line number="364" hits="0" branch="false" />
            <line number="366" hits="0" branch="false" />
            <line number="367" hits="0" branch="false" />
            <line number="368" hits="0" branch="false" />
            <line number="371" hits="0" branch="false" />
            <line number="372" hits="0" branch="false" />
            <line number="373" hits="0" branch="false" />
            <line number="374" hits="0" branch="false" />
            <line number="375" hits="0" branch="false" />
            <line number="377" hits="0" branch="false" />
            <line number="378" hits="0" branch="false" />
            <line number="379" hits="0" branch="false" />
            <line number="382" hits="5" branch="false" />
            <line number="383" hits="5" branch="false" />
            <line number="384" hits="1" branch="false" />
            <line number="386" hits="4" branch="false" />
            <line number="388" hits="4" branch="false" />
            <line number="390" hits="3" branch="false" />
            <line number="392" hits="1" branch="false" />
            <line number="393" hits="1" branch="false" />
            <line number="394" hits="5" branch="false" />
            <line number="397" hits="0" branch="false" />
            <line number="398" hits="0" branch="false" />
            <line number="399" hits="0" branch="false" />
            <line number="400" hits="0" branch="false" />
            <line number="401" hits="0" branch="false" />
            <line number="402" hits="0" branch="false" />
            <line number="403" hits="0" branch="false" />
            <line number="406" hits="3" branch="false" />
            <line number="407" hits="3" branch="false" />
            <line number="409" hits="6" branch="false" />
            <line number="410" hits="0" branch="false" />
            <line number="411" hits="0" branch="false" />
            <line number="412" hits="0" branch="false" />
            <line number="414" hits="0" branch="false" />
            <line number="415" hits="0" branch="false" />
            <line number="416" hits="0" branch="false" />
            <line number="418" hits="0" branch="false" />
            <line number="421" hits="3" branch="false" />
            <line number="422" hits="3" branch="false" />
            <line number="424" hits="3" branch="false" />
            <line number="425" hits="3" branch="false" />
            <line number="426" hits="3" branch="false" />
          </lines>
        </class>
        <class name="Coin" filename="P:/Tests/EndlessRunner_AutomatedTests/Assets/Scripts/Coin.cs" line-rate="1" branch-rate="1" complexity="0">
          <methods>
            <method name="Coin" signature="()" line-rate="1" branch-rate="1" complexity="0">
              <lines>
                <line number="6" hits="2050" branch="false" />
              </lines>
            </method>
          </methods>
          <lines>
            <line number="6" hits="2050" branch="false" />
          </lines>
        </class>
        <class name="CoinMagnet" filename="P:/Tests/EndlessRunner_AutomatedTests/Assets/Scripts/Consumable/Types/CoinMagnet.cs" line-rate="0.666666666666667" branch-rate="1" complexity="0">
          <methods>
            <method name="GetConsumableName" signature="()" line-rate="0" branch-rate="1" complexity="0">
              <lines>
                <line number="10" hits="0" branch="false" />
                <line number="11" hits="0" branch="false" />
                <line number="12" hits="0" branch="false" />
              </lines>
            </method>
            <method name="GetConsumableType" signature="()" line-rate="1" branch-rate="1" complexity="0">
              <lines>
                <line number="15" hits="1" branch="false" />
                <line number="16" hits="1" branch="false" />
                <line number="17" hits="1" branch="false" />
              </lines>
            </method>
            <method name="GetPrice" signature="()" line-rate="0" branch-rate="1" complexity="0">
              <lines>
                <line number="20" hits="0" branch="false" />
                <line number="21" hits="0" branch="false" />
                <line number="22" hits="0" branch="false" />
              </lines>
            </method>
            <method name="GetPremiumCost" signature="()" line-rate="0" branch-rate="1" complexity="0">
              <lines>
                <line number="25" hits="0" branch="false" />
                <line number="26" hits="0" branch="false" />
                <line number="27" hits="0" branch="false" />
              </lines>
            </method>
            <method name="Tick" signature="(CharacterInputController)" line-rate="1" branch-rate="1" complexity="NaN">
              <lines>
                <line number="32" hits="68" branch="false" />
                <line number="33" hits="68" branch="false" />
                <line number="35" hits="68" branch="false" />
                <line number="37" hits="398" branch="false" />
                <line number="38" hits="131" branch="false" />
                <line number="39" hits="131" branch="false" />
                <line number="41" hits="131" branch="false" />
                <line number="42" hits="39" branch="false" />
                <line number="43" hits="39" branch="false" />
                <line number="44" hits="39" branch="false" />
                <line number="45" hits="39" branch="false" />
                <line number="46" hits="131" branch="false" />
                <line number="47" hits="68" branch="false" />
              </lines>
            </method>
            <method name="CoinMagnet" signature="()" line-rate="0.357142857142857" branch-rate="1" complexity="0">
              <lines>
                <line number="6" hits="2" branch="false" />
                <line number="10" hits="0" branch="false" />
                <line number="11" hits="0" branch="false" />
                <line number="12" hits="0" branch="false" />
                <line number="15" hits="1" branch="false" />
                <line number="16" hits="1" branch="false" />
                <line number="17" hits="1" branch="false" />
                <line number="20" hits="0" branch="false" />
                <line number="21" hits="0" branch="false" />
                <line number="22" hits="0" branch="false" />
                <line number="25" hits="0" branch="false" />
                <line number="26" hits="0" branch="false" />
                <line number="27" hits="0" branch="false" />
                <line number="29" hits="2" branch="false" />
              </lines>
            </method>
          </methods>
          <lines>
            <line number="6" hits="2" branch="false" />
            <line number="10" hits="0" branch="false" />
            <line number="11" hits="0" branch="false" />
            <line number="12" hits="0" branch="false" />
            <line number="15" hits="1" branch="false" />
            <line number="16" hits="1" branch="false" />
            <line number="17" hits="1" branch="false" />
            <line number="20" hits="0" branch="false" />
            <line number="21" hits="0" branch="false" />
            <line number="22" hits="0" branch="false" />
            <line number="25" hits="0" branch="false" />
            <line number="26" hits="0" branch="false" />
            <line number="27" hits="0" branch="false" />
            <line number="29" hits="2" branch="false" />
            <line number="32" hits="68" branch="false" />
            <line number="33" hits="68" branch="false" />
            <line number="35" hits="68" branch="false" />
            <line number="37" hits="398" branch="false" />
            <line number="38" hits="131" branch="false" />
            <line number="39" hits="131" branch="false" />
            <line number="41" hits="131" branch="false" />
            <line number="42" hits="39" branch="false" />
            <line number="43" hits="39" branch="false" />
            <line number="44" hits="39" branch="false" />
            <line number="45" hits="39" branch="false" />
            <line number="46" hits="131" branch="false" />
            <line number="47" hits="68" branch="false" />
          </lines>
        </class>
        <class name="Consumable" filename="P:/Tests/EndlessRunner_AutomatedTests/Assets/Scripts/Consumable/Consumable.cs" line-rate="0.5" branch-rate="1" complexity="0">
          <methods>
            <method name="active" signature="()" line-rate="1" branch-rate="1" complexity="NaN">
              <lines>
                <line number="28" hits="372" branch="false" />
              </lines>
            </method>
            <method name="timeActive" signature="()" line-rate="1" branch-rate="1" complexity="NaN">
              <lines>
                <line number="29" hits="360" branch="false" />
              </lines>
            </method>
            <method name="ResetTime" signature="()" line-rate="0" branch-rate="1" complexity="0">
              <lines>
                <line number="44" hits="0" branch="false" />
                <line number="45" hits="0" branch="false" />
                <line number="46" hits="0" branch="false" />
              </lines>
            </method>
            <method name="CanBeUsed" signature="(CharacterInputController)" line-rate="0" branch-rate="1" complexity="NaN">
              <lines>
                <line number="50" hits="0" branch="false" />
                <line number="51" hits="0" branch="false" />
                <line number="52" hits="0" branch="false" />
              </lines>
            </method>
            <method name="Tick" signature="(CharacterInputController)" line-rate="1" branch-rate="1" complexity="NaN">
              <lines>
                <line number="85" hits="123" branch="false" />
                <line number="87" hits="123" branch="false" />
                <line number="88" hits="123" branch="false" />
                <line number="89" hits="1" branch="false" />
                <line number="90" hits="1" branch="false" />
                <line number="91" hits="1" branch="false" />
                <line number="93" hits="123" branch="false" />
              </lines>
            </method>
            <method name="Ended" signature="(CharacterInputController)" line-rate="0.470588235294118" branch-rate="1" complexity="NaN">
              <lines>
                <line number="96" hits="1" branch="false" />
                <line number="97" hits="1" branch="false" />
                <line number="98" hits="0" branch="false" />
                <line number="99" hits="0" branch="false" />
                <line number="100" hits="0" branch="false" />
                <line number="101" hits="0" branch="false" />
                <line number="103" hits="1" branch="false" />
                <line number="104" hits="0" branch="false" />
                <line number="106" hits="4" branch="false" />
                <line number="107" hits="1" branch="false" />
                <line number="108" hits="1" branch="false" />
                <line number="109" hits="0" branch="false" />
                <line number="110" hits="0" branch="false" />
                <line number="111" hits="0" branch="false" />
                <line number="112" hits="0" branch="false" />
                <line number="113" hits="1" branch="false" />
                <line number="114" hits="1" branch="false" />
              </lines>
            </method>
            <method name="Consumable" signature="()" line-rate="1" branch-rate="1" complexity="0">
              <lines>
                <line number="26" hits="6" branch="false" />
                <line number="28" hits="372" branch="false" />
                <line number="29" hits="360" branch="false" />
                <line number="31" hits="6" branch="false" />
              </lines>
            </method>
            <method name="Started" signature="()" line-rate="0.5" branch-rate="1" complexity="0">
              <lines>
                <line number="55" hits="3" branch="false" />
[...]
            <line number="565" hits="61" branch="false" />
            <line number="566" hits="61" branch="false" />
            <line number="567" hits="61" branch="false" />
            <line number="568" hits="61" branch="false" />
            <line number="569" hits="61" branch="false" />
            <line number="570" hits="61" branch="false" />
            <line number="571" hits="61" branch="false" />
            <line number="572" hits="61" branch="false" />
            <line number="573" hits="61" branch="false" />
            <line number="574" hits="61" branch="false" />
            <line number="577" hits="67" branch="false" />
            <line number="578" hits="67" branch="false" />
            <line number="579" hits="67" branch="false" />
            <line number="581" hits="67" branch="false" />
            <line number="582" hits="67" branch="false" />
            <line number="584" hits="67" branch="false" />
            <line number="585" hits="67" branch="false" />
            <line number="587" hits="1009" branch="false" />
            <line number="588" hits="942" branch="false" />
            <line number="591" hits="942" branch="false" />
            <line number="594" hits="942" branch="false" />
            <line number="595" hits="942" branch="false" />
            <line number="596" hits="943" branch="false" />
            <line number="597" hits="1" branch="false" />
            <line number="598" hits="1" branch="false" />
            <line number="599" hits="1" branch="false" />
            <line number="600" hits="0" branch="false" />
            <line number="602" hits="0" branch="false" />
            <line number="603" hits="0" branch="false" />
            <line number="605" hits="1" branch="false" />
            <line number="607" hits="942" branch="false" />
            <line number="609" hits="942" branch="false" />
            <line number="610" hits="942" branch="false" />
            <line number="611" hits="942" branch="false" />
            <line number="614" hits="942" branch="false" />
            <line number="615" hits="942" branch="false" />
            <line number="616" hits="0" branch="false" />
            <line number="617" hits="0" branch="false" />
            <line number="620" hits="0" branch="false" />
            <line number="621" hits="0" branch="false" />
            <line number="623" hits="0" branch="false" />
            <line number="624" hits="0" branch="false" />
            <line number="626" hits="0" branch="false" />
            <line number="627" hits="0" branch="false" />
            <line number="628" hits="0" branch="false" />
            <line number="629" hits="0" branch="false" />
            <line number="630" hits="0" branch="false" />
            <line number="631" hits="0" branch="false" />
            <line number="633" hits="0" branch="false" />
            <line number="634" hits="0" branch="false" />
            <line number="635" hits="0" branch="false" />
            <line number="636" hits="0" branch="false" />
            <line number="637" hits="942" branch="false" />
            <line number="638" hits="0" branch="false" />
            <line number="639" hits="0" branch="false" />
            <line number="640" hits="0" branch="false" />
            <line number="642" hits="0" branch="false" />
            <line number="643" hits="0" branch="false" />
            <line number="644" hits="0" branch="false" />
            <line number="645" hits="0" branch="false" />
            <line number="646" hits="0" branch="false" />
            <line number="647" hits="0" branch="false" />
            <line number="649" hits="0" branch="false" />
            <line number="650" hits="0" branch="false" />
            <line number="651" hits="0" branch="false" />
            <line number="653" hits="942" branch="false" />
            <line number="654" hits="942" branch="false" />
            <line number="655" hits="942" branch="false" />
            <line number="656" hits="942" branch="false" />
            <line number="658" hits="942" branch="false" />
            <line number="659" hits="942" branch="false" />
            <line number="661" hits="942" branch="false" />
            <line number="662" hits="942" branch="false" />
            <line number="663" hits="942" branch="false" />
            <line number="664" hits="942" branch="false" />
            <line number="665" hits="942" branch="false" />
            <line number="667" hits="942" branch="false" />
            <line number="668" hits="942" branch="false" />
            <line number="669" hits="67" branch="false" />
            <line number="670" hits="67" branch="false" />
            <line number="673" hits="88" branch="false" />
            <line number="674" hits="88" branch="false" />
            <line number="675" hits="88" branch="false" />
            <line number="676" hits="88" branch="false" />
          </lines>
        </class>
        <class name="TrackSegment" filename="P:/Tests/EndlessRunner_AutomatedTests/Assets/Scripts/Tracks/TrackSegment.cs" line-rate="0.850746268656716" branch-rate="1" complexity="0">
          <methods>
            <method name="worldLength" signature="()" line-rate="1" branch-rate="1" complexity="NaN">
              <lines>
                <line number="24" hits="3846" branch="false" />
              </lines>
            </method>
            <method name="OnEnable" signature="()" line-rate="1" branch-rate="1" complexity="0">
              <lines>
                <line number="29" hits="72" branch="false" />
                <line number="30" hits="72" branch="false" />
                <line number="32" hits="72" branch="false" />
                <line number="33" hits="72" branch="false" />
                <line number="34" hits="72" branch="false" />
                <line number="36" hits="72" branch="false" />
                <line number="37" hits="72" branch="false" />
                <line number="38" hits="72" branch="false" />
                <line number="39" hits="72" branch="false" />
              </lines>
            </method>
            <method name="GetPointAtInWorldUnit" signature="(System.Single, UnityEngine.Vector3&amp;, UnityEngine.Quaternion&amp;)" line-rate="1" branch-rate="1" complexity="NaN">
              <lines>
                <line number="43" hits="1213" branch="false" />
                <line number="44" hits="1213" branch="false" />
                <line number="45" hits="1213" branch="false" />
                <line number="46" hits="1213" branch="false" />
              </lines>
            </method>
            <method name="GetPointAt" signature="(System.Single, UnityEngine.Vector3&amp;, UnityEngine.Quaternion&amp;)" line-rate="1" branch-rate="1" complexity="NaN">
              <lines>
                <line number="51" hits="60115" branch="false" />
                <line number="52" hits="60115" branch="false" />
                <line number="53" hits="60115" branch="false" />
                <line number="54" hits="60115" branch="false" />
                <line number="55" hits="60115" branch="false" />
                <line number="57" hits="60115" branch="false" />
                <line number="58" hits="60115" branch="false" />
                <line number="59" hits="67" branch="false" />
                <line number="60" hits="67" branch="false" />
                <line number="61" hits="67" branch="false" />
                <line number="62" hits="67" branch="false" />
                <line number="65" hits="60048" branch="false" />
                <line number="67" hits="60048" branch="false" />
                <line number="68" hits="60048" branch="false" />
                <line number="69" hits="60115" branch="false" />
              </lines>
            </method>
            <method name="UpdateWorldLength" signature="()" line-rate="1" branch-rate="1" complexity="0">
              <lines>
                <line number="72" hits="72" branch="false" />
                <line number="73" hits="72" branch="false" />
                <line number="75" hits="288" branch="false" />
                <line number="76" hits="72" branch="false" />
                <line number="77" hits="72" branch="false" />
                <line number="78" hits="72" branch="false" />
                <line number="80" hits="72" branch="false" />
                <line number="81" hits="72" branch="false" />
                <line number="82" hits="72" branch="false" />
                <line number="83" hits="72" branch="false" />
              </lines>
            </method>
            <method name="Cleanup" signature="()" line-rate="0" branch-rate="1" complexity="0">
              <lines>
                <line number="86" hits="0" branch="false" />
                <line number="87" hits="0" branch="false" />
                <line number="88" hits="0" branch="false" />
                <line number="89" hits="0" branch="false" />
                <line number="90" hits="0" branch="false" />
                <line number="91" hits="0" branch="false" />
                <line number="92" hits="0" branch="false" />
                <line number="94" hits="0" branch="false" />
                <line number="95" hits="0" branch="false" />
              </lines>
            </method>
            <method name="OnDrawGizmos" signature="()" line-rate="0.947368421052632" branch-rate="1" complexity="0">
              <lines>
                <line number="99" hits="42299" branch="false" />
                <line number="100" hits="42299" branch="false" />
                <line number="101" hits="0" branch="false" />
                <line number="103" hits="42299" branch="false" />
                <line number="104" hits="42299" branch="false" />
                <line number="105" hits="169196" branch="false" />
                <line number="106" hits="42299" branch="false" />
                <line number="107" hits="42299" branch="false" />
                <line number="108" hits="42299" branch="false" />
                <line number="110" hits="42299" branch="false" />
                <line number="111" hits="42299" branch="false" />
                <line number="113" hits="42299" branch="false" />
                <line number="114" hits="202002" branch="false" />
                <line number="115" hits="58702" branch="false" />
                <line number="118" hits="58702" branch="false" />
                <line number="119" hits="58702" branch="false" />
                <line number="120" hits="58702" branch="false" />
                <line number="122" hits="42299" branch="false" />
                <line number="123" hits="42299" branch="false" />
              </lines>
            </method>
          </methods>
          <lines>
            <line number="24" hits="3846" branch="false" />
            <line number="29" hits="72" branch="false" />
            <line number="30" hits="72" branch="false" />
            <line number="32" hits="72" branch="false" />
            <line number="33" hits="72" branch="false" />
            <line number="34" hits="72" branch="false" />
            <line number="36" hits="72" branch="false" />
            <line number="37" hits="72" branch="false" />
            <line number="38" hits="72" branch="false" />
            <line number="39" hits="72" branch="false" />
            <line number="43" hits="1213" branch="false" />
            <line number="44" hits="1213" branch="false" />
            <line number="45" hits="1213" branch="false" />
            <line number="46" hits="1213" branch="false" />
            <line number="51" hits="60115" branch="false" />
            <line number="52" hits="60115" branch="false" />
            <line number="53" hits="60115" branch="false" />
            <line number="54" hits="60115" branch="false" />
            <line number="55" hits="60115" branch="false" />
            <line number="57" hits="60115" branch="false" />
            <line number="58" hits="60115" branch="false" />
            <line number="59" hits="67" branch="false" />
            <line number="60" hits="67" branch="false" />
            <line number="61" hits="67" branch="false" />
            <line number="62" hits="67" branch="false" />
            <line number="65" hits="60048" branch="false" />
            <line number="67" hits="60048" branch="false" />
            <line number="68" hits="60048" branch="false" />
            <line number="69" hits="60115" branch="false" />
            <line number="72" hits="72" branch="false" />
            <line number="73" hits="72" branch="false" />
            <line number="75" hits="288" branch="false" />
            <line number="76" hits="72" branch="false" />
            <line number="77" hits="72" branch="false" />
            <line number="78" hits="72" branch="false" />
            <line number="80" hits="72" branch="false" />
            <line number="81" hits="72" branch="false" />
            <line number="82" hits="72" branch="false" />
            <line number="83" hits="72" branch="false" />
            <line number="86" hits="0" branch="false" />
            <line number="87" hits="0" branch="false" />
            <line number="88" hits="0" branch="false" />
            <line number="89" hits="0" branch="false" />
            <line number="90" hits="0" branch="false" />
            <line number="91" hits="0" branch="false" />
            <line number="92" hits="0" branch="false" />
            <line number="94" hits="0" branch="false" />
            <line number="95" hits="0" branch="false" />
            <line number="99" hits="42299" branch="false" />
            <line number="100" hits="42299" branch="false" />
            <line number="101" hits="0" branch="false" />
            <line number="103" hits="42299" branch="false" />
            <line number="104" hits="42299" branch="false" />
            <line number="105" hits="169196" branch="false" />
            <line number="106" hits="42299" branch="false" />
            <line number="107" hits="42299" branch="false" />
            <line number="108" hits="42299" branch="false" />
            <line number="110" hits="42299" branch="false" />
            <line number="111" hits="42299" branch="false" />
            <line number="113" hits="42299" branch="false" />
            <line number="114" hits="202002" branch="false" />
            <line number="115" hits="58702" branch="false" />
            <line number="118" hits="58702" branch="false" />
            <line number="119" hits="58702" branch="false" />
            <line number="120" hits="58702" branch="false" />
            <line number="122" hits="42299" branch="false" />
            <line number="123" hits="42299" branch="false" />
          </lines>
        </class>
        <class name="TrackSegmentEditor" filename="P:/Tests/EndlessRunner_AutomatedTests/Assets/Scripts/Tracks/TrackSegment.cs" line-rate="0" branch-rate="1" complexity="0">
          <methods>
            <method name="OnEnable" signature="()" line-rate="0" branch-rate="1" complexity="0">
              <lines>
                <line number="134" hits="0" branch="false" />
                <line number="135" hits="0" branch="false" />
                <line number="136" hits="0" branch="false" />
              </lines>
            </method>
            <method name="OnInspectorGUI" signature="()" line-rate="0" branch-rate="1" complexity="0">
              <lines>
                <line number="139" hits="0" branch="false" />
                <line number="140" hits="0" branch="false" />
                <line number="142" hits="0" branch="false" />
                <line number="143" hits="0" branch="false" />
                <line number="144" hits="0" branch="false" />
                <line number="145" hits="0" branch="false" />
                <line number="147" hits="0" branch="false" />
                <line number="148" hits="0" branch="false" />
                <line number="149" hits="0" branch="false" />
                <line number="150" hits="0" branch="false" />
                <line number="151" hits="0" branch="false" />
                <line number="152" hits="0" branch="false" />
                <line number="153" hits="0" branch="false" />
                <line number="154" hits="0" branch="false" />
                <line number="155" hits="0" branch="false" />
                <line number="156" hits="0" branch="false" />
                <line number="157" hits="0" branch="false" />
                <line number="159" hits="0" branch="false" />
                <line number="160" hits="0" branch="false" />
                <line number="161" hits="0" branch="false" />
                <line number="162" hits="0" branch="false" />
              </lines>
            </method>
          </methods>
          <lines>
            <line number="134" hits="0" branch="false" />
            <line number="135" hits="0" branch="false" />
            <line number="136" hits="0" branch="false" />
            <line number="139" hits="0" branch="false" />
            <line number="140" hits="0" branch="false" />
            <line number="142" hits="0" branch="false" />
            <line number="143" hits="0" branch="false" />
            <line number="144" hits="0" branch="false" />
            <line number="145" hits="0" branch="false" />
            <line number="147" hits="0" branch="false" />
            <line number="148" hits="0" branch="false" />
            <line number="149" hits="0" branch="false" />
            <line number="150" hits="0" branch="false" />
            <line number="151" hits="0" branch="false" />
            <line number="152" hits="0" branch="false" />
            <line number="153" hits="0" branch="false" />
            <line number="154" hits="0" branch="false" />
            <line number="155" hits="0" branch="false" />
            <line number="156" hits="0" branch="false" />
            <line number="157" hits="0" branch="false" />
            <line number="159" hits="0" branch="false" />
            <line number="160" hits="0" branch="false" />
            <line number="161" hits="0" branch="false" />
            <line number="162" hits="0" branch="false" />
          </lines>
        </class>
        <class name="WorldCurver" filename="P:/Tests/EndlessRunner_AutomatedTests/Assets/Scripts/WorldCurver.cs" line-rate="1" branch-rate="1" complexity="0">
          <methods>
            <method name="OnEnable" signature="()" line-rate="1" branch-rate="1" complexity="0">
              <lines>
                <line number="12" hits="7" branch="false" />
                <line number="13" hits="7" branch="false" />
                <line number="14" hits="7" branch="false" />
              </lines>
            </method>
            <method name="Update" signature="()" line-rate="1" branch-rate="1" complexity="0">
              <lines>
                <line number="17" hits="442" branch="false" />
                <line number="18" hits="442" branch="false" />
                <line number="19" hits="442" branch="false" />
              </lines>
            </method>
            <method name="WorldCurver" signature="()" line-rate="1" branch-rate="1" complexity="0">
              <lines>
                <line number="7" hits="7" branch="false" />
              </lines>
            </method>
          </methods>
          <lines>
            <line number="7" hits="7" branch="false" />
            <line number="12" hits="7" branch="false" />
            <line number="13" hits="7" branch="false" />
            <line number="14" hits="7" branch="false" />
            <line number="17" hits="442" branch="false" />
            <line number="18" hits="442" branch="false" />
            <line number="19" hits="442" branch="false" />
          </lines>
        </class>
      </classes>
    </package>
  </packages>
</coverage>