TN:
SF:P:/Tests/EndlessRunner_AutomatedTests/Assets/Scripts/UI/AdsForMission.cs
FN:24,OnEnable()
FN:53,ShowAds()
FN:109,AddNewMission()
FN:20,AdsForMission()
FNDA:1,OnEnable()
FNDA:0,ShowAds()
FNDA:0,AddNewMission()
FNDA:9,AdsForMission()
FNF:4
FNH:2
BRF:0
BRH:0
DA:20,9
DA:21,9
DA:24,1
DA:25,1
DA:26,1
DA:29,1
DA:30,0
DA:31,0
DA:50,1
DA:53,0
DA:76,0
DA:109,0
DA:110,0
DA:111,0
DA:112,0
DA:113,0
LH:7
LF:16
end_of_record
SF:P:/Tests/EndlessRunner_AutomatedTests/Assets/Scripts/Obstacles/AllLaneObstacle.cs
FN:10,Spawn()
FNDA:34,Spawn()
FNF:1
FNH:1
BRF:0
BRH:0
DA:10,34
DA:13,34
DA:14,34
DA:15,34
DA:16,34
DA:17,0
DA:18,0
DA:19,0
DA:21,34
DA:22,34
DA:25,34
DA:26,34
DA:27,34
DA:28,34
LH:11
LF:14
end_of_record
SF:P:/Tests/EndlessRunner_AutomatedTests/Assets/Scripts/Sounds/AssignOutputChannel.cs
FN:13,Awake()
FNDA:85,Awake()
FNF:1
FNH:1
BRF:0
BRH:0
DA:13,85
DA:14,85
DA:16,85
DA:17,0
DA:18,0
DA:19,0
DA:20,0
DA:23,85
DA:25,85
DA:26,0
DA:27,0
DA:28,0
DA:30,328
DA:31,164
DA:32,164
DA:33,85
DA:34,85
DA:35,85
DA:37,79
DA:38,85
LH:13
LF:20
end_of_record
SF:P:/Tests/EndlessRunner_AutomatedTests/Assets/Scripts/Missions/Missions.cs
FN:156,Created()
FN:166,GetMissionDesc()
FN:171,GetMissionType()
FN:176,RunStart(TrackManager)
FN:182,Update(TrackManager)
FN:153,BarrierJumpMission()
FNDA:0,Created()
FNDA:0,GetMissionDesc()
FNDA:0,GetMissionType()
FNDA:0,RunStart(TrackManager)
FNDA:0,Update(TrackManager)
FNDA:0,BarrierJumpMission()
FNF:6
FNH:0
BRF:0
BRH:0
DA:153,0
DA:156,0
DA:157,0
DA:158,0
DA:160,0
DA:161,0
DA:162,0
DA:163,0
DA:166,0
DA:167,0
DA:168,0
DA:171,0
DA:172,0
DA:173,0
DA:176,0
DA:177,0
DA:178,0
DA:179,0
DA:182,0
DA:183,0
DA:184,0
DA:185,0
DA:186,0
DA:188,0
DA:190,0
DA:191,0
DA:192,0
DA:194,0
DA:195,0
DA:196,0
DA:197,0
DA:198,0
DA:199,0
DA:201,0
DA:202,0
DA:203,0
DA:204,0
DA:205,0
LH:0
LF:38
end_of_record
SF:P:/Tests/EndlessRunner_AutomatedTests/Assets/Scripts/Characters/Character.cs
FN:27,SetupAccesory(System.Int32)
FNDA:9,SetupAccesory(System.Int32)
FNF:1
FNH:1
BRF:0
BRH:0
DA:27,9
DA:28,72
DA:29,27
DA:30,27
DA:31,27
DA:32,9
LH:6
LF:6
end_of_record
SF:P:/Tests/EndlessRunner_AutomatedTests/Assets/Scripts/Characters/CharacterCollider.cs
FN:37,deathData()
FN:38,collider()
FN:40,audio()
FN:45,tutorialHitObstacle()
FN:45,tutorialHitObstacle(System.Boolean)
FN:66,Start()
FN:73,Init()
FN:81,Slide(System.Boolean)
FN:95,Update()
FN:104,OnTriggerEnter(UnityEngine.Collider)
FN:187,SetInvincibleExplicit(System.Boolean)
FN:192,SetInvincible(System.Single)
FN:43,CharacterCollider()
FN:13,CharacterCollider()
FN:197,InvincibleTimer()
FNDA:3,deathData()
FNDA:0,collider()
FNDA:12,audio()
FNDA:0,tutorialHitObstacle()
FNDA:0,tutorialHitObstacle(System.Boolean)
FNDA:8,Start()
FNDA:9,Init()
FNDA:0,Slide(System.Boolean)
FNDA:471,Update()
FNDA:57,OnTriggerEnter(UnityEngine.Collider)
FNDA:57,SetInvincibleExplicit(System.Boolean)
FNDA:1,SetInvincible(System.Single)
FNDA:8,CharacterCollider()
FNDA:0,CharacterCollider()
FNDA:1,InvincibleTimer()
FNF:15
FNH:10
BRF:0
BRH:0
DA:13,0
DA:37,3
DA:38,0
DA:40,12
DA:43,8
DA:45,0
DA:56,8
DA:57,8
DA:66,8
DA:67,8
DA:68,8
DA:69,8
DA:70,8
DA:73,9
DA:74,9
DA:76,9
DA:77,9
DA:78,9
DA:81,0
DA:82,0
DA:83,0
DA:84,0
DA:85,0
DA:86,0
DA:88,0
DA:89,0
DA:90,0
DA:91,0
DA:92,0
DA:95,471
DA:97,1278
DA:98,168
DA:99,168
DA:100,168
DA:101,471
DA:104,57
DA:105,57
DA:106,49
DA:107,49
DA:108,48
DA:110,49
DA:111,0
DA:112,0
DA:113,0
DA:114,0
DA:115,0
DA:116,0
DA:118,49
DA:119,49
DA:120,49
DA:121,49
DA:122,49
DA:123,49
DA:124,49
DA:125,8
DA:126,4
DA:127,4
DA:128,2
DA:130,2
DA:132,2
DA:134,2
DA:136,2
DA:137,2
DA:138,2
DA:139,2
DA:141,0
DA:142,0
DA:143,0
DA:145,2
DA:146,0
DA:147,0
DA:148,0
DA:150,2
DA:151,2
DA:152,2
DA:154,2
DA:156,2
DA:157,0
DA:158,0
DA:159,0
DA:160,0
DA:163,2
DA:164,2
DA:166,2
DA:167,2
DA:168,2
DA:169,2
DA:170,2
DA:171,2
DA:172,2
DA:174,2
DA:175,2
DA:176,4
DA:177,4
DA:178,4
DA:179,4
DA:180,4
DA:181,4
DA:182,4
DA:183,4
DA:184,57
DA:187,57
DA:188,57
DA:189,57
DA:192,1
DA:193,1
DA:194,1
DA:197,1
DA:198,1
DA:200,1
DA:201,1
DA:202,1
DA:205,56
DA:206,56
DA:207,56
DA:212,56
DA:213,55
DA:214,55
DA:216,55
DA:217,15
DA:218,15
DA:219,15
DA:220,15
DA:221,55
DA:223,0
DA:225,0
DA:226,0
LH:94
LF:127
end_of_record
SF:P:/Tests/EndlessRunner_AutomatedTests/Assets/Scripts/Characters/CharacterDatabase.cs
FN:13,dictionary()
FN:16,loaded()
FN:19,GetCharacter(System.String)
FN:28,LoadDatabase()
FNDA:0,dictionary()
FNDA:21,loaded()
FNDA:8,GetCharacter(System.String)
FNDA:1,LoadDatabase()
FNF:4
FNH:3
BRF:0
BRH:0
DA:13,0
DA:16,21
DA:19,8
DA:21,8
DA:22,1
DA:24,7
DA:25,8
DA:28,1
DA:29,1
DA:30,1
DA:31,1
DA:33,1
DA:34,2
DA:35,2
DA:36,2
DA:37,2
DA:38,2
DA:39,2
DA:40,2
DA:42,1
DA:43,1
DA:44,1
LH:21
LF:22
end_of_record
SF:P:/Tests/EndlessRunner_AutomatedTests/Assets/Scripts/Characters/CharacterInputController.cs
FN:27,coins()
FN:27,coins(System.Int32)
FN:28,premium()
FN:28,premium(System.Int32)
FN:29,currentLife()
FN:29,currentLife(System.Int32)
FN:30,consumables()
FN:31,isJumping()
FN:32,isSliding()
FN:80,Awake()
FN:95,CheatInvincible(System.Boolean)
FN:100,IsCheatInvincible()
FN:105,Init()
FN:121,Begin()
FN:131,End()
FN:136,CleanConsumable()
FN:147,StartRunning()
FN:157,StartMoving()
FN:162,StopMoving()
FN:172,TutorialMoveCheck(System.Int32)
FN:179,Update()
FN:317,Jump()
FN:338,StopJumping()
FN:347,Slide()
FN:371,StopSliding()
FN:382,ChangeLane(System.Int32)
FN:397,UseInventory()
FN:406,UseConsumable(Consumable)
FN:21,CharacterInputController()
FN:10,CharacterInputController()
FNDA:1251,coins()
FNDA:1251,coins(System.Int32)
FNDA:957,premium()
FNDA:957,premium(System.Int32)
FNDA:3801,currentLife()
FNDA:3801,currentLife(System.Int32)
FNDA:2820,consumables()
FNDA:0,isJumping()
FNDA:846,isSliding()
FNDA:8,Awake()
FNDA:9,CheatInvincible(System.Boolean)
FNDA:2,IsCheatInvincible()
FNDA:9,Init()
FNDA:9,Begin()
FNDA:1,End()
FNDA:3,CleanConsumable()
FNDA:8,StartRunning()
FNDA:16,StartMoving()
FNDA:2,StopMoving()
FNDA:0,TutorialMoveCheck(System.Int32)
FNDA:471,Update()
FNDA:0,Jump()
FNDA:0,StopJumping()
FNDA:0,Slide()
FNDA:0,StopSliding()
FNDA:5,ChangeLane(System.Int32)
FNDA:0,UseInventory()
FNDA:4,UseConsumable(Consumable)
FNDA:8,CharacterInputController()
FNDA:0,CharacterInputController()
FNF:30
FNH:22
BRF:0
BRH:0
DA:10,0
DA:11,0
DA:12,0
DA:13,0
DA:14,0
DA:15,0
DA:21,8
DA:23,8
DA:27,1251
DA:28,957
DA:29,3801
DA:30,2820
DA:31,0
DA:32,846
DA:35,8
DA:36,8
DA:38,8
DA:52,8
DA:67,8
DA:68,8
DA:70,8
DA:80,8
DA:81,8
DA:82,8
DA:83,8
DA:84,8
DA:85,8
DA:86,8
DA:95,9
DA:96,9
DA:97,9
DA:100,2
DA:101,2
DA:102,2
DA:105,9
DA:106,9
DA:107,9
DA:109,9
DA:110,9
DA:112,9
DA:114,9
DA:116,9
DA:117,9
DA:121,9
DA:122,9
DA:123,9
DA:125,9
DA:127,9
DA:128,9
DA:131,1
DA:132,1
DA:133,1
DA:136,3
DA:137,6
DA:138,0
DA:139,0
DA:140,0
DA:141,0
DA:143,3
DA:144,3
DA:147,8
DA:148,8
DA:149,8
DA:150,8
DA:151,8
DA:152,8
DA:153,8
DA:154,8
DA:157,16
DA:158,16
DA:159,16
DA:162,2
DA:163,2
DA:164,2
DA:165,2
DA:166,2
DA:167,2
DA:168,2
DA:169,2
DA:172,0
DA:173,0
DA:175,0
DA:176,0
DA:179,471
DA:184,471
DA:185,0
DA:186,0
DA:187,0
DA:188,471
DA:189,0
DA:190,0
DA:191,0
DA:192,471
DA:193,0
DA:194,0
DA:195,0
DA:196,471
DA:197,0
DA:198,0
DA:199,0
DA:200,0
DA:256,471
DA:258,471
DA:259,0
DA:262,0
DA:263,0
DA:264,0
DA:265,0
DA:267,0
DA:268,0
DA:269,0
DA:271,471
DA:272,0
DA:273,0
DA:274,0
DA:277,0
DA:278,0
DA:279,0
DA:280,0
DA:281,0
DA:282,0
DA:283,0
DA:285,0
DA:286,0
DA:287,0
DA:288,0
DA:289,0
DA:290,0
DA:291,0
DA:292,0
DA:293,0
DA:294,0
DA:295,0
DA:296,0
DA:297,0
DA:298,0
DA:300,471
DA:304,471
DA:305,4
DA:306,4
DA:307,4
DA:309,467
DA:310,467
DA:311,467
DA:312,467
DA:313,467
DA:314,471
DA:317,0
DA:318,0
DA:319,0
DA:321,0
DA:322,0
DA:323,0
DA:324,0
DA:326,0
DA:327,0
DA:328,0
DA:330,0
DA:331,0
DA:332,0
DA:333,0
DA:334,0
DA:335,0
DA:338,0
DA:339,0
DA:340,0
DA:341,0
DA:342,0
DA:343,0
DA:344,0
DA:347,0
DA:348,0
DA:349,0
DA:351,0
DA:352,0
DA:354,0
DA:355,0
DA:357,0
DA:358,0
DA:359,0
DA:361,0
DA:362,0
DA:363,0
DA:364,0
DA:366,0
DA:367,0
DA:368,0
DA:371,0
DA:372,0
DA:373,0
DA:374,0
DA:375,0
DA:377,0
DA:378,0
DA:379,0
DA:382,5
DA:383,5
DA:384,1
DA:386,4
DA:388,4
DA:390,3
DA:392,1
DA:393,1
DA:394,5
DA:397,0
DA:398,0
DA:399,0
DA:400,0
DA:401,0
DA:402,0
DA:403,0
DA:406,4
DA:407,4
DA:409,8
DA:410,0
DA:411,0
DA:412,0
DA:414,0
DA:415,0
DA:416,0
DA:418,0
DA:421,4
DA:422,4
DA:424,4
DA:425,4
DA:426,4
LH:104
LF:226
end_of_record
SF:P:/Tests/EndlessRunner_AutomatedTests/Assets/Scripts/Coin.cs
FN:6,Coin()
FNDA:2306,Coin()
FNF:1
FNH:1
BRF:0
BRH:0
DA:6,2306
LH:1
LF:1
end_of_record
SF:P:/Tests/EndlessRunner_AutomatedTests/Assets/Scripts/Consumable/Types/CoinMagnet.cs
FN:10,GetConsumableName()
FN:15,GetConsumableType()
FN:20,GetPrice()
FN:25,GetPremiumCost()
FN:32,Tick(CharacterInputController)
FN:6,CoinMagnet()
FNDA:0,GetConsumableName()
FNDA:1,GetConsumableType()
FNDA:0,GetPrice()
FNDA:0,GetPremiumCost()
FNDA:67,Tick(CharacterInputController)
FNDA:2,CoinMagnet()
FNF:6
FNH:3
BRF:0
BRH:0
DA:6,2
DA:10,0
DA:11,0
DA:12,0
DA:15,1
DA:16,1
DA:17,1
DA:20,0
DA:21,0
DA:22,0
DA:25,0
DA:26,0
DA:27,0
DA:29,2
DA:32,67
DA:33,67
DA:35,67
DA:37,470
DA:38,168
DA:39,168
DA:41,168
DA:42,48
DA:43,48
DA:44,48
DA:45,48
DA:46,168
DA:47,67
LH:18
LF:27
end_of_record
SF:P:/Tests/EndlessRunner_AutomatedTests/Assets/Scripts/Consumable/Consumable.cs
FN:28,active()
FN:29,timeActive()
FN:44,ResetTime()
FN:50,CanBeUsed(CharacterInputController)
FN:85,Tick(CharacterInputController)
FN:96,Ended(CharacterInputController)
FN:26,Consumable()
FN:55,Started()
FN:79,TimedRelease()
FNDA:474,active()
FNDA:459,timeActive()
FNDA:0,ResetTime()
FNDA:0,CanBeUsed(CharacterInputController)
FNDA:157,Tick(CharacterInputController)
FNDA:1,Ended(CharacterInputController)
FNDA:8,Consumable()
FNDA:4,Started()
FNDA:0,TimedRelease()
FNF:9
FNH:6
BRF:0
BRH:0
DA:26,8
DA:28,474
DA:29,459
DA:31,8
DA:44,0
DA:45,0
DA:46,0
DA:50,0
DA:51,0
DA:52,0
DA:55,4
DA:56,4
DA:58,4
DA:59,2
DA:60,2
DA:61,2
DA:62,2
DA:64,4
DA:65,0
DA:67,0
DA:68,0
DA:69,0
DA:70,0
DA:71,0
DA:73,0
DA:74,0
DA:75,0
DA:76,4
DA:79,0
DA:80,0
DA:81,0
DA:82,0
DA:85,157
DA:87,157
DA:88,157
DA:89,1
DA:90,1
DA:91,1
DA:93,157
DA:96,1
DA:97,1
DA:98,0
DA:99,0
DA:100,0
DA:101,0
DA:103,1
DA:104,0
DA:106,4
DA:107,1
DA:108,1
DA:109,0
DA:110,0
DA:111,0
DA:112,0
DA:113,1
DA:114,1
LH:28
LF:56
end_of_record
SF:P:/Tests/EndlessRunner_AutomatedTests/Assets/Scripts/Consumable/ConsumableDatabase.cs
FN:16,Load()
FN:29,GetConsumbale(Consumable/ConsumableType)
FNDA:9,Load()
FNDA:0,GetConsumbale(Consumable/ConsumableType)
FNF:2
FNH:1
BRF:0
BRH:0
DA:16,9
DA:17,9
DA:18,1
DA:19,1
DA:21,10
DA:22,4
DA:23,4
DA:24,4
DA:25,1
DA:26,9
DA:29,0
DA:31,0
DA:32,0
LH:10
LF:13
end_of_record
SF:P:/Tests/EndlessRunner_AutomatedTests/Assets/Scripts/CoroutineHandler.cs
FN:14,instance()
FN:27,OnDisable()
FN:33,StartStaticCoroutine(System.Collections.IEnumerator)
FNDA:11,instance()
FNDA:0,OnDisable()
FNDA:11,StartStaticCoroutine(System.Collections.IEnumerator)
FNF:3
FNH:2
BRF:0
BRH:0
DA:14,11
DA:15,11
DA:16,1
DA:17,1
DA:18,1
DA:19,1
DA:20,1
DA:22,11
DA:23,11
DA:27,0
DA:28,0
DA:29,0
DA:30,0
DA:33,11
DA:34,11
DA:35,11
LH:12
LF:16
end_of_record
SF:P:/Tests/EndlessRunner_AutomatedTests/Assets/Scripts/Sounds/CountdownSound.cs
FN:11,OnEnable()
FN:18,Update()
FNDA:9,OnEnable()
FNDA:424,Update()
FNF:2
FNH:2
BRF:0
BRH:0
DA:11,9
DA:12,9
DA:13,9
DA:14,9
DA:15,9
DA:18,424
DA:19,424
DA:21,424
DA:22,0
DA:23,424
LH:9
LF:10
end_of_record
SF:P:/Tests/EndlessRunner_AutomatedTests/Assets/Scripts/UI/Settings/DataDeleteConfirmation.cs
FN:8,Open(LoadoutState)
FN:14,Close()
FN:19,Confirm()
FN:27,Deny()
FNDA:0,Open(LoadoutState)
FNDA:0,Close()
FNDA:0,Confirm()
FNDA:0,Deny()
FNF:4
FNH:0
BRF:0
BRH:0
DA:8,0
DA:9,0
DA:10,0
DA:11,0
DA:14,0
DA:15,0
DA:16,0
DA:19,0
DA:20,0
DA:21,0
DA:22,0
DA:23,0
DA:24,0
DA:27,0
DA:28,0
DA:29,0
LH:0
LF:16
end_of_record
SF:P:/Tests/EndlessRunner_AutomatedTests/Assets/Scripts/Consumable/Types/ExtraLife.cs
FN:11,GetConsumableName()
FN:16,GetConsumableType()
FN:21,GetPrice()
FN:26,GetPremiumCost()
FN:31,CanBeUsed(CharacterInputController)
FN:39,Started()
FNDA:0,GetConsumableName()
FNDA:1,GetConsumableType()
FNDA:0,GetPrice()
FNDA:0,GetPremiumCost()
FNDA:0,CanBeUsed(CharacterInputController)
FNDA:1,Started()
FNF:6
FNH:2
BRF:0
BRH:0
DA:11,0
DA:12,0
DA:13,0
DA:16,1
DA:17,1
DA:18,1
DA:21,0
DA:22,0
DA:23,0
DA:26,0
DA:27,0
DA:28,0
DA:31,0
DA:32,0
DA:33,0
DA:35,0
DA:36,0
DA:39,1
DA:40,1
DA:41,1
DA:42,1
DA:44,0
DA:45,1
LH:8
LF:23
end_of_record
SF:P:/Tests/EndlessRunner_AutomatedTests/Assets/Scripts/GameManager/GameManager.cs
FN:12,instance()
FN:16,topState()
FN:24,OnEnable()
FN:49,Update()
FN:57,OnApplicationQuit()
FN:73,SwitchState(System.String)
FN:88,FindState(System.String)
FN:99,PopState()
FN:112,PushState(System.String)
FN:20,GameManager()
FNDA:6,instance()
FNDA:4,topState()
FNDA:8,OnEnable()
FNDA:487,Update()
FNDA:0,OnApplicationQuit()
FNDA:10,SwitchState(System.String)
FNDA:10,FindState(System.String)
FNDA:0,PopState()
FNDA:8,PushState(System.String)
FNDA:8,GameManager()
FNF:10
FNH:8
BRF:0
BRH:0
DA:12,6
DA:16,4
DA:20,8
DA:21,8
DA:24,8
DA:25,8
DA:27,8
DA:29,8
DA:32,8
DA:34,8
DA:35,0
DA:37,64
DA:38,24
DA:39,24
DA:40,24
DA:41,24
DA:43,8
DA:45,8
DA:46,8
DA:49,487
DA:50,487
DA:51,487
DA:52,487
DA:53,487
DA:54,487
DA:57,0
DA:69,0
DA:73,10
DA:74,10
DA:75,10
DA:76,0
DA:77,0
DA:78,0
DA:81,10
DA:82,10
DA:83,10
DA:84,10
DA:85,10
DA:88,10
DA:90,10
DA:91,0
DA:92,0
DA:95,10
DA:96,10
DA:99,0
DA:100,0
DA:101,0
DA:102,0
DA:103,0
DA:106,0
DA:107,0
DA:108,0
DA:109,0
DA:112,8
DA:114,8
DA:115,0
DA:116,0
DA:117,0
DA:120,8
DA:121,0
DA:122,0
DA:123,0
DA:124,0
DA:126,8
DA:127,8
DA:128,8
DA:129,8
DA:130,8
LH:44
LF:68
end_of_record
SF:P:/Tests/EndlessRunner_AutomatedTests/Assets/Scripts/GameManager/GameOverState.cs
FN:25,Enter(AState)
FN:48,Exit(AState)
FN:54,GetName()
FN:59,Tick()
FN:64,OpenLeaderboard()
FN:74,GoToStore()
FN:80,GoToLoadout()
FN:86,RunAgain()
FN:92,CreditCoins()
FN:132,FinishRun()
FNDA:1,Enter(AState)
FNDA:1,Exit(AState)
FNDA:8,GetName()
FNDA:47,Tick()
FNDA:0,OpenLeaderboard()
FNDA:0,GoToStore()
FNDA:0,GoToLoadout()
FNDA:1,RunAgain()
FNDA:1,CreditCoins()
FNDA:1,FinishRun()
FNF:10
FNH:7
BRF:0
BRH:0
DA:25,1
DA:26,1
DA:28,1
DA:30,1
DA:31,1
DA:33,1
DA:34,1
DA:36,0
DA:38,1
DA:40,1
DA:41,1
DA:42,1
DA:43,1
DA:44,1
DA:45,1
DA:48,1
DA:49,1
DA:50,1
DA:51,1
DA:54,8
DA:55,8
DA:56,8
DA:59,47
DA:61,47
DA:64,0
DA:65,0
DA:66,0
DA:67,0
DA:68,0
DA:70,0
DA:71,0
DA:74,0
DA:75,0
DA:76,0
DA:80,0
DA:81,0
DA:82,0
DA:83,0
DA:86,1
DA:87,1
DA:88,1
DA:89,1
DA:92,1
DA:93,1
DA:129,1
DA:132,1
DA:133,1
DA:134,0
DA:135,0
DA:136,0
DA:138,1
DA:139,1
DA:140,1
DA:142,1
DA:144,1
DA:158,1
DA:160,1
DA:161,1
LH:40
LF:58
end_of_record
SF:P:/Tests/EndlessRunner_AutomatedTests/Assets/Scripts/GameManager/GameState.cs
FN:89,Enter(AState)
FN:111,Exit(AState)
FN:118,StartGame()
FN:179,GetName()
FN:184,Tick()
FN:283,OnApplicationPause(System.Boolean)
FN:288,OnApplicationFocus(System.Boolean)
FN:293,Pause(System.Boolean)
FN:309,Resume()
FN:323,QuitToLoadout()
FN:334,UpdateUI()
FN:396,ClearPowerup()
FN:409,OpenGameOverPopup()
FN:420,GameOver()
FN:425,PremiumForLife()
FN:444,SecondWind()
FN:451,ShowRewardedAd()
FN:516,TutorialCheckObstacleClear()
FN:562,DisplayTutorial(System.Boolean)
FN:596,FinishTutorial()
FN:59,GameState()
FN:21,GameState()
FN:378,WaitForGameOver()
FNDA:9,Enter(AState)
FNDA:1,Exit(AState)
FNDA:9,StartGame()
FNDA:8,GetName()
FNDA:424,Tick()
FNDA:0,OnApplicationPause(System.Boolean)
FNDA:0,OnApplicationFocus(System.Boolean)
FNDA:1,Pause(System.Boolean)
FNDA:1,Resume()
FNDA:0,QuitToLoadout()
FNDA:308,UpdateUI()
FNDA:2,ClearPowerup()
FNDA:1,OpenGameOverPopup()
FNDA:1,GameOver()
FNDA:0,PremiumForLife()
FNDA:0,SecondWind()
FNDA:0,ShowRewardedAd()
FNDA:0,TutorialCheckObstacleClear()
FNDA:0,DisplayTutorial(System.Boolean)
FNDA:0,FinishTutorial()
FNDA:8,GameState()
FNDA:0,GameState()
FNDA:2,WaitForGameOver()
FNF:23
FNH:13
BRF:0
BRH:0
DA:21,0
DA:59,8
DA:61,8
DA:65,8
DA:69,8
DA:75,8
DA:76,8
DA:78,8
DA:81,8
DA:82,8
DA:84,8
DA:85,8
DA:86,8
DA:89,9
DA:90,9
DA:92,9
DA:93,72
DA:94,27
DA:95,27
DA:96,27
DA:98,9
DA:99,9
DA:100,9
DA:101,9
DA:102,9
DA:104,9
DA:105,9
DA:107,9
DA:108,9
DA:111,1
DA:112,1
DA:114,1
DA:115,1
DA:118,9
DA:119,9
DA:120,9
DA:121,9
DA:122,9
DA:123,9
DA:125,9
DA:126,9
DA:127,9
DA:128,9
DA:129,9
DA:131,9
DA:132,9
DA:133,9
DA:134,9
DA:135,9
DA:137,9
DA:139,9
DA:140,9
DA:142,9
DA:143,0
DA:144,0
DA:145,0
DA:147,0
DA:148,0
DA:149,0
DA:150,0
DA:151,0
DA:152,0
DA:153,0
DA:154,0
DA:156,0
DA:157,0
DA:158,0
DA:160,0
DA:161,0
DA:162,0
DA:163,0
DA:164,0
DA:165,0
DA:167,0
DA:168,0
DA:169,0
DA:170,0
DA:172,9
DA:173,9
DA:175,9
DA:176,9
DA:179,8
DA:180,8
DA:181,8
DA:184,424
DA:185,424
DA:186,108
DA:204,108
DA:207,108
DA:210,316
DA:211,308
DA:212,308
DA:214,308
DA:216,308
DA:217,2
DA:218,2
DA:219,2
DA:220,2
DA:221,2
DA:222,2
DA:223,2
DA:226,308
DA:227,308
DA:229,930
DA:230,157
DA:231,157
DA:232,314
DA:233,153
DA:234,153
DA:235,153
DA:236,153
DA:237,153
DA:239,0
DA:241,157
DA:242,157
DA:243,1
DA:244,1
DA:245,1
DA:246,1
DA:247,156
DA:248,3
DA:250,3
DA:252,3
DA:254,3
DA:255,3
DA:257,3
DA:258,3
DA:259,157
DA:261,618
DA:262,1
DA:263,1
DA:265,1
DA:266,1
DA:267,0
DA:269,1
DA:270,1
DA:271,1
DA:273,308
DA:274,0
DA:276,308
DA:278,308
DA:279,308
DA:280,424
DA:283,0
DA:284,0
DA:285,0
DA:288,0
DA:289,0
DA:290,0
DA:293,1
DA:295,1
DA:296,0
DA:298,1
DA:299,1
DA:301,1
DA:302,1
DA:303,1
DA:304,1
DA:305,1
DA:306,1
DA:309,1
DA:310,1
DA:311,1
DA:312,1
DA:313,1
DA:314,1
DA:315,0
DA:316,0
DA:317,0
DA:319,1
DA:320,1
DA:323,0
DA:325,0
DA:326,0
DA:327,0
DA:328,0
DA:329,0
DA:330,0
DA:331,0
DA:334,308
DA:335,308
DA:336,308
DA:338,2464
DA:339,924
DA:341,924
DA:342,885
DA:343,885
DA:344,885
DA:346,39
DA:347,39
DA:348,39
DA:349,924
DA:351,308
DA:352,308
DA:354,308
DA:356,308
DA:357,45
DA:358,45
DA:359,45
DA:360,45
DA:361,45
DA:363,263
DA:364,263
DA:365,263
DA:368,308
DA:369,0
DA:370,0
DA:371,0
DA:372,0
DA:374,308
DA:375,308
DA:378,2
DA:379,2
DA:380,2
DA:383,2
DA:385,2
DA:386,1
DA:387,1
DA:388,1
DA:389,0
DA:391,1
DA:392,1
DA:393,1
DA:396,2
DA:397,4
DA:398,0
DA:399,0
DA:400,0
DA:401,0
DA:403,2
DA:405,2
DA:406,2
DA:409,1
DA:410,1
DA:412,1
DA:414,1
DA:416,1
DA:417,1
DA:420,1
DA:421,1
DA:422,1
DA:425,0
DA:429,0
DA:430,0
DA:432,0
DA:434,0
DA:438,0
DA:440,0
DA:441,0
DA:444,0
DA:445,0
DA:446,0
DA:447,0
DA:448,0
DA:451,0
DA:452,0
DA:453,0
DA:455,0
DA:479,0
DA:481,0
DA:516,0
DA:517,0
DA:518,0
DA:520,0
DA:521,0
DA:522,0
DA:523,0
DA:524,0
DA:526,0
DA:527,0
DA:529,0
DA:530,0
DA:531,0
DA:533,0
DA:534,0
DA:535,0
DA:536,0
DA:537,0
DA:539,0
DA:541,0
DA:542,0
DA:543,0
DA:544,0
DA:545,0
DA:546,0
DA:548,0
DA:550,0
DA:551,0
DA:552,0
DA:553,0
DA:554,0
DA:555,0
DA:556,0
DA:557,0
DA:558,0
DA:559,0
DA:562,0
DA:563,0
DA:564,0
DA:566,0
DA:567,0
DA:568,0
DA:570,0
DA:573,0
DA:574,0
DA:575,0
DA:577,0
DA:578,0
DA:579,0
DA:581,0
DA:582,0
DA:583,0
DA:585,0
DA:586,0
DA:587,0
DA:588,0
DA:590,0
DA:592,0
DA:596,0
DA:597,0
DA:598,0
DA:600,0
DA:601,0
LH:186
LF:323
end_of_record
SF:P:/Tests/EndlessRunner_AutomatedTests/Assets/Scripts/Helpers.cs
FN:8,SetRendererLayerRecursive(UnityEngine.GameObject, System.Int32)
FNDA:7,SetRendererLayerRecursive(UnityEngine.GameObject, System.Int32)
FNF:1
FNH:1
BRF:0
BRH:0
DA:8,7
DA:9,7
DA:11,70
DA:12,28
DA:13,28
DA:14,28
DA:15,7
LH:7
LF:7
end_of_record
SF:P:/Tests/EndlessRunner_AutomatedTests/Assets/Scripts/PlayerData.cs
FN:17,CompareTo(HighscoreEntry)
FNDA:4,CompareTo(HighscoreEntry)
FNF:1
FNH:1
BRF:0
BRH:0
DA:17,4
DA:19,4
DA:20,4
LH:3
LF:3
end_of_record
SF:P:/Tests/EndlessRunner_AutomatedTests/Assets/Scripts/Consumable/Types/Invincibility.cs
FN:8,GetConsumableName()
FN:13,GetConsumableType()
FN:18,GetPrice()
FN:23,GetPremiumCost()
FN:28,Tick(CharacterInputController)
FN:41,Ended(CharacterInputController)
FN:35,Started()
FNDA:0,GetConsumableName()
FNDA:1,GetConsumableType()
FNDA:0,GetPrice()
FNDA:0,GetPremiumCost()
FNDA:57,Tick(CharacterInputController)
FNDA:0,Ended(CharacterInputController)
FNDA:1,Started()
FNF:7
FNH:3
BRF:0
BRH:0
DA:8,0
DA:9,0
DA:10,0
DA:13,1
DA:14,1
DA:15,1
DA:18,0
DA:19,0
DA:20,0
DA:23,0
DA:24,0
DA:25,0
DA:28,57
DA:29,57
DA:31,57
DA:32,57
DA:35,1
DA:36,1
DA:37,1
DA:38,1
DA:41,0
DA:42,0
DA:43,0
DA:44,0
LH:11
LF:24
end_of_record
SF:P:/Tests/EndlessRunner_AutomatedTests/Assets/Scripts/UI/Leaderboard.cs
FN:14,Open()
FN:21,Close()
FN:26,Populate()
FN:11,Leaderboard()
FNDA:0,Open()
FNDA:0,Close()
FNDA:1,Populate()
FNDA:16,Leaderboard()
FNF:4
FNH:2
BRF:0
BRH:0
DA:11,16
DA:14,0
DA:15,0
DA:17,0
DA:18,0
DA:21,0
DA:22,0
DA:23,0
DA:26,1
DA:28,1
DA:29,14
DA:30,6
DA:31,6
DA:32,6
DA:35,1
DA:36,1
DA:37,1
DA:39,1
DA:40,1
DA:41,1
DA:42,1
DA:43,1
DA:45,1
DA:46,0
DA:47,0
DA:48,0
DA:49,0
DA:51,1
DA:52,0
DA:54,1
DA:56,14
DA:57,6
DA:58,6
DA:60,6
DA:61,1
DA:63,1
DA:66,5
DA:67,5
DA:68,5
DA:69,5
DA:70,5
DA:71,5
DA:73,5
DA:74,5
DA:76,0
DA:77,5
DA:80,1
DA:81,1
DA:83,1
DA:84,1
LH:37
LF:50
end_of_record
SF:P:/Tests/EndlessRunner_AutomatedTests/Assets/Scripts/LevelLoader.cs
FN:7,LoadLevel(System.String)
FNDA:0,LoadLevel(System.String)
FNF:1
FNH:0
BRF:0
BRH:0
DA:7,0
DA:8,0
DA:9,0
LH:0
LF:3
end_of_record
SF:P:/Tests/EndlessRunner_AutomatedTests/Assets/Scripts/UI/LicenceDisplayer.cs
FN:6,Start()
FN:17,Accepted()
FN:24,Refuse()
FN:29,Close()
FNDA:0,Start()
FNDA:0,Accepted()
FNDA:0,Refuse()
FNDA:0,Close()
FNF:4
FNH:0
BRF:0
BRH:0
DA:6,0
DA:7,0
DA:9,0
DA:10,0
DA:12,0
DA:13,0
DA:14,0
DA:17,0
DA:18,0
DA:19,0
DA:20,0
DA:21,0
DA:24,0
DA:25,0
DA:26,0
DA:29,0
DA:30,0
DA:31,0
LH:0
LF:18
end_of_record
SF:P:/Tests/EndlessRunner_AutomatedTests/Assets/Scripts/GameManager/Modifier.cs
FN:38,OnRunTick(GameState)
FN:46,OnRunStart(GameState)
FN:51,OnRunEnd(GameState)
FN:32,LimitedLengthRun(System.Single)
FNDA:0,OnRunTick(GameState)
FNDA:0,OnRunStart(GameState)
FNDA:0,OnRunEnd(GameState)
FNDA:0,LimitedLengthRun(System.Single)
FNF:4
FNH:0
BRF:0
BRH:0
DA:32,0
DA:33,0
DA:34,0
DA:35,0
DA:38,0
DA:39,0
DA:40,0
DA:41,0
DA:42,0
DA:43,0
DA:46,0
DA:48,0
DA:51,0
DA:52,0
DA:53,0
DA:54,0
LH:0
LF:16
end_of_record
SF:P:/Tests/EndlessRunner_AutomatedTests/Assets/Scripts/GameManager/LoadoutState.cs
FN:75,Enter(AState)
FN:113,Exit(AState)
FN:142,Refresh()
FN:150,GetName()
FN:155,Tick()
FN:179,GoToStore()
FN:184,ChangeCharacter(System.Int32)
FN:195,ChangeAccessory(System.Int32)
FN:211,ChangeTheme(System.Int32)
FN:313,SetupAccessory()
FN:331,PopulatePowerup()
FN:357,ChangeConsumable(System.Int32)
FN:384,UnequipPowerup()
FN:390,SetModifier(Modifier)
FN:395,StartGame()
FN:409,Openleaderboard()
FN:58,LoadoutState()
FN:239,PopulateCharacters()
FN:222,PopulateTheme()
FNDA:8,Enter(AState)
FNDA:8,Exit(AState)
FNDA:8,Refresh()
FNDA:16,GetName()
FNDA:16,Tick()
FNDA:0,GoToStore()
FNDA:0,ChangeCharacter(System.Int32)
FNDA:0,ChangeAccessory(System.Int32)
FNDA:0,ChangeTheme(System.Int32)
FNDA:0,SetupAccessory()
FNDA:8,PopulatePowerup()
FNDA:0,ChangeConsumable(System.Int32)
FNDA:0,UnequipPowerup()
FNDA:0,SetModifier(Modifier)
FNDA:8,StartGame()
FNDA:0,Openleaderboard()
FNDA:8,LoadoutState()
FNDA:8,PopulateCharacters()
FNDA:8,PopulateTheme()
FNF:19
FNH:10
BRF:0
BRH:0
DA:58,8
DA:61,8
DA:62,8
DA:66,8
DA:72,8
DA:75,8
DA:76,8
DA:77,8
DA:79,8
DA:80,8
DA:82,8
DA:83,8
DA:85,8
DA:87,8
DA:88,8
DA:91,8
DA:93,8
DA:94,8
DA:95,8
DA:96,8
DA:97,8
DA:99,8
DA:100,8
DA:102,8
DA:103,0
DA:105,0
DA:106,0
DA:107,0
DA:109,8
DA:110,8
DA:113,8
DA:114,8
DA:115,8
DA:117,15
DA:119,8
DA:121,8
DA:122,8
DA:124,8
DA:125,8
DA:126,8
DA:129,8
DA:131,8
DA:132,0
DA:133,0
DA:134,0
DA:135,0
DA:136,0
DA:137,0
DA:138,8
DA:139,8
DA:142,8
DA:143,8
DA:145,8
DA:146,8
DA:147,8
DA:150,16
DA:151,16
DA:152,16
DA:155,16
DA:156,16
DA:157,9
DA:158,9
DA:159,9
DA:160,7
DA:161,7
DA:162,7
DA:165,7
DA:166,7
DA:167,9
DA:169,16
DA:170,0
DA:171,0
DA:172,0
DA:174,16
DA:175,16
DA:176,16
DA:179,0
DA:180,0
DA:181,0
DA:184,0
DA:185,0
DA:186,0
DA:187,0
DA:188,0
DA:189,0
DA:191,0
DA:192,0
DA:195,0
DA:196,0
DA:197,0
DA:198,0
DA:199,0
DA:200,0
DA:202,0
DA:203,0
DA:205,0
DA:207,0
DA:208,0
DA:211,0
DA:212,0
DA:213,0
DA:214,0
DA:215,0
DA:216,0
DA:218,0
DA:219,0
DA:222,8
DA:223,8
DA:225,16
DA:226,9
DA:227,9
DA:228,9
DA:229,8
DA:231,7
DA:232,7
DA:234,7
DA:235,7
DA:236,7
DA:239,8
DA:240,8
DA:241,8
DA:242,8
DA:244,8
DA:245,8
DA:246,8
DA:247,8
DA:248,8
DA:249,8
DA:250,8
DA:252,8
DA:253,7
DA:254,7
DA:255,56
DA:256,21
DA:258,21
DA:259,21
DA:260,0
DA:261,0
DA:262,0
DA:263,21
DA:265,7
DA:266,7
DA:267,0
DA:268,0
DA:269,0
DA:271,7
DA:272,7
DA:273,7
DA:274,7
DA:276,7
DA:278,7
DA:279,7
DA:280,7
DA:281,0
DA:282,0
DA:283,0
DA:285,7
DA:286,7
DA:287,7
DA:288,7
DA:290,7
DA:291,0
DA:293,7
DA:294,7
DA:296,7
DA:300,7
DA:301,0
DA:303,0
DA:304,0
DA:306,1
DA:307,0
DA:308,0
DA:309,0
DA:310,0
DA:313,0
DA:314,0
DA:315,0
DA:317,0
DA:318,0
DA:319,0
DA:320,0
DA:321,0
DA:323,0
DA:324,0
DA:325,0
DA:326,0
DA:327,0
DA:328,0
DA:331,8
DA:332,8
DA:334,8
DA:335,0
DA:336,0
DA:338,0
DA:339,0
DA:340,0
DA:341,0
DA:342,0
DA:343,0
DA:345,0
DA:346,0
DA:347,0
DA:348,0
DA:349,0
DA:351,8
DA:352,8
DA:353,8
DA:354,8
DA:357,0
DA:358,0
DA:360,0
DA:361,0
DA:362,0
DA:363,0
DA:364,0
DA:365,0
DA:366,0
DA:367,0
DA:368,0
DA:369,0
DA:371,0
DA:372,0
DA:373,0
DA:374,0
DA:375,0
DA:377,0
DA:379,0
DA:380,0
DA:381,0
DA:384,0
DA:385,0
DA:386,0
DA:390,0
DA:391,0
DA:392,0
DA:395,8
DA:396,8
DA:397,8
DA:398,8
DA:399,0
DA:400,0
DA:401,0
DA:402,0
DA:403,8
DA:405,8
DA:406,8
DA:409,0
DA:410,0
DA:411,0
DA:412,0
DA:413,0
LH:128
LF:251
end_of_record
SF:P:/Tests/EndlessRunner_AutomatedTests/Assets/Scripts/UI/MainMenu.cs
FN:7,LoadScene(System.String)
FNDA:0,LoadScene(System.String)
FNF:1
FNH:0
BRF:0
BRH:0
DA:7,0
DA:8,0
DA:9,0
LH:0
LF:3
end_of_record
SF:P:/Tests/EndlessRunner_AutomatedTests/Assets/Scripts/Obstacles/Missile.cs
FN:20,m_Ready()
FN:20,m_Ready(System.Boolean)
FN:29,Awake()
FN:66,Setup()
FN:71,Impacted()
FN:81,Update()
FN:12,Missile()
FN:34,Spawn()
FNDA:0,m_Ready()
FNDA:0,m_Ready(System.Boolean)
FNDA:0,Awake()
FNDA:0,Setup()
FNDA:0,Impacted()
FNDA:0,Update()
FNDA:0,Missile()
FNDA:0,Spawn()
FNF:8
FNH:0
BRF:0
BRH:0
DA:12,0
DA:13,0
DA:20,0
DA:29,0
DA:30,0
DA:31,0
DA:34,0
DA:35,0
DA:39,0
DA:41,0
DA:42,0
DA:43,0
DA:44,0
DA:45,0
DA:46,0
DA:48,0
DA:50,0
DA:51,0
DA:53,0
DA:54,0
DA:55,0
DA:58,0
DA:59,0
DA:60,0
DA:62,0
DA:63,0
DA:66,0
DA:67,0
DA:68,0
DA:71,0
DA:72,0
DA:74,0
DA:75,0
DA:76,0
DA:77,0
DA:78,0
DA:81,0
DA:82,0
DA:83,0
DA:84,0
DA:85,0
DA:86,0
DA:87,0
DA:89,0
DA:90,0
DA:91,0
DA:92,0
DA:93,0
DA:94,0
DA:95,0
DA:97,0
DA:98,0
DA:99,0
DA:100,0
DA:101,0
DA:102,0
DA:104,0
DA:105,0
DA:106,0
DA:107,0
DA:108,0
LH:0
LF:61
end_of_record
SF:P:/Tests/EndlessRunner_AutomatedTests/Assets/Scripts/Missions/Missions.cs
FN:27,isComplete()
FN:30,Serialize(System.IO.BinaryWriter)
FN:37,Deserialize(System.IO.BinaryReader)
FN:43,HaveProgressBar()
FN:52,GetNewMissionFromType(MissionBase/MissionType)
FNDA:12,isComplete()
FNDA:4,Serialize(System.IO.BinaryWriter)
FNDA:18,Deserialize(System.IO.BinaryReader)
FNDA:0,HaveProgressBar()
FNDA:18,GetNewMissionFromType(MissionBase/MissionType)
FNF:5
FNH:4
BRF:0
BRH:0
DA:27,12
DA:30,4
DA:31,4
DA:32,4
DA:33,4
DA:34,4
DA:37,18
DA:38,18
DA:39,18
DA:40,18
DA:41,18
DA:43,0
DA:52,18
DA:53,18
DA:56,0
DA:58,0
DA:60,0
DA:62,9
DA:64,9
DA:67,0
DA:68,18
LH:16
LF:21
end_of_record
SF:P:/Tests/EndlessRunner_AutomatedTests/Assets/Scripts/UI/MissionEntry.cs
FN:16,FillWithMission(MissionBase, MissionUI)
FNDA:2,FillWithMission(MissionBase, MissionUI)
FNF:1
FNH:1
BRF:0
BRH:0
DA:16,2
DA:17,2
DA:18,2
DA:20,2
DA:21,1
DA:22,1
DA:23,1
DA:25,1
DA:27,1
DA:28,1
DA:29,1
DA:31,1
DA:32,1
DA:34,1
DA:35,1
DA:36,1
DA:38,1
DA:40,1
DA:41,1
DA:43,1
DA:44,1
DA:45,2
LH:22
LF:22
end_of_record
SF:P:/Tests/EndlessRunner_AutomatedTests/Assets/Scripts/UI/MissionUI.cs
FN:51,CallOpen()
FN:57,Claim(MissionBase)
FN:65,Close()
FN:13,Open()
FNDA:0,CallOpen()
FNDA:0,Claim(MissionBase)
FNDA:1,Close()
FNDA:1,Open()
FNF:4
FNH:2
BRF:0
BRH:0
DA:13,1
DA:14,1
DA:16,3
DA:17,0
DA:19,8
DA:20,3
DA:21,3
DA:22,2
DA:23,2
DA:24,2
DA:25,2
DA:26,0
DA:27,0
DA:28,0
DA:30,2
DA:31,2
DA:32,2
DA:33,2
DA:35,1
DA:36,1
DA:37,1
DA:38,1
DA:39,0
DA:40,0
DA:41,0
DA:43,1
DA:44,1
DA:45,1
DA:46,1
DA:47,3
DA:48,1
DA:51,0
DA:52,0
DA:53,0
DA:54,0
DA:57,0
DA:58,0
DA:61,0
DA:62,0
DA:65,1
DA:66,1
DA:67,1
LH:27
LF:42
end_of_record
SF:P:/Tests/EndlessRunner_AutomatedTests/Assets/Scripts/GameManager/Modifier.cs
FN:10,OnRunStart(GameState)
FN:15,OnRunTick(GameState)
FN:21,OnRunEnd(GameState)
FNDA:9,OnRunStart(GameState)
FNDA:308,OnRunTick(GameState)
FNDA:1,OnRunEnd(GameState)
FNF:3
FNH:3
BRF:0
BRH:0
DA:10,9
DA:12,9
DA:15,308
DA:17,308
DA:21,1
DA:22,1
DA:23,1
LH:7
LF:7
end_of_record
SF:P:/Tests/EndlessRunner_AutomatedTests/Assets/Scripts/Missions/Missions.cs
FN:252,HaveProgressBar()
FN:257,Created()
FN:268,GetMissionDesc()
FN:273,GetMissionType()
FN:278,RunStart(TrackManager)
FN:283,Update(TrackManager)
FNDA:0,HaveProgressBar()
FNDA:0,Created()
FNDA:1,GetMissionDesc()
FNDA:2,GetMissionType()
FNDA:9,RunStart(TrackManager)
FNDA:282,Update(TrackManager)
FNF:6
FNH:4
BRF:0
BRH:0
DA:252,0
DA:253,0
DA:254,0
DA:257,0
DA:258,0
DA:259,0
DA:261,0
DA:262,0
DA:264,0
DA:265,0
DA:268,1
DA:269,1
DA:270,1
DA:273,2
DA:274,2
DA:275,2
DA:278,9
DA:279,9
DA:280,9
DA:283,282
DA:284,282
DA:285,9
DA:286,282
LH:13
LF:23
end_of_record
SF:P:/Tests/EndlessRunner_AutomatedTests/Assets/Scripts/Sounds/MusicPlayer.cs
FN:15,instance()
FN:22,Awake()
FN:39,Start()
FN:61,SetStem(System.Int32, UnityEngine.AudioClip)
FN:72,GetStem(System.Int32)
FN:96,UpdateVolumes(System.Single)
FN:19,MusicPlayer()
FN:77,RestartAllStems()
FNDA:1263,instance()
FNDA:8,Awake()
FNDA:1,Start()
FNDA:18,SetStem(System.Int32, UnityEngine.AudioClip)
FNDA:18,GetStem(System.Int32)
FNDA:282,UpdateVolumes(System.Single)
FNDA:16,MusicPlayer()
FNDA:19,RestartAllStems()
FNF:8
FNH:8
BRF:0
BRH:0
DA:15,1263
DA:19,16
DA:22,8
DA:23,8
DA:24,7
DA:25,7
DA:26,7
DA:29,1
DA:32,1
DA:33,1
DA:35,1
DA:36,8
DA:39,1
DA:40,1
DA:42,1
DA:43,1
DA:44,1
DA:45,1
DA:46,1
DA:47,1
DA:49,0
DA:50,0
DA:51,0
DA:52,0
DA:54,0
DA:55,0
DA:57,1
DA:58,1
DA:61,18
DA:62,18
DA:63,0
DA:64,0
DA:65,0
DA:68,18
DA:69,18
DA:72,18
DA:73,18
DA:74,18
DA:77,19
DA:78,266
DA:79,114
DA:80,114
DA:81,114
DA:82,114
DA:83,114
DA:87,19
DA:89,140
DA:90,60
DA:91,60
DA:92,60
DA:93,10
DA:96,282
DA:99,3948
DA:100,1692
DA:101,1692
DA:102,1692
DA:103,1692
DA:104,282
LH:49
LF:58
end_of_record
SF:P:/Tests/EndlessRunner_AutomatedTests/Assets/Scripts/Obstacles/Obstacle.cs
FN:13,Setup()
FN:18,Impacted()
FNDA:0,Setup()
FNDA:1,Impacted()
FNF:2
FNH:1
BRF:0
BRH:0
DA:13,0
DA:18,1
DA:19,1
DA:20,1
DA:22,1
DA:23,1
DA:24,1
DA:25,1
DA:27,1
DA:28,1
DA:29,1
DA:30,1
DA:31,1
DA:32,1
DA:33,1
DA:34,1
LH:15
LF:16
end_of_record
SF:P:/Tests/EndlessRunner_AutomatedTests/Assets/Scripts/OpenURL.cs
FN:8,OpenURLOnClick()
FNDA:0,OpenURLOnClick()
FNF:1
FNH:0
BRF:0
BRH:0
DA:8,0
DA:9,0
DA:10,0
LH:0
LF:3
end_of_record
SF:P:/Tests/EndlessRunner_AutomatedTests/Assets/Scripts/Obstacles/PatrollingObstacle.cs
FN:59,Setup()
FN:86,Impacted()
FN:97,Update()
FN:12,PatrollingObstacle()
FN:8,PatrollingObstacle()
FN:32,Spawn()
FNDA:6,Setup()
FNDA:0,Impacted()
FNDA:263,Update()
FNDA:7,PatrollingObstacle()
FNDA:0,PatrollingObstacle()
FNDA:6,Spawn()
FNF:6
FNH:4
BRF:0
BRH:0
DA:8,0
DA:9,0
DA:12,7
DA:14,7
DA:22,7
DA:27,7
DA:32,6
DA:35,6
DA:36,6
DA:37,6
DA:38,6
DA:39,0
DA:40,0
DA:41,0
DA:43,6
DA:45,6
DA:47,6
DA:48,6
DA:51,6
DA:52,6
DA:53,6
DA:55,6
DA:56,6
DA:59,6
DA:60,6
DA:61,6
DA:62,6
DA:63,6
DA:64,6
DA:65,6
DA:66,6
DA:68,6
DA:69,6
DA:71,6
DA:74,6
DA:76,6
DA:77,6
DA:78,6
DA:79,6
DA:80,6
DA:82,6
DA:83,6
DA:86,0
DA:87,0
DA:88,0
DA:90,0
DA:91,0
DA:92,0
DA:93,0
DA:94,0
DA:97,263
DA:98,263
DA:99,6
DA:101,257
DA:103,257
DA:104,263
LH:43
LF:56
end_of_record
SF:P:/Tests/EndlessRunner_AutomatedTests/Assets/Scripts/Missions/Missions.cs
FN:114,Created()
FN:124,GetMissionDesc()
FN:129,GetMissionType()
FN:134,RunStart(TrackManager)
FN:139,Update(TrackManager)
FNDA:0,Created()
FNDA:0,GetMissionDesc()
FNDA:0,GetMissionType()
FNDA:0,RunStart(TrackManager)
FNDA:0,Update(TrackManager)
FNF:5
FNH:0
BRF:0
BRH:0
DA:114,0
DA:115,0
DA:116,0
DA:118,0
DA:119,0
DA:120,0
DA:121,0
DA:124,0
DA:125,0
DA:126,0
DA:129,0
DA:130,0
DA:131,0
DA:134,0
DA:135,0
DA:136,0
DA:139,0
DA:140,0
DA:141,0
DA:143,0
DA:144,0
LH:0
LF:21
end_of_record
SF:P:/Tests/EndlessRunner_AutomatedTests/Assets/Scripts/PlayerData.cs
FN:30,instance()
FN:67,Consume(Consumable/ConsumableType)
FN:81,Add(Consumable/ConsumableType)
FN:93,AddCharacter(System.String)
FN:98,AddTheme(System.String)
FN:103,AddAccessory(System.String)
FN:111,CheckMissionsCount()
FN:117,AddMission()
FN:127,StartRunMissions(TrackManager)
FN:135,UpdateMissions(TrackManager)
FN:143,AnyMissionComplete()
FN:153,ClaimMission(MissionBase)
FN:178,GetScorePlace(System.Int32)
FN:189,InsertScore(System.Int32, System.String)
FN:204,Create()
FN:233,NewSave()
FN:259,Read()
FN:391,Save()
FN:32,PlayerData()
FN:64,PlayerData()
FNDA:2619,instance()
FNDA:0,Consume(Consumable/ConsumableType)
FNDA:0,Add(Consumable/ConsumableType)
FNDA:0,AddCharacter(System.String)
FNDA:0,AddTheme(System.String)
FNDA:0,AddAccessory(System.String)
FNDA:9,CheckMissionsCount()
FNDA:0,AddMission()
FNDA:9,StartRunMissions(TrackManager)
FNDA:282,UpdateMissions(TrackManager)
FNDA:1,AnyMissionComplete()
FNDA:0,ClaimMission(MissionBase)
FNDA:2,GetScorePlace(System.Int32)
FNDA:1,InsertScore(System.Int32, System.String)
FNDA:9,Create()
FNDA:0,NewSave()
FNDA:9,Read()
FNDA:2,Save()
FNDA:1,PlayerData()
FNDA:1,PlayerData()
FNF:20
FNH:12
BRF:0
BRH:0
DA:30,2619
DA:32,1
DA:37,1
DA:39,1
DA:41,1
DA:42,1
DA:43,1
DA:45,1
DA:46,1
DA:48,1
DA:53,3
DA:57,1
DA:59,1
DA:64,1
DA:67,0
DA:68,0
DA:69,0
DA:71,0
DA:72,0
DA:73,0
DA:74,0
DA:75,0
DA:77,0
DA:78,0
DA:81,0
DA:82,0
DA:83,0
DA:84,0
DA:85,0
DA:87,0
DA:89,0
DA:90,0
DA:93,0
DA:94,0
DA:95,0
DA:98,0
DA:99,0
DA:100,0
DA:103,0
DA:104,0
DA:105,0
DA:111,9
DA:112,9
DA:113,0
DA:114,9
DA:117,0
DA:118,0
DA:120,0
DA:121,0
DA:123,0
DA:124,0
DA:127,9
DA:128,54
DA:129,18
DA:130,18
DA:131,18
DA:132,9
DA:135,282
DA:136,1692
DA:137,564
DA:138,564
DA:139,564
DA:140,282
DA:143,1
DA:144,4
DA:145,2
DA:146,3
DA:147,1
DA:149,0
DA:150,1
DA:153,0
DA:154,0
DA:168,0
DA:170,0
DA:172,0
DA:173,0
DA:178,2
DA:179,2
DA:180,2
DA:181,2
DA:183,2
DA:185,2
DA:186,2
DA:189,1
DA:190,1
DA:191,1
DA:192,1
DA:194,1
DA:197,2
DA:198,1
DA:199,1
DA:204,9
DA:205,9
DA:206,1
DA:207,1
DA:212,1
DA:213,1
DA:214,1
DA:216,9
DA:218,9
DA:219,9
DA:221,9
DA:222,9
DA:224,0
DA:226,0
DA:227,0
DA:229,9
DA:230,9
DA:233,0
DA:234,0
DA:235,0
DA:236,0
DA:237,0
DA:238,0
DA:240,0
DA:241,0
DA:242,0
DA:244,0
DA:245,0
DA:247,0
DA:248,0
DA:250,0
DA:251,0
DA:253,0
DA:255,0
DA:256,0
DA:259,9
DA:260,9
DA:262,9
DA:264,9
DA:265,0
DA:266,0
DA:268,0
DA:269,0
DA:270,0
DA:271,0
DA:273,9
DA:275,9
DA:276,9
DA:277,18
DA:278,0
DA:279,0
DA:280,0
DA:283,9
DA:284,9
DA:285,36
DA:286,9
DA:287,9
DA:289,9
DA:290,0
DA:291,0
DA:292,0
DA:294,9
DA:295,9
DA:297,9
DA:300,9
DA:301,9
DA:302,18
DA:303,0
DA:304,0
DA:305,0
DA:308,9
DA:309,9
DA:310,36
DA:311,9
DA:312,9
DA:313,9
DA:315,9
DA:318,9
DA:319,9
DA:320,9
DA:321,9
DA:324,9
DA:325,9
DA:326,9
DA:327,9
DA:328,198
DA:329,90
DA:330,90
DA:331,90
DA:332,90
DA:334,90
DA:335,90
DA:336,9
DA:339,9
DA:340,9
DA:341,9
DA:343,9
DA:344,54
DA:345,18
DA:346,18
DA:347,18
DA:349,18
DA:351,18
DA:352,18
DA:353,18
DA:354,18
DA:355,18
DA:356,9
DA:359,9
DA:360,9
DA:361,9
DA:362,9
DA:364,9
DA:365,9
DA:366,9
DA:367,9
DA:369,9
DA:370,9
DA:371,9
DA:372,9
DA:373,9
DA:374,9
DA:376,9
DA:377,9
DA:378,9
DA:379,9
DA:380,9
DA:382,9
DA:383,9
DA:384,9
DA:385,9
DA:387,9
DA:388,9
DA:391,2
DA:392,2
DA:394,2
DA:395,2
DA:397,2
DA:398,6
DA:399,0
DA:400,0
DA:401,0
DA:402,0
DA:405,2
DA:406,10
DA:407,2
DA:408,2
DA:409,2
DA:411,2
DA:413,2
DA:414,6
DA:415,0
DA:416,0
DA:417,0
DA:420,2
DA:421,10
DA:422,2
DA:423,2
DA:424,2
DA:426,2
DA:427,2
DA:430,2
DA:431,44
DA:432,20
DA:433,20
DA:434,20
DA:435,20
DA:438,2
DA:439,12
DA:440,4
DA:441,4
DA:442,4
DA:443,4
DA:446,2
DA:448,2
DA:450,2
DA:451,2
DA:452,2
DA:454,2
DA:455,2
DA:457,2
DA:459,2
DA:460,2
LH:190
LF:274
end_of_record
SF:P:/Tests/EndlessRunner_AutomatedTests/Assets/Scripts/PlayerData.cs
FN:471,ClearSave()
FN:477,GiveCoins()
FN:485,AddConsumables()
FNDA:0,ClearSave()
FNDA:0,GiveCoins()
FNDA:0,AddConsumables()
FNF:3
FNH:0
BRF:0
BRH:0
DA:471,0
DA:472,0
DA:473,0
DA:477,0
DA:478,0
DA:479,0
DA:480,0
DA:481,0
DA:485,0
DA:487,0
DA:488,0
DA:489,0
DA:490,0
DA:491,0
DA:492,0
DA:493,0
DA:494,0
DA:496,0
DA:497,0
LH:0
LF:19
end_of_record
SF:P:/Tests/EndlessRunner_AutomatedTests/Assets/Scripts/Pooler.cs
FN:27,Get()
FN:32,Get(UnityEngine.Vector3, UnityEngine.Quaternion)
FN:43,Free(UnityEngine.GameObject)
FN:10,Pooler(UnityEngine.GameObject, System.Int32)
FNDA:0,Get()
FNDA:1015,Get(UnityEngine.Vector3, UnityEngine.Quaternion)
FNDA:49,Free(UnityEngine.GameObject)
FNDA:9,Pooler(UnityEngine.GameObject, System.Int32)
FNF:4
FNH:3
BRF:0
BRH:0
DA:10,9
DA:13,9
DA:14,9
DA:15,9
DA:16,9
DA:18,4626
DA:19,2304
DA:20,2304
DA:21,2304
DA:22,2304
DA:23,2304
DA:24,9
DA:27,0
DA:28,0
DA:29,0
DA:32,1015
DA:33,1015
DA:35,1015
DA:36,1015
DA:37,1015
DA:39,1015
DA:40,1015
DA:43,49
DA:44,49
DA:45,49
DA:46,49
DA:47,49
LH:24
LF:27
end_of_record
SF:P:/Tests/EndlessRunner_AutomatedTests/Assets/Scripts/UI/PowerupIcon.cs
FN:13,Start()
FN:18,Update()
FNDA:3,Start()
FNDA:153,Update()
FNF:2
FNH:2
BRF:0
BRH:0
DA:13,3
DA:14,3
DA:15,3
DA:18,153
DA:19,153
DA:20,153
LH:6
LF:6
end_of_record
SF:P:/Tests/EndlessRunner_AutomatedTests/Assets/Scripts/Characters/RandomAnimation.cs
FN:9,OnStateEnter(UnityEngine.Animator, UnityEngine.AnimatorStateInfo, System.Int32)
FNDA:17,OnStateEnter(UnityEngine.Animator, UnityEngine.AnimatorStateInfo, System.Int32)
FNF:1
FNH:1
BRF:0
BRH:0
DA:9,17
DA:10,17
DA:11,17
LH:3
LF:3
end_of_record
SF:P:/Tests/EndlessRunner_AutomatedTests/Assets/Scripts/Characters/RestartRunning.cs
FN:8,OnStateExit(UnityEngine.Animator, UnityEngine.AnimatorStateInfo, System.Int32)
FN:5,RestartRunning()
FNDA:2,OnStateExit(UnityEngine.Animator, UnityEngine.AnimatorStateInfo, System.Int32)
FNDA:0,RestartRunning()
FNF:2
FNH:1
BRF:0
BRH:0
DA:5,0
DA:8,2
DA:10,2
DA:11,2
DA:13,0
DA:14,2
LH:4
LF:6
end_of_record
SF:P:/Tests/EndlessRunner_AutomatedTests/Assets/Scripts/Consumable/Types/Score2Multiplier.cs
FN:8,GetConsumableName()
FN:13,GetConsumableType()
FN:18,GetPrice()
FN:23,GetPremiumCost()
FN:37,Ended(CharacterInputController)
FN:44,MultiplyModify(System.Int32)
FN:28,Started()
FNDA:0,GetConsumableName()
FNDA:1,GetConsumableType()
FNDA:0,GetPrice()
FNDA:0,GetPremiumCost()
FNDA:0,Ended(CharacterInputController)
FNDA:29,MultiplyModify(System.Int32)
FNDA:1,Started()
FNF:7
FNH:3
BRF:0
BRH:0
DA:8,0
DA:9,0
DA:10,0
DA:13,1
DA:14,1
DA:15,1
DA:18,0
DA:19,0
DA:20,0
DA:23,0
DA:24,0
DA:25,0
DA:28,1
DA:29,1
DA:31,1
DA:33,1
DA:34,1
DA:37,0
DA:38,0
DA:40,0
DA:41,0
DA:44,29
DA:45,29
DA:46,29
LH:11
LF:24
end_of_record
SF:P:/Tests/EndlessRunner_AutomatedTests/Assets/Scripts/GameManager/Modifier.cs
FN:69,OnRunStart(GameState)
FN:74,OnRunEnd(GameState)
FN:63,SeededRun()
FNDA:0,OnRunStart(GameState)
FNDA:0,OnRunEnd(GameState)
FNDA:0,SeededRun()
FNF:3
FNH:0
BRF:0
BRH:0
DA:63,0
DA:64,0
DA:65,0
DA:66,0
DA:69,0
DA:70,0
DA:71,0
DA:74,0
DA:75,0
DA:76,0
DA:77,0
LH:0
LF:11
end_of_record
SF:P:/Tests/EndlessRunner_AutomatedTests/Assets/Scripts/UI/Settings/SettingPopup.cs
FN:26,Open()
FN:32,Close()
FN:38,UpdateUI()
FN:49,DeleteData()
FN:55,MasterVolumeChangeValue(System.Single)
FN:62,MusicVolumeChangeValue(System.Single)
FN:69,MasterSFXVolumeChangeValue(System.Single)
FNDA:0,Open()
FNDA:0,Close()
FNDA:0,UpdateUI()
FNDA:0,DeleteData()
FNDA:0,MasterVolumeChangeValue(System.Single)
FNDA:0,MusicVolumeChangeValue(System.Single)
FNDA:0,MasterSFXVolumeChangeValue(System.Single)
FNF:7
FNH:0
BRF:0
BRH:0
DA:26,0
DA:27,0
DA:28,0
DA:29,0
DA:32,0
DA:33,0
DA:34,0
DA:35,0
DA:38,0
DA:39,0
DA:40,0
DA:41,0
DA:43,0
DA:44,0
DA:45,0
DA:46,0
DA:49,0
DA:50,0
DA:51,0
DA:55,0
DA:56,0
DA:57,0
DA:58,0
DA:59,0
DA:62,0
DA:63,0
DA:64,0
DA:65,0
DA:66,0
DA:69,0
DA:70,0
DA:71,0
DA:72,0
DA:73,0
LH:0
LF:34
end_of_record
SF:P:/Tests/EndlessRunner_AutomatedTests/Assets/Scripts/UI/Shop/ShopAccessoriesList.cs
FN:16,Populate()
FN:40,LoadedCharacter(UnityEngine.ResourceManagement.AsyncOperations.AsyncOperationHandle[GameObject], System.Int32)
FN:62,LoadedAccessory(UnityEngine.ResourceManagement.AsyncOperations.AsyncOperationHandle[GameObject], System.Int32, System.Int32)
FN:127,RefreshButton(ShopItemListItem, CharacterAccessories, System.String)
FN:159,Buy(System.String, System.Int32, System.Int32)
FN:14,ShopAccessoriesList()
FNDA:0,Populate()
FNDA:0,LoadedCharacter(UnityEngine.ResourceManagement.AsyncOperations.AsyncOperationHandle[GameObject], System.Int32)
FNDA:0,LoadedAccessory(UnityEngine.ResourceManagement.AsyncOperations.AsyncOperationHandle[GameObject], System.Int32, System.Int32)
FNDA:0,RefreshButton(ShopItemListItem, CharacterAccessories, System.String)
FNDA:0,Buy(System.String, System.Int32, System.Int32)
FNDA:0,ShopAccessoriesList()
FNF:6
FNH:0
BRF:0
BRH:0
DA:14,0
DA:16,0
DA:17,0
DA:19,0
DA:20,0
DA:21,0
DA:22,0
DA:24,0
DA:25,0
DA:26,0
DA:27,0
DA:29,0
DA:30,0
DA:31,0
DA:33,0
DA:34,0
DA:35,0
DA:36,0
DA:37,0
DA:40,0
DA:41,0
DA:42,0
DA:43,0
DA:44,0
DA:46,0
DA:47,0
DA:49,0
DA:50,0
DA:51,0
DA:52,0
DA:54,0
DA:55,0
DA:56,0
DA:57,0
DA:58,0
DA:59,0
DA:62,0
DA:63,0
DA:64,0
DA:65,0
DA:66,0
DA:67,0
DA:69,0
DA:70,0
DA:72,0
DA:73,0
DA:75,0
DA:77,0
DA:79,0
DA:80,0
DA:81,0
DA:82,0
DA:84,0
DA:85,0
DA:86,0
DA:87,0
DA:88,0
DA:90,0
DA:91,0
DA:92,0
DA:94,0
DA:95,0
DA:96,0
DA:97,0
DA:99,0
DA:100,0
DA:101,0
DA:103,0
DA:105,0
DA:106,0
DA:108,0
DA:109,0
DA:110,0
DA:111,0
DA:112,0
DA:113,0
DA:114,0
DA:115,0
DA:116,0
DA:118,0
DA:119,0
DA:120,0
DA:121,0
DA:122,0
DA:123,0
DA:124,0
DA:127,0
DA:128,0
DA:129,0
DA:130,0
DA:131,0
DA:132,0
DA:134,0
DA:135,0
DA:136,0
DA:138,0
DA:139,0
DA:140,0
DA:141,0
DA:142,0
DA:144,0
DA:145,0
DA:146,0
DA:148,0
DA:149,0
DA:150,0
DA:151,0
DA:152,0
DA:153,0
DA:154,0
DA:159,0
DA:160,0
DA:161,0
DA:162,0
DA:163,0
DA:212,0
DA:213,0
LH:0
LF:117
end_of_record
SF:P:/Tests/EndlessRunner_AutomatedTests/Assets/Scripts/UI/Shop/ShopCharacterList.cs
FN:12,Populate()
FN:62,RefreshButton(ShopItemListItem, Character)
FN:94,Buy(Character)
FNDA:0,Populate()
FNDA:0,RefreshButton(ShopItemListItem, Character)
FNDA:0,Buy(Character)
FNF:3
FNH:0
BRF:0
BRH:0
DA:12,0
DA:13,0
DA:14,0
DA:15,0
DA:16,0
DA:17,0
DA:19,0
DA:20,0
DA:21,0
DA:22,0
DA:23,0
DA:24,0
DA:25,0
DA:26,0
DA:27,0
DA:28,0
DA:29,0
DA:31,0
DA:32,0
DA:34,0
DA:36,0
DA:37,0
DA:38,0
DA:40,0
DA:42,0
DA:43,0
DA:44,0
DA:45,0
DA:46,0
DA:48,0
DA:49,0
DA:50,0
DA:52,0
DA:54,0
DA:55,0
DA:56,0
DA:57,0
DA:58,0
DA:59,0
DA:62,0
DA:63,0
DA:64,0
DA:65,0
DA:66,0
DA:67,0
DA:69,0
DA:70,0
DA:71,0
DA:73,0
DA:74,0
DA:75,0
DA:76,0
DA:77,0
DA:79,0
DA:80,0
DA:81,0
DA:83,0
DA:84,0
DA:85,0
DA:86,0
DA:87,0
DA:88,0
DA:89,0
DA:94,0
DA:95,0
DA:96,0
DA:97,0
DA:98,0
DA:148,0
DA:149,0
LH:0
LF:70
end_of_record
SF:P:/Tests/EndlessRunner_AutomatedTests/Assets/Scripts/UI/Shop/ShopItemList.cs
FN:14,Populate()
FN:66,RefreshButton(ShopItemListItem, Consumable)
FN:93,Buy(Consumable)
FN:11,ShopItemList()
FNDA:0,Populate()
FNDA:0,RefreshButton(ShopItemListItem, Consumable)
FNDA:0,Buy(Consumable)
FNDA:0,ShopItemList()
FNF:4
FNH:0
BRF:0
BRH:0
DA:11,0
DA:14,0
DA:15,0
DA:16,0
DA:17,0
DA:18,0
DA:19,0
DA:21,0
DA:22,0
DA:23,0
DA:24,0
DA:25,0
DA:26,0
DA:27,0
DA:28,0
DA:29,0
DA:30,0
DA:31,0
DA:33,0
DA:34,0
DA:36,0
DA:38,0
DA:40,0
DA:41,0
DA:43,0
DA:44,0
DA:45,0
DA:46,0
DA:47,0
DA:49,0
DA:50,0
DA:51,0
DA:53,0
DA:55,0
DA:57,0
DA:58,0
DA:59,0
DA:60,0
DA:61,0
DA:62,0
DA:63,0
DA:66,0
DA:67,0
DA:68,0
DA:69,0
DA:71,0
DA:72,0
DA:73,0
DA:74,0
DA:75,0
DA:77,0
DA:78,0
DA:79,0
DA:81,0
DA:82,0
DA:83,0
DA:84,0
DA:85,0
DA:87,0
DA:88,0
DA:89,0
DA:90,0
DA:93,0
DA:94,0
DA:95,0
DA:96,0
DA:97,0
DA:146,0
DA:147,0
LH:0
LF:69
end_of_record
SF:P:/Tests/EndlessRunner_AutomatedTests/Assets/Scripts/UI/Shop/ShopList.cs
FN:15,Open()
FN:21,Close()
FN:27,Refresh()
FNDA:0,Open()
FNDA:0,Close()
FNDA:0,Refresh()
FNF:3
FNH:0
BRF:0
BRH:0
DA:15,0
DA:16,0
DA:17,0
DA:18,0
DA:21,0
DA:22,0
DA:23,0
DA:24,0
DA:27,0
DA:28,0
DA:29,0
LH:0
LF:11
end_of_record
SF:P:/Tests/EndlessRunner_AutomatedTests/Assets/Scripts/UI/Shop/ShopThemeList.cs
FN:12,Populate()
FN:62,RefreshButton(ShopItemListItem, ThemeData)
FN:93,Buy(ThemeData)
FNDA:0,Populate()
FNDA:0,RefreshButton(ShopItemListItem, ThemeData)
FNDA:0,Buy(ThemeData)
FNF:3
FNH:0
BRF:0
BRH:0
DA:12,0
DA:13,0
DA:14,0
DA:15,0
DA:16,0
DA:17,0
DA:19,0
DA:20,0
DA:21,0
DA:22,0
DA:23,0
DA:24,0
DA:25,0
DA:26,0
DA:27,0
DA:28,0
DA:29,0
DA:31,0
DA:32,0
DA:34,0
DA:36,0
DA:37,0
DA:38,0
DA:40,0
DA:41,0
DA:42,0
DA:43,0
DA:44,0
DA:46,0
DA:47,0
DA:48,0
DA:50,0
DA:52,0
DA:54,0
DA:55,0
DA:56,0
DA:57,0
DA:58,0
DA:59,0
DA:62,0
DA:63,0
DA:64,0
DA:65,0
DA:66,0
DA:67,0
DA:69,0
DA:70,0
DA:71,0
DA:73,0
DA:74,0
DA:75,0
DA:76,0
DA:77,0
DA:79,0
DA:80,0
DA:81,0
DA:83,0
DA:84,0
DA:85,0
DA:86,0
DA:87,0
DA:88,0
DA:89,0
DA:93,0
DA:94,0
DA:95,0
DA:96,0
DA:97,0
DA:147,0
DA:148,0
LH:0
LF:70
end_of_record
SF:P:/Tests/EndlessRunner_AutomatedTests/Assets/Scripts/UI/Shop/ShopUI.cs
FN:35,Start()
FN:59,Update()
FN:65,OpenItemList()
FN:72,OpenCharacterList()
FN:79,OpenThemeList()
FN:86,OpenAccessoriesList()
FN:93,LoadScene(System.String)
FN:98,CloseScene()
FN:108,CheatCoin()
FNDA:0,Start()
FNDA:0,Update()
FNDA:0,OpenItemList()
FNDA:0,OpenCharacterList()
FNDA:0,OpenThemeList()
FNDA:0,OpenAccessoriesList()
FNDA:0,LoadScene(System.String)
FNDA:0,CloseScene()
FNDA:0,CheatCoin()
FNF:9
FNH:0
BRF:0
BRH:0
DA:35,0
DA:36,0
DA:38,0
DA:39,0
DA:40,0
DA:51,0
DA:54,0
DA:55,0
DA:56,0
DA:59,0
DA:60,0
DA:61,0
DA:62,0
DA:65,0
DA:66,0
DA:67,0
DA:68,0
DA:69,0
DA:72,0
DA:73,0
DA:74,0
DA:75,0
DA:76,0
DA:79,0
DA:80,0
DA:81,0
DA:82,0
DA:83,0
DA:86,0
DA:87,0
DA:88,0
DA:89,0
DA:90,0
DA:93,0
DA:94,0
DA:95,0
DA:98,0
DA:99,0
DA:100,0
DA:101,0
DA:102,0
DA:103,0
DA:104,0
DA:105,0
DA:108,0
DA:113,0
DA:114,0
DA:115,0
DA:116,0
LH:0
LF:49
end_of_record
SF:P:/Tests/EndlessRunner_AutomatedTests/Assets/Scripts/Obstacles/SimpleBarricade.cs
FN:15,Spawn()
FNDA:20,Spawn()
FNF:1
FNH:1
BRF:0
BRH:0
DA:15,20
DA:17,20
DA:19,20
DA:20,0
DA:22,20
DA:23,20
DA:27,20
DA:29,98
DA:30,29
DA:31,29
DA:32,29
DA:34,29
DA:35,29
DA:36,29
DA:37,0
DA:38,0
DA:39,0
DA:41,29
DA:43,29
DA:44,0
DA:46,29
DA:47,29
DA:49,29
DA:52,29
DA:53,29
DA:54,29
DA:55,29
DA:56,29
DA:57,20
LH:24
LF:29
end_of_record
SF:P:/Tests/EndlessRunner_AutomatedTests/Assets/Scripts/GameManager/Modifier.cs
FN:83,OnRunTick(GameState)
FN:90,OnRunStart(GameState)
FN:95,OnRunEnd(GameState)
FNDA:0,OnRunTick(GameState)
FNDA:0,OnRunStart(GameState)
FNDA:0,OnRunEnd(GameState)
FNF:3
FNH:0
BRF:0
BRH:0
DA:83,0
DA:84,0
DA:85,0
DA:86,0
DA:90,0
DA:92,0
DA:95,0
DA:96,0
DA:97,0
DA:98,0
LH:0
LF:10
end_of_record
SF:P:/Tests/EndlessRunner_AutomatedTests/Assets/Scripts/Missions/Missions.cs
FN:74,Created()
FN:84,HaveProgressBar()
FN:89,GetMissionDesc()
FN:94,GetMissionType()
FN:99,RunStart(TrackManager)
FN:104,Update(TrackManager)
FNDA:0,Created()
FNDA:0,HaveProgressBar()
FNDA:0,GetMissionDesc()
FNDA:0,GetMissionType()
FNDA:0,RunStart(TrackManager)
FNDA:0,Update(TrackManager)
FNF:6
FNH:0
BRF:0
BRH:0
DA:74,0
DA:75,0
DA:76,0
DA:78,0
DA:79,0
DA:80,0
DA:81,0
DA:84,0
DA:85,0
DA:86,0
DA:89,0
DA:90,0
DA:91,0
DA:94,0
DA:95,0
DA:96,0
DA:99,0
DA:100,0
DA:101,0
DA:104,0
DA:105,0
DA:106,0
LH:0
LF:22
end_of_record
SF:P:/Tests/EndlessRunner_AutomatedTests/Assets/Scripts/Missions/Missions.cs
FN:213,Created()
FN:223,GetMissionDesc()
FN:228,GetMissionType()
FN:233,RunStart(TrackManager)
FN:238,Update(TrackManager)
FNDA:0,Created()
FNDA:1,GetMissionDesc()
FNDA:2,GetMissionType()
FNDA:9,RunStart(TrackManager)
FNDA:282,Update(TrackManager)
FNF:5
FNH:4
BRF:0
BRH:0
DA:213,0
DA:214,0
DA:215,0
DA:217,0
DA:218,0
DA:219,0
DA:220,0
DA:223,1
DA:224,1
DA:225,1
DA:228,2
DA:229,2
DA:230,2
DA:233,9
DA:234,9
DA:235,9
DA:238,282
DA:239,282
DA:240,0
DA:241,0
DA:242,0
DA:243,0
DA:245,282
DA:246,282
LH:13
LF:24
end_of_record
SF:P:/Tests/EndlessRunner_AutomatedTests/Assets/Scripts/UI/StartButton.cs
FN:15,StartGame()
FNDA:0,StartGame()
FNF:1
FNH:0
BRF:0
BRH:0
DA:15,0
DA:16,0
DA:17,0
DA:18,0
DA:19,0
DA:23,0
DA:28,0
DA:29,0
LH:0
LF:8
end_of_record
SF:P:/Tests/EndlessRunner_AutomatedTests/Assets/Scripts/Themes/ThemeData.cs
FN:31,ThemeData()
FNDA:3,ThemeData()
FNF:1
FNH:1
BRF:0
BRH:0
DA:31,3
DA:32,3
DA:33,3
LH:3
LF:3
end_of_record
SF:P:/Tests/EndlessRunner_AutomatedTests/Assets/Scripts/Themes/ThemeDatabase.cs
FN:10,dictionnary()
FN:13,loaded()
FN:16,GetThemeData(System.String)
FN:25,LoadDatabase()
FNDA:0,dictionnary()
FNDA:27,loaded()
FNDA:18,GetThemeData(System.String)
FNDA:1,LoadDatabase()
FNF:4
FNH:3
BRF:0
BRH:0
DA:10,0
DA:13,27
DA:16,18
DA:18,18
DA:19,2
DA:21,16
DA:22,18
DA:25,1
DA:27,1
DA:28,1
DA:29,1
DA:32,1
DA:33,2
DA:34,2
DA:35,2
DA:36,2
DA:37,2
DA:38,2
DA:39,2
DA:41,1
DA:42,1
DA:44,1
LH:21
LF:22
end_of_record
SF:P:/Tests/EndlessRunner_AutomatedTests/Assets/Scripts/Tracks/TrackManager.cs
FN:33,instance()
FN:64,trackSeed()
FN:64,trackSeed(System.Int32)
FN:66,timeToStart()
FN:68,score()
FN:69,multiplier()
FN:70,currentSegmentDistance()
FN:71,worldDistance()
FN:72,speed()
FN:73,speedRatio()
FN:74,currentZone()
FN:76,currentSegment()
FN:77,segments()
FN:78,currentTheme()
FN:80,isMoving()
FN:81,isRerun()
FN:81,isRerun(System.Boolean)
FN:83,isTutorial()
FN:83,isTutorial(System.Boolean)
FN:84,isLoaded()
FN:84,isLoaded(System.Boolean)
FN:86,firstObstacle()
FN:86,firstObstacle(System.Boolean)
FN:133,Awake()
FN:139,StartMove(System.Boolean)
FN:147,StopMove()
FN:260,End()
FN:304,Update()
FN:475,PowerupSpawnUpdate()
FN:481,ChangeZone()
FN:550,SpawnObstacle(TrackSegment)
FN:673,AddScore(System.Int32)
FN:43,TrackManager()
FN:36,TrackManager()
FN:176,Begin()
FN:577,SpawnCoinAndPowerup()
FN:564,SpawnFromAssetReference()
FN:491,SpawnNewSegment()
FN:152,WaitToStart()
FNDA:66,instance()
FNDA:0,trackSeed()
FNDA:0,trackSeed(System.Int32)
FNDA:1329,timeToStart()
FNDA:960,score()
FNDA:1797,multiplier()
FNDA:0,currentSegmentDistance()
FNDA:1803,worldDistance()
FNDA:0,speed()
FNDA:846,speedRatio()
FNDA:0,currentZone()
FNDA:24,currentSegment()
FNDA:0,segments()
FNDA:7821,currentTheme()
FNDA:3,isMoving()
FNDA:33,isRerun()
FNDA:33,isRerun(System.Boolean)
FNDA:120,isTutorial()
FNDA:120,isTutorial(System.Boolean)
FNDA:325,isLoaded()
FNDA:325,isLoaded(System.Boolean)
FNDA:9,firstObstacle()
FNDA:9,firstObstacle(System.Boolean)
FNDA:8,Awake()
FNDA:8,StartMove(System.Boolean)
FNDA:5,StopMove()
FNDA:1,End()
FNDA:440,Update()
FNDA:282,PowerupSpawnUpdate()
FNDA:0,ChangeZone()
FNDA:67,SpawnObstacle(TrackSegment)
FNDA:90,AddScore(System.Int32)
FNDA:8,TrackManager()
FNDA:0,TrackManager()
FNDA:9,Begin()
FNDA:73,SpawnCoinAndPowerup()
FNDA:60,SpawnFromAssetReference()
FNDA:81,SpawnNewSegment()
FNDA:9,WaitToStart()
FNF:39
FNH:31
BRF:0
BRH:0
DA:33,66
DA:36,0
DA:43,8
DA:44,8
DA:45,8
DA:46,8
DA:48,8
DA:56,8
DA:64,0
DA:66,1329
DA:68,960
DA:69,1797
DA:70,0
DA:71,1803
DA:72,0
DA:73,846
DA:74,0
DA:76,24
DA:77,0
DA:78,7821
DA:80,3
DA:81,33
DA:83,120
DA:84,325
DA:86,9
DA:88,8
DA:92,8
DA:104,8
DA:105,8
DA:111,8
DA:119,8
DA:133,8
DA:134,8
DA:135,8
DA:136,8
DA:139,8
DA:140,8
DA:141,8
DA:142,8
DA:143,8
DA:144,8
DA:147,5
DA:148,5
DA:149,5
DA:152,9
DA:153,9
DA:154,9
DA:155,9
DA:157,59
DA:158,51
DA:159,51
DA:160,50
DA:161,50
DA:163,8
DA:165,8
DA:166,0
DA:168,0
DA:169,0
DA:171,8
DA:172,8
DA:173,8
DA:176,9
DA:177,9
DA:178,9
DA:179,9
DA:180,9
DA:182,9
DA:183,0
DA:185,9
DA:188,9
DA:189,9
DA:191,9
DA:195,9
DA:198,9
DA:199,9
DA:200,0
DA:201,0
DA:202,0
DA:204,9
DA:206,9
DA:208,9
DA:209,9
DA:211,9
DA:212,9
DA:215,9
DA:216,9
DA:218,9
DA:219,0
DA:221,9
DA:223,9
DA:224,9
DA:226,9
DA:227,9
DA:228,9
DA:230,9
DA:231,9
DA:232,9
DA:233,9
DA:235,9
DA:236,9
DA:238,9
DA:240,9
DA:242,9
DA:252,9
DA:254,9
DA:255,9
DA:256,9
DA:257,9
DA:260,1
DA:261,23
DA:262,10
DA:263,10
DA:264,10
DA:265,10
DA:267,2
DA:268,0
DA:269,0
DA:270,0
DA:272,1
DA:273,1
DA:275,1
DA:277,1
DA:278,1
DA:279,1
DA:281,1
DA:282,1
DA:284,1
DA:286,42
DA:287,20
DA:288,20
DA:289,20
DA:290,20
DA:293,1
DA:294,0
DA:295,0
DA:296,0
DA:297,0
DA:298,1
DA:301,8
DA:302,8
DA:304,440
DA:305,521
DA:306,81
DA:307,81
DA:308,81
DA:309,81
DA:311,440
DA:312,440
DA:313,600
DA:314,160
DA:315,160
DA:317,160
DA:318,160
DA:319,160
DA:320,160
DA:321,160
DA:323,160
DA:330,160
DA:331,160
DA:332,160
DA:333,160
DA:334,160
DA:335,440
DA:337,440
DA:338,158
DA:340,282
DA:341,282
DA:342,282
DA:344,282
DA:345,372
DA:346,282
DA:348,282
DA:349,282
DA:351,282
DA:352,1
DA:353,1
DA:357,1
DA:358,1
DA:359,1
DA:361,1
DA:362,1
DA:366,282
DA:368,282
DA:373,282
DA:376,282
DA:377,282
DA:378,564
DA:379,282
DA:380,11844
DA:381,5640
DA:382,5640
DA:383,5640
DA:384,5640
DA:385,282
DA:387,282
DA:388,0
DA:389,0
DA:390,0
DA:391,0
DA:392,0
DA:393,0
DA:395,0
DA:396,0
DA:397,0
DA:398,0
DA:399,0
DA:402,0
DA:403,0
DA:405,282
DA:406,282
DA:408,282
DA:409,282
DA:410,11844
DA:411,5640
DA:412,5640
DA:415,5640
DA:416,0
DA:417,0
DA:418,0
DA:419,0
DA:420,5640
DA:421,282
DA:424,584
DA:425,10
DA:426,10
DA:427,0
DA:428,0
DA:429,0
DA:430,0
DA:431,0
DA:432,10
DA:434,282
DA:436,282
DA:437,282
DA:438,282
DA:439,282
DA:441,0
DA:442,282
DA:444,282
DA:446,282
DA:447,29
DA:448,145
DA:449,29
DA:450,29
DA:451,29
DA:452,29
DA:454,282
DA:455,282
DA:457,282
DA:458,282
DA:459,0
DA:460,0
DA:461,0
DA:466,0
DA:468,282
DA:469,282
DA:471,282
DA:472,440
DA:475,282
DA:476,282
DA:477,282
DA:478,282
DA:481,0
DA:482,0
DA:483,0
DA:484,0
DA:486,0
DA:487,0
DA:489,8
DA:491,81
DA:492,81
DA:493,81
DA:494,81
DA:495,0
DA:496,81
DA:498,81
DA:499,81
DA:501,81
DA:502,81
DA:503,81
DA:504,0
DA:505,0
DA:506,0
DA:508,81
DA:512,81
DA:513,73
DA:514,73
DA:515,73
DA:517,8
DA:518,8
DA:519,8
DA:520,8
DA:522,81
DA:526,81
DA:529,81
DA:530,81
DA:531,81
DA:533,81
DA:534,81
DA:536,81
DA:537,65
DA:538,65
DA:539,65
DA:541,16
DA:543,81
DA:545,81
DA:546,81
DA:550,67
DA:551,67
DA:552,43
DA:553,206
DA:554,60
DA:555,60
DA:556,60
DA:557,60
DA:558,43
DA:560,67
DA:561,67
DA:564,60
DA:565,60
DA:566,60
DA:567,60
DA:568,60
DA:569,60
DA:570,60
DA:571,60
DA:572,60
DA:573,60
DA:574,60
DA:577,73
DA:578,73
DA:579,73
DA:581,73
DA:582,73
DA:584,73
DA:585,73
DA:587,1087
DA:588,1014
DA:591,1014
DA:594,1014
DA:595,1014
DA:596,1015
DA:597,1
DA:598,1
DA:599,1
DA:600,0
DA:602,0
DA:603,0
DA:605,1
DA:607,1014
DA:609,1014
DA:610,1014
DA:611,1014
DA:614,1014
DA:615,1014
DA:616,0
DA:617,0
DA:620,0
DA:621,0
DA:623,0
DA:624,0
DA:626,0
DA:627,0
DA:628,0
DA:629,0
DA:630,0
DA:631,0
DA:633,0
DA:634,0
DA:635,0
DA:636,0
DA:637,1014
DA:638,0
DA:639,0
DA:640,0
DA:642,0
DA:643,0
DA:644,0
DA:645,0
DA:646,0
DA:647,0
DA:649,0
DA:650,0
DA:651,0
DA:653,1014
DA:654,1014
DA:655,1014
DA:656,1014
DA:658,1014
DA:659,1014
DA:661,1014
DA:662,1014
DA:663,1014
DA:664,1014
DA:665,1014
DA:667,1014
DA:668,1014
DA:669,73
DA:670,73
DA:673,90
DA:674,90
DA:675,90
DA:676,90
LH:314
LF:403
end_of_record
SF:P:/Tests/EndlessRunner_AutomatedTests/Assets/Scripts/Tracks/TrackSegment.cs
FN:24,worldLength()
FN:29,OnEnable()
FN:43,GetPointAtInWorldUnit(System.Single, UnityEngine.Vector3&, UnityEngine.Quaternion&)
FN:51,GetPointAt(System.Single, UnityEngine.Vector3&, UnityEngine.Quaternion&)
FN:72,UpdateWorldLength()
FN:86,Cleanup()
FN:99,OnDrawGizmos()
FNDA:4110,worldLength()
FNDA:81,OnEnable()
FNDA:1296,GetPointAtInWorldUnit(System.Single, UnityEngine.Vector3&, UnityEngine.Quaternion&)
FNDA:60359,GetPointAt(System.Single, UnityEngine.Vector3&, UnityEngine.Quaternion&)
FNDA:81,UpdateWorldLength()
FNDA:0,Cleanup()
FNDA:47851,OnDrawGizmos()
FNF:7
FNH:6
BRF:0
BRH:0
DA:24,4110
DA:29,81
DA:30,81
DA:32,81
DA:33,81
DA:34,81
DA:36,81
DA:37,81
DA:38,81
DA:39,81
DA:43,1296
DA:44,1296
DA:45,1296
DA:46,1296
DA:51,60359
DA:52,60359
DA:53,60359
DA:54,60359
DA:55,60359
DA:57,60359
DA:58,60359
DA:59,75
DA:60,75
DA:61,75
DA:62,75
DA:65,60284
DA:67,60284
DA:68,60284
DA:69,60359
DA:72,81
DA:73,81
DA:75,324
DA:76,81
DA:77,81
DA:78,81
DA:80,81
DA:81,81
DA:82,81
DA:83,81
DA:86,0
DA:87,0
DA:88,0
DA:89,0
DA:90,0
DA:91,0
DA:92,0
DA:94,0
DA:95,0
DA:99,47851
DA:100,47851
DA:101,0
DA:103,47851
DA:104,47851
DA:105,191404
DA:106,47851
DA:107,47851
DA:108,47851
DA:110,47851
DA:111,47851
DA:113,47851
DA:114,213396
DA:115,58847
DA:118,58847
DA:119,58847
DA:120,58847
DA:122,47851
DA:123,47851
LH:57
LF:67
end_of_record
SF:P:/Tests/EndlessRunner_AutomatedTests/Assets/Scripts/Tracks/TrackSegment.cs
FN:134,OnEnable()
FN:139,OnInspectorGUI()
FNDA:0,OnEnable()
FNDA:0,OnInspectorGUI()
FNF:2
FNH:0
BRF:0
BRH:0
DA:134,0
DA:135,0
DA:136,0
DA:139,0
DA:140,0
DA:142,0
DA:143,0
DA:144,0
DA:145,0
DA:147,0
DA:148,0
DA:149,0
DA:150,0
DA:151,0
DA:152,0
DA:153,0
DA:154,0
DA:155,0
DA:156,0
DA:157,0
DA:159,0
DA:160,0
DA:161,0
DA:162,0
LH:0
LF:24
end_of_record
SF:P:/Tests/EndlessRunner_AutomatedTests/Assets/Scripts/WorldCurver.cs
FN:12,OnEnable()
FN:17,Update()
FN:7,WorldCurver()
FNDA:8,OnEnable()
FNDA:487,Update()
FNDA:8,WorldCurver()
FNF:3
FNH:3
BRF:0
BRH:0
DA:7,8
DA:12,8
DA:13,8
DA:14,8
DA:17,487
DA:18,487
DA:19,487
LH:7
LF:7
end_of_record
