TN:
SF:P:/Tests/EndlessRunner_AutomatedTests/Assets/Scripts/UI/AdsForMission.cs
FN:24,OnEnable()
FN:53,ShowAds()
FN:109,AddNewMission()
FN:20,AdsForMission()
FNDA:1,OnEnable()
FNDA:0,ShowAds()
FNDA:0,AddNewMission()
FNDA:8,AdsForMission()
FNF:4
FNH:2
BRF:0
BRH:0
DA:20,8
DA:21,8
DA:24,1
DA:25,1
DA:26,1
DA:29,1
DA:30,0
DA:31,0
DA:50,1
DA:53,0
DA:76,0
DA:109,0
DA:110,0
DA:111,0
DA:112,0
DA:113,0
LH:7
LF:16
end_of_record
SF:P:/Tests/EndlessRunner_AutomatedTests/Assets/Scripts/Obstacles/AllLaneObstacle.cs
FN:10,Spawn()
FNDA:40,Spawn()
FNF:1
FNH:1
BRF:0
BRH:0
DA:10,40
DA:13,40
DA:14,40
DA:15,40
DA:16,40
DA:17,0
DA:18,0
DA:19,0
DA:21,40
DA:22,40
DA:25,40
DA:26,40
DA:27,40
DA:28,40
LH:11
LF:14
end_of_record
SF:P:/Tests/EndlessRunner_AutomatedTests/Assets/Scripts/Sounds/AssignOutputChannel.cs
FN:13,Awake()
FNDA:78,Awake()
FNF:1
FNH:1
BRF:0
BRH:0
DA:13,78
DA:14,78
DA:16,78
DA:17,0
DA:18,0
DA:19,0
DA:20,0
DA:23,78
DA:25,78
DA:26,0
DA:27,0
DA:28,0
DA:30,292
DA:31,146
DA:32,146
DA:33,78
DA:34,78
DA:35,78
DA:37,68
DA:38,78
LH:13
LF:20
end_of_record
SF:P:/Tests/EndlessRunner_AutomatedTests/Assets/Scripts/Missions/Missions.cs
FN:156,Created()
FN:166,GetMissionDesc()
FN:171,GetMissionType()
FN:176,RunStart(TrackManager)
FN:182,Update(TrackManager)
FN:153,BarrierJumpMission()
FNDA:0,Created()
FNDA:0,GetMissionDesc()
FNDA:0,GetMissionType()
FNDA:0,RunStart(TrackManager)
FNDA:0,Update(TrackManager)
FNDA:0,BarrierJumpMission()
FNF:6
FNH:0
BRF:0
BRH:0
DA:153,0
DA:156,0
DA:157,0
DA:158,0
DA:160,0
DA:161,0
DA:162,0
DA:163,0
DA:166,0
DA:167,0
DA:168,0
DA:171,0
DA:172,0
DA:173,0
DA:176,0
DA:177,0
DA:178,0
DA:179,0
DA:182,0
DA:183,0
DA:184,0
DA:185,0
DA:186,0
DA:188,0
DA:190,0
DA:191,0
DA:192,0
DA:194,0
DA:195,0
DA:196,0
DA:197,0
DA:198,0
DA:199,0
DA:201,0
DA:202,0
DA:203,0
DA:204,0
DA:205,0
LH:0
LF:38
end_of_record
SF:P:/Tests/EndlessRunner_AutomatedTests/Assets/Scripts/Characters/Character.cs
FN:27,SetupAccesory(System.Int32)
FNDA:8,SetupAccesory(System.Int32)
FNF:1
FNH:1
BRF:0
BRH:0
DA:27,8
DA:28,64
DA:29,24
DA:30,24
DA:31,24
DA:32,8
LH:6
LF:6
end_of_record
SF:P:/Tests/EndlessRunner_AutomatedTests/Assets/Scripts/Characters/CharacterCollider.cs
FN:37,deathData()
FN:38,collider()
FN:40,audio()
FN:45,tutorialHitObstacle()
FN:45,tutorialHitObstacle(System.Boolean)
FN:66,Start()
FN:73,Init()
FN:81,Slide(System.Boolean)
FN:95,Update()
FN:104,OnTriggerEnter(UnityEngine.Collider)
FN:187,SetInvincibleExplicit(System.Boolean)
FN:192,SetInvincible(System.Single)
FN:43,CharacterCollider()
FN:13,CharacterCollider()
FN:197,InvincibleTimer()
FNDA:3,deathData()
FNDA:0,collider()
FNDA:9,audio()
FNDA:0,tutorialHitObstacle()
FNDA:0,tutorialHitObstacle(System.Boolean)
FNDA:7,Start()
FNDA:8,Init()
FNDA:0,Slide(System.Boolean)
FNDA:428,Update()
FNDA:47,OnTriggerEnter(UnityEngine.Collider)
FNDA:54,SetInvincibleExplicit(System.Boolean)
FNDA:1,SetInvincible(System.Single)
FNDA:7,CharacterCollider()
FNDA:0,CharacterCollider()
FNDA:1,InvincibleTimer()
FNF:15
FNH:10
BRF:0
BRH:0
DA:13,0
DA:37,3
DA:38,0
DA:40,9
DA:43,7
DA:45,0
DA:56,7
DA:57,7
DA:66,7
DA:67,7
DA:68,7
DA:69,7
DA:70,7
DA:73,8
DA:74,8
DA:76,8
DA:77,8
DA:78,8
DA:81,0
DA:82,0
DA:83,0
DA:84,0
DA:85,0
DA:86,0
DA:88,0
DA:89,0
DA:90,0
DA:91,0
DA:92,0
DA:95,428
DA:97,1118
DA:98,131
DA:99,131
DA:100,131
DA:101,428
DA:104,47
DA:105,47
DA:106,40
DA:107,40
DA:108,39
DA:110,40
DA:111,0
DA:112,0
DA:113,0
DA:114,0
DA:115,0
DA:116,0
DA:118,40
DA:119,40
DA:120,40
DA:121,40
DA:122,40
DA:123,40
DA:124,40
DA:125,7
DA:126,4
DA:127,4
DA:128,2
DA:130,2
DA:132,2
DA:134,2
DA:136,2
DA:137,2
DA:138,2
DA:139,2
DA:141,0
DA:142,0
DA:143,0
DA:145,2
DA:146,0
DA:147,0
DA:148,0
DA:150,2
DA:151,2
DA:152,2
DA:154,2
DA:156,2
DA:157,0
DA:158,0
DA:159,0
DA:160,0
DA:163,2
DA:164,2
DA:166,2
DA:167,2
DA:168,2
DA:169,2
DA:170,2
DA:171,2
DA:172,2
DA:174,2
DA:175,2
DA:176,3
DA:177,3
DA:178,3
DA:179,3
DA:180,3
DA:181,3
DA:182,3
DA:183,3
DA:184,47
DA:187,54
DA:188,54
DA:189,54
DA:192,1
DA:193,1
DA:194,1
DA:197,1
DA:198,1
DA:200,1
DA:201,1
DA:202,1
DA:205,53
DA:206,53
DA:207,53
DA:212,53
DA:213,52
DA:214,52
DA:216,52
DA:217,14
DA:218,14
DA:219,14
DA:220,14
DA:221,52
DA:223,0
DA:225,0
DA:226,0
LH:94
LF:127
end_of_record
SF:P:/Tests/EndlessRunner_AutomatedTests/Assets/Scripts/Characters/CharacterDatabase.cs
FN:13,dictionary()
FN:16,loaded()
FN:19,GetCharacter(System.String)
FN:28,LoadDatabase()
FNDA:0,dictionary()
FNDA:18,loaded()
FNDA:7,GetCharacter(System.String)
FNDA:1,LoadDatabase()
FNF:4
FNH:3
BRF:0
BRH:0
DA:13,0
DA:16,18
DA:19,7
DA:21,7
DA:22,1
DA:24,6
DA:25,7
DA:28,1
DA:29,1
DA:30,1
DA:31,1
DA:33,1
DA:34,2
DA:35,2
DA:36,2
DA:37,2
DA:38,2
DA:39,2
DA:40,2
DA:42,1
DA:43,1
DA:44,1
LH:21
LF:22
end_of_record
SF:P:/Tests/EndlessRunner_AutomatedTests/Assets/Scripts/Characters/CharacterInputController.cs
FN:27,coins()
FN:27,coins(System.Int32)
FN:28,premium()
FN:28,premium(System.Int32)
FN:29,currentLife()
FN:29,currentLife(System.Int32)
FN:30,consumables()
FN:31,isJumping()
FN:32,isSliding()
FN:80,Awake()
FN:95,CheatInvincible(System.Boolean)
FN:100,IsCheatInvincible()
FN:105,Init()
FN:121,Begin()
FN:131,End()
FN:136,CleanConsumable()
FN:147,StartRunning()
FN:157,StartMoving()
FN:162,StopMoving()
FN:172,TutorialMoveCheck(System.Int32)
FN:179,Update()
FN:317,Jump()
FN:338,StopJumping()
FN:347,Slide()
FN:371,StopSliding()
FN:382,ChangeLane(System.Int32)
FN:397,UseInventory()
FN:406,UseConsumable(Consumable)
FN:21,CharacterInputController()
FN:10,CharacterInputController()
FNDA:1065,coins()
FNDA:1065,coins(System.Int32)
FNDA:825,premium()
FNDA:825,premium(System.Int32)
FNDA:3279,currentLife()
FNDA:3279,currentLife(System.Int32)
FNDA:2283,consumables()
FNDA:0,isJumping()
FNDA:813,isSliding()
FNDA:7,Awake()
FNDA:8,CheatInvincible(System.Boolean)
FNDA:2,IsCheatInvincible()
FNDA:8,Init()
FNDA:8,Begin()
FNDA:1,End()
FNDA:3,CleanConsumable()
FNDA:7,StartRunning()
FNDA:14,StartMoving()
FNDA:2,StopMoving()
FNDA:0,TutorialMoveCheck(System.Int32)
FNDA:428,Update()
FNDA:0,Jump()
FNDA:0,StopJumping()
FNDA:0,Slide()
FNDA:0,StopSliding()
FNDA:5,ChangeLane(System.Int32)
FNDA:0,UseInventory()
FNDA:3,UseConsumable(Consumable)
FNDA:7,CharacterInputController()
FNDA:0,CharacterInputController()
FNF:30
FNH:22
BRF:0
BRH:0
DA:10,0
DA:11,0
DA:12,0
DA:13,0
DA:14,0
DA:15,0
DA:21,7
DA:23,7
DA:27,1065
DA:28,825
DA:29,3279
DA:30,2283
DA:31,0
DA:32,813
DA:35,7
DA:36,7
DA:38,7
DA:52,7
DA:67,7
DA:68,7
DA:70,7
DA:80,7
DA:81,7
DA:82,7
DA:83,7
DA:84,7
DA:85,7
DA:86,7
DA:95,8
DA:96,8
DA:97,8
DA:100,2
DA:101,2
DA:102,2
DA:105,8
DA:106,8
DA:107,8
DA:109,8
DA:110,8
DA:112,8
DA:114,8
DA:116,8
DA:117,8
DA:121,8
DA:122,8
DA:123,8
DA:125,8
DA:127,8
DA:128,8
DA:131,1
DA:132,1
DA:133,1
DA:136,3
DA:137,6
DA:138,0
DA:139,0
DA:140,0
DA:141,0
DA:143,3
DA:144,3
DA:147,7
DA:148,7
DA:149,7
DA:150,7
DA:151,7
DA:152,7
DA:153,7
DA:154,7
DA:157,14
DA:158,14
DA:159,14
DA:162,2
DA:163,2
DA:164,2
DA:165,2
DA:166,2
DA:167,2
DA:168,2
DA:169,2
DA:172,0
DA:173,0
DA:175,0
DA:176,0
DA:179,428
DA:184,428
DA:185,0
DA:186,0
DA:187,0
DA:188,428
DA:189,0
DA:190,0
DA:191,0
DA:192,428
DA:193,0
DA:194,0
DA:195,0
DA:196,428
DA:197,0
DA:198,0
DA:199,0
DA:200,0
DA:256,428
DA:258,428
DA:259,0
DA:262,0
DA:263,0
DA:264,0
DA:265,0
DA:267,0
DA:268,0
DA:269,0
DA:271,428
DA:272,0
DA:273,0
DA:274,0
DA:277,0
DA:278,0
DA:279,0
DA:280,0
DA:281,0
DA:282,0
DA:283,0
DA:285,0
DA:286,0
DA:287,0
DA:288,0
DA:289,0
DA:290,0
DA:291,0
DA:292,0
DA:293,0
DA:294,0
DA:295,0
DA:296,0
DA:297,0
DA:298,0
DA:300,428
DA:304,428
DA:305,4
DA:306,4
DA:307,4
DA:309,424
DA:310,424
DA:311,424
DA:312,424
DA:313,424
DA:314,428
DA:317,0
DA:318,0
DA:319,0
DA:321,0
DA:322,0
DA:323,0
DA:324,0
DA:326,0
DA:327,0
DA:328,0
DA:330,0
DA:331,0
DA:332,0
DA:333,0
DA:334,0
DA:335,0
DA:338,0
DA:339,0
DA:340,0
DA:341,0
DA:342,0
DA:343,0
DA:344,0
DA:347,0
DA:348,0
DA:349,0
DA:351,0
DA:352,0
DA:354,0
DA:355,0
DA:357,0
DA:358,0
DA:359,0
DA:361,0
DA:362,0
DA:363,0
DA:364,0
DA:366,0
DA:367,0
DA:368,0
DA:371,0
DA:372,0
DA:373,0
DA:374,0
DA:375,0
DA:377,0
DA:378,0
DA:379,0
DA:382,5
DA:383,5
DA:384,1
DA:386,4
DA:388,4
DA:390,3
DA:392,1
DA:393,1
DA:394,5
DA:397,0
DA:398,0
DA:399,0
DA:400,0
DA:401,0
DA:402,0
DA:403,0
DA:406,3
DA:407,3
DA:409,6
DA:410,0
DA:411,0
DA:412,0
DA:414,0
DA:415,0
DA:416,0
DA:418,0
DA:421,3
DA:422,3
DA:424,3
DA:425,3
DA:426,3
LH:104
LF:226
end_of_record
SF:P:/Tests/EndlessRunner_AutomatedTests/Assets/Scripts/Coin.cs
FN:6,Coin()
FNDA:2050,Coin()
FNF:1
FNH:1
BRF:0
BRH:0
DA:6,2050
LH:1
LF:1
end_of_record
SF:P:/Tests/EndlessRunner_AutomatedTests/Assets/Scripts/Consumable/Types/CoinMagnet.cs
FN:10,GetConsumableName()
FN:15,GetConsumableType()
FN:20,GetPrice()
FN:25,GetPremiumCost()
FN:32,Tick(CharacterInputController)
FN:6,CoinMagnet()
FNDA:0,GetConsumableName()
FNDA:1,GetConsumableType()
FNDA:0,GetPrice()
FNDA:0,GetPremiumCost()
FNDA:68,Tick(CharacterInputController)
FNDA:2,CoinMagnet()
FNF:6
FNH:3
BRF:0
BRH:0
DA:6,2
DA:10,0
DA:11,0
DA:12,0
DA:15,1
DA:16,1
DA:17,1
DA:20,0
DA:21,0
DA:22,0
DA:25,0
DA:26,0
DA:27,0
DA:29,2
DA:32,68
DA:33,68
DA:35,68
DA:37,398
DA:38,131
DA:39,131
DA:41,131
DA:42,39
DA:43,39
DA:44,39
DA:45,39
DA:46,131
DA:47,68
LH:18
LF:27
end_of_record
SF:P:/Tests/EndlessRunner_AutomatedTests/Assets/Scripts/Consumable/Consumable.cs
FN:28,active()
FN:29,timeActive()
FN:44,ResetTime()
FN:50,CanBeUsed(CharacterInputController)
FN:85,Tick(CharacterInputController)
FN:96,Ended(CharacterInputController)
FN:26,Consumable()
FN:55,Started()
FN:79,TimedRelease()
FNDA:372,active()
FNDA:360,timeActive()
FNDA:0,ResetTime()
FNDA:0,CanBeUsed(CharacterInputController)
FNDA:123,Tick(CharacterInputController)
FNDA:1,Ended(CharacterInputController)
FNDA:6,Consumable()
FNDA:3,Started()
FNDA:0,TimedRelease()
FNF:9
FNH:6
BRF:0
BRH:0
DA:26,6
DA:28,372
DA:29,360
DA:31,6
DA:44,0
DA:45,0
DA:46,0
DA:50,0
DA:51,0
DA:52,0
DA:55,3
DA:56,3
DA:58,3
DA:59,2
DA:60,2
DA:61,2
DA:62,2
DA:64,3
DA:65,0
DA:67,0
DA:68,0
DA:69,0
DA:70,0
DA:71,0
DA:73,0
DA:74,0
DA:75,0
DA:76,3
DA:79,0
DA:80,0
DA:81,0
DA:82,0
DA:85,123
DA:87,123
DA:88,123
DA:89,1
DA:90,1
DA:91,1
DA:93,123
DA:96,1
DA:97,1
DA:98,0
DA:99,0
DA:100,0
DA:101,0
DA:103,1
DA:104,0
DA:106,4
DA:107,1
DA:108,1
DA:109,0
DA:110,0
DA:111,0
DA:112,0
DA:113,1
DA:114,1
LH:28
LF:56
end_of_record
SF:P:/Tests/EndlessRunner_AutomatedTests/Assets/Scripts/Consumable/ConsumableDatabase.cs
FN:16,Load()
FN:29,GetConsumbale(Consumable/ConsumableType)
FNDA:8,Load()
FNDA:0,GetConsumbale(Consumable/ConsumableType)
FNF:2
FNH:1
BRF:0
BRH:0
DA:16,8
DA:17,8
DA:18,1
DA:19,1
DA:21,10
DA:22,4
DA:23,4
DA:24,4
DA:25,1
DA:26,8
DA:29,0
DA:31,0
DA:32,0
LH:10
LF:13
end_of_record
SF:P:/Tests/EndlessRunner_AutomatedTests/Assets/Scripts/CoroutineHandler.cs
FN:14,instance()
FN:27,OnDisable()
FN:33,StartStaticCoroutine(System.Collections.IEnumerator)
FNDA:10,instance()
FNDA:0,OnDisable()
FNDA:10,StartStaticCoroutine(System.Collections.IEnumerator)
FNF:3
FNH:2
BRF:0
BRH:0
DA:14,10
DA:15,10
DA:16,1
DA:17,1
DA:18,1
DA:19,1
DA:20,1
DA:22,10
DA:23,10
DA:27,0
DA:28,0
DA:29,0
DA:30,0
DA:33,10
DA:34,10
DA:35,10
LH:12
LF:16
end_of_record
SF:P:/Tests/EndlessRunner_AutomatedTests/Assets/Scripts/Sounds/CountdownSound.cs
FN:11,OnEnable()
FN:18,Update()
FNDA:8,OnEnable()
FNDA:381,Update()
FNF:2
FNH:2
BRF:0
BRH:0
DA:11,8
DA:12,8
DA:13,8
DA:14,8
DA:15,8
DA:18,381
DA:19,381
DA:21,381
DA:22,0
DA:23,381
LH:9
LF:10
end_of_record
SF:P:/Tests/EndlessRunner_AutomatedTests/Assets/Scripts/UI/Settings/DataDeleteConfirmation.cs
FN:8,Open(LoadoutState)
FN:14,Close()
FN:19,Confirm()
FN:27,Deny()
FNDA:0,Open(LoadoutState)
FNDA:0,Close()
FNDA:0,Confirm()
FNDA:0,Deny()
FNF:4
FNH:0
BRF:0
BRH:0
DA:8,0
DA:9,0
DA:10,0
DA:11,0
DA:14,0
DA:15,0
DA:16,0
DA:19,0
DA:20,0
DA:21,0
DA:22,0
DA:23,0
DA:24,0
DA:27,0
DA:28,0
DA:29,0
LH:0
LF:16
end_of_record
SF:P:/Tests/EndlessRunner_AutomatedTests/Assets/Scripts/Consumable/Types/ExtraLife.cs
FN:11,GetConsumableName()
FN:16,GetConsumableType()
FN:21,GetPrice()
FN:26,GetPremiumCost()
FN:31,CanBeUsed(CharacterInputController)
FN:39,Started()
FNDA:0,GetConsumableName()
FNDA:1,GetConsumableType()
FNDA:0,GetPrice()
FNDA:0,GetPremiumCost()
FNDA:0,CanBeUsed(CharacterInputController)
FNDA:1,Started()
FNF:6
FNH:2
BRF:0
BRH:0
DA:11,0
DA:12,0
DA:13,0
DA:16,1
DA:17,1
DA:18,1
DA:21,0
DA:22,0
DA:23,0
DA:26,0
DA:27,0
DA:28,0
DA:31,0
DA:32,0
DA:33,0
DA:35,0
DA:36,0
DA:39,1
DA:40,1
DA:41,1
DA:42,1
DA:44,0
DA:45,1
LH:8
LF:23
end_of_record
SF:P:/Tests/EndlessRunner_AutomatedTests/Assets/Scripts/GameManager/GameManager.cs
FN:12,instance()
FN:16,topState()
FN:24,OnEnable()
FN:49,Update()
FN:57,OnApplicationQuit()
FN:73,SwitchState(System.String)
FN:88,FindState(System.String)
FN:99,PopState()
FN:112,PushState(System.String)
FN:20,GameManager()
FNDA:0,instance()
FNDA:0,topState()
FNDA:7,OnEnable()
FNDA:442,Update()
FNDA:0,OnApplicationQuit()
FNDA:9,SwitchState(System.String)
FNDA:9,FindState(System.String)
FNDA:0,PopState()
FNDA:7,PushState(System.String)
FNDA:7,GameManager()
FNF:10
FNH:6
BRF:0
BRH:0
DA:12,0
DA:16,0
DA:20,7
DA:21,7
DA:24,7
DA:25,7
DA:27,7
DA:29,7
DA:32,7
DA:34,7
DA:35,0
DA:37,56
DA:38,21
DA:39,21
DA:40,21
DA:41,21
DA:43,7
DA:45,7
DA:46,7
DA:49,442
DA:50,442
DA:51,442
DA:52,442
DA:53,442
DA:54,442
DA:57,0
DA:69,0
DA:73,9
DA:74,9
DA:75,9
DA:76,0
DA:77,0
DA:78,0
DA:81,9
DA:82,9
DA:83,9
DA:84,9
DA:85,9
DA:88,9
DA:90,9
DA:91,0
DA:92,0
DA:95,9
DA:96,9
DA:99,0
DA:100,0
DA:101,0
DA:102,0
DA:103,0
DA:106,0
DA:107,0
DA:108,0
DA:109,0
DA:112,7
DA:114,7
DA:115,0
DA:116,0
DA:117,0
DA:120,7
DA:121,0
DA:122,0
DA:123,0
DA:124,0
DA:126,7
DA:127,7
DA:128,7
DA:129,7
DA:130,7
LH:42
LF:68
end_of_record
SF:P:/Tests/EndlessRunner_AutomatedTests/Assets/Scripts/GameManager/GameOverState.cs
FN:25,Enter(AState)
FN:48,Exit(AState)
FN:54,GetName()
FN:59,Tick()
FN:64,OpenLeaderboard()
FN:74,GoToStore()
FN:80,GoToLoadout()
FN:86,RunAgain()
FN:92,CreditCoins()
FN:132,FinishRun()
FNDA:1,Enter(AState)
FNDA:1,Exit(AState)
FNDA:7,GetName()
FNDA:47,Tick()
FNDA:0,OpenLeaderboard()
FNDA:0,GoToStore()
FNDA:0,GoToLoadout()
FNDA:1,RunAgain()
FNDA:1,CreditCoins()
FNDA:1,FinishRun()
FNF:10
FNH:7
BRF:0
BRH:0
DA:25,1
DA:26,1
DA:28,1
DA:30,1
DA:31,1
DA:33,1
DA:34,1
DA:36,0
DA:38,1
DA:40,1
DA:41,1
DA:42,1
DA:43,1
DA:44,1
DA:45,1
DA:48,1
DA:49,1
DA:50,1
DA:51,1
DA:54,7
DA:55,7
DA:56,7
DA:59,47
DA:61,47
DA:64,0
DA:65,0
DA:66,0
DA:67,0
DA:68,0
DA:70,0
DA:71,0
DA:74,0
DA:75,0
DA:76,0
DA:80,0
DA:81,0
DA:82,0
DA:83,0
DA:86,1
DA:87,1
DA:88,1
DA:89,1
DA:92,1
DA:93,1
DA:129,1
DA:132,1
DA:133,1
DA:134,0
DA:135,0
DA:136,0
DA:138,1
DA:139,1
DA:140,1
DA:142,1
DA:144,1
DA:158,1
DA:160,1
DA:161,1
LH:40
LF:58
end_of_record
SF:P:/Tests/EndlessRunner_AutomatedTests/Assets/Scripts/GameManager/GameState.cs
FN:89,Enter(AState)
FN:111,Exit(AState)
FN:118,StartGame()
FN:179,GetName()
FN:184,Tick()
FN:283,OnApplicationPause(System.Boolean)
FN:288,OnApplicationFocus(System.Boolean)
FN:293,Pause(System.Boolean)
FN:309,Resume()
FN:323,QuitToLoadout()
FN:334,UpdateUI()
FN:396,ClearPowerup()
FN:409,OpenGameOverPopup()
FN:420,GameOver()
FN:425,PremiumForLife()
FN:444,SecondWind()
FN:451,ShowRewardedAd()
FN:516,TutorialCheckObstacleClear()
FN:562,DisplayTutorial(System.Boolean)
FN:596,FinishTutorial()
FN:59,GameState()
FN:21,GameState()
FN:378,WaitForGameOver()
FNDA:8,Enter(AState)
FNDA:1,Exit(AState)
FNDA:8,StartGame()
FNDA:7,GetName()
FNDA:381,Tick()
FNDA:0,OnApplicationPause(System.Boolean)
FNDA:0,OnApplicationFocus(System.Boolean)
FNDA:0,Pause(System.Boolean)
FNDA:0,Resume()
FNDA:0,QuitToLoadout()
FNDA:265,UpdateUI()
FNDA:2,ClearPowerup()
FNDA:1,OpenGameOverPopup()
FNDA:1,GameOver()
FNDA:0,PremiumForLife()
FNDA:0,SecondWind()
FNDA:0,ShowRewardedAd()
FNDA:0,TutorialCheckObstacleClear()
FNDA:0,DisplayTutorial(System.Boolean)
FNDA:0,FinishTutorial()
FNDA:7,GameState()
FNDA:0,GameState()
FNDA:2,WaitForGameOver()
FNF:23
FNH:11
BRF:0
BRH:0
DA:21,0
DA:59,7
DA:61,7
DA:65,7
DA:69,7
DA:75,7
DA:76,7
DA:78,7
DA:81,7
DA:82,7
DA:84,7
DA:85,7
DA:86,7
DA:89,8
DA:90,8
DA:92,8
DA:93,64
DA:94,24
DA:95,24
DA:96,24
DA:98,8
DA:99,8
DA:100,8
DA:101,8
DA:102,8
DA:104,8
DA:105,8
DA:107,8
DA:108,8
DA:111,1
DA:112,1
DA:114,1
DA:115,1
DA:118,8
DA:119,8
DA:120,8
DA:121,8
DA:122,8
DA:123,8
DA:125,8
DA:126,8
DA:127,8
DA:128,8
DA:129,8
DA:131,8
DA:132,8
DA:133,8
DA:134,8
DA:135,8
DA:137,8
DA:139,8
DA:140,8
DA:142,8
DA:143,0
DA:144,0
DA:145,0
DA:147,0
DA:148,0
DA:149,0
DA:150,0
DA:151,0
DA:152,0
DA:153,0
DA:154,0
DA:156,0
DA:157,0
DA:158,0
DA:160,0
DA:161,0
DA:162,0
DA:163,0
DA:164,0
DA:165,0
DA:167,0
DA:168,0
DA:169,0
DA:170,0
DA:172,8
DA:173,8
DA:175,8
DA:176,8
DA:179,7
DA:180,7
DA:181,7
DA:184,381
DA:185,381
DA:186,109
DA:204,109
DA:207,109
DA:210,272
DA:211,265
DA:212,265
DA:214,265
DA:216,265
DA:217,2
DA:218,2
DA:219,2
DA:220,2
DA:221,2
DA:222,2
DA:223,2
DA:226,265
DA:227,265
DA:229,776
DA:230,123
DA:231,123
DA:232,246
DA:233,120
DA:234,120
DA:235,120
DA:236,120
DA:237,120
DA:239,0
DA:241,123
DA:242,123
DA:243,1
DA:244,1
DA:245,1
DA:246,1
DA:247,122
DA:248,2
DA:250,2
DA:252,2
DA:254,2
DA:255,2
DA:257,2
DA:258,2
DA:259,123
DA:261,532
DA:262,1
DA:263,1
DA:265,1
DA:266,1
DA:267,0
DA:269,1
DA:270,1
DA:271,1
DA:273,265
DA:274,0
DA:276,265
DA:278,265
DA:279,265
DA:280,381
DA:283,0
DA:284,0
DA:285,0
DA:288,0
DA:289,0
DA:290,0
DA:293,0
DA:295,0
DA:296,0
DA:298,0
DA:299,0
DA:301,0
DA:302,0
DA:303,0
DA:304,0
DA:305,0
DA:306,0
DA:309,0
DA:310,0
DA:311,0
DA:312,0
DA:313,0
DA:314,0
DA:315,0
DA:316,0
DA:317,0
DA:319,0
DA:320,0
DA:323,0
DA:325,0
DA:326,0
DA:327,0
DA:328,0
DA:329,0
DA:330,0
DA:331,0
DA:334,265
DA:335,265
DA:336,265
DA:338,2120
DA:339,795
DA:341,795
DA:342,756
DA:343,756
DA:344,756
DA:346,39
DA:347,39
DA:348,39
DA:349,795
DA:351,265
DA:352,265
DA:354,265
DA:356,265
DA:357,43
DA:358,43
DA:359,43
DA:360,43
DA:361,43
DA:363,222
DA:364,222
DA:365,222
DA:368,265
DA:369,0
DA:370,0
DA:371,0
DA:372,0
DA:374,265
DA:375,265
DA:378,2
DA:379,2
DA:380,2
DA:383,2
DA:385,2
DA:386,1
DA:387,1
DA:388,1
DA:389,0
DA:391,1
DA:392,1
DA:393,1
DA:396,2
DA:397,4
DA:398,0
DA:399,0
DA:400,0
DA:401,0
DA:403,2
DA:405,2
DA:406,2
DA:409,1
DA:410,1
DA:412,1
DA:414,1
DA:416,1
DA:417,1
DA:420,1
DA:421,1
DA:422,1
DA:425,0
DA:429,0
DA:430,0
DA:432,0
DA:434,0
DA:438,0
DA:440,0
DA:441,0
DA:444,0
DA:445,0
DA:446,0
DA:447,0
DA:448,0
DA:451,0
DA:452,0
DA:453,0
DA:455,0
DA:479,0
DA:481,0
DA:516,0
DA:517,0
DA:518,0
DA:520,0
DA:521,0
DA:522,0
DA:523,0
DA:524,0
DA:526,0
DA:527,0
DA:529,0
DA:530,0
DA:531,0
DA:533,0
DA:534,0
DA:535,0
DA:536,0
DA:537,0
DA:539,0
DA:541,0
DA:542,0
DA:543,0
DA:544,0
DA:545,0
DA:546,0
DA:548,0
DA:550,0
DA:551,0
DA:552,0
DA:553,0
DA:554,0
DA:555,0
DA:556,0
DA:557,0
DA:558,0
DA:559,0
DA:562,0
DA:563,0
DA:564,0
DA:566,0
DA:567,0
DA:568,0
DA:570,0
DA:573,0
DA:574,0
DA:575,0
DA:577,0
DA:578,0
DA:579,0
DA:581,0
DA:582,0
DA:583,0
DA:585,0
DA:586,0
DA:587,0
DA:588,0
DA:590,0
DA:592,0
DA:596,0
DA:597,0
DA:598,0
DA:600,0
DA:601,0
LH:168
LF:323
end_of_record
SF:P:/Tests/EndlessRunner_AutomatedTests/Assets/Scripts/Helpers.cs
FN:8,SetRendererLayerRecursive(UnityEngine.GameObject, System.Int32)
FNDA:6,SetRendererLayerRecursive(UnityEngine.GameObject, System.Int32)
FNF:1
FNH:1
BRF:0
BRH:0
DA:8,6
DA:9,6
DA:11,60
DA:12,24
DA:13,24
DA:14,24
DA:15,6
LH:7
LF:7
end_of_record
SF:P:/Tests/EndlessRunner_AutomatedTests/Assets/Scripts/PlayerData.cs
FN:17,CompareTo(HighscoreEntry)
FNDA:4,CompareTo(HighscoreEntry)
FNF:1
FNH:1
BRF:0
BRH:0
DA:17,4
DA:19,4
DA:20,4
LH:3
LF:3
end_of_record
SF:P:/Tests/EndlessRunner_AutomatedTests/Assets/Scripts/Consumable/Types/Invincibility.cs
FN:8,GetConsumableName()
FN:13,GetConsumableType()
FN:18,GetPrice()
FN:23,GetPremiumCost()
FN:28,Tick(CharacterInputController)
FN:41,Ended(CharacterInputController)
FN:35,Started()
FNDA:0,GetConsumableName()
FNDA:1,GetConsumableType()
FNDA:0,GetPrice()
FNDA:0,GetPremiumCost()
FNDA:54,Tick(CharacterInputController)
FNDA:0,Ended(CharacterInputController)
FNDA:1,Started()
FNF:7
FNH:3
BRF:0
BRH:0
DA:8,0
DA:9,0
DA:10,0
DA:13,1
DA:14,1
DA:15,1
DA:18,0
DA:19,0
DA:20,0
DA:23,0
DA:24,0
DA:25,0
DA:28,54
DA:29,54
DA:31,54
DA:32,54
DA:35,1
DA:36,1
DA:37,1
DA:38,1
DA:41,0
DA:42,0
DA:43,0
DA:44,0
LH:11
LF:24
end_of_record
SF:P:/Tests/EndlessRunner_AutomatedTests/Assets/Scripts/UI/Leaderboard.cs
FN:14,Open()
FN:21,Close()
FN:26,Populate()
FN:11,Leaderboard()
FNDA:0,Open()
FNDA:0,Close()
FNDA:1,Populate()
FNDA:14,Leaderboard()
FNF:4
FNH:2
BRF:0
BRH:0
DA:11,14
DA:14,0
DA:15,0
DA:17,0
DA:18,0
DA:21,0
DA:22,0
DA:23,0
DA:26,1
DA:28,1
DA:29,14
DA:30,6
DA:31,6
DA:32,6
DA:35,1
DA:36,1
DA:37,1
DA:39,1
DA:40,1
DA:41,1
DA:42,1
DA:43,1
DA:45,1
DA:46,1
DA:47,1
DA:48,1
DA:49,1
DA:51,1
DA:52,0
DA:54,1
DA:56,14
DA:57,6
DA:58,6
DA:60,6
DA:61,1
DA:63,1
DA:66,5
DA:67,5
DA:68,5
DA:69,5
DA:70,5
DA:71,5
DA:73,5
DA:74,5
DA:76,0
DA:77,5
DA:80,1
DA:81,1
DA:83,1
DA:84,1
LH:41
LF:50
end_of_record
SF:P:/Tests/EndlessRunner_AutomatedTests/Assets/Scripts/LevelLoader.cs
FN:7,LoadLevel(System.String)
FNDA:0,LoadLevel(System.String)
FNF:1
FNH:0
BRF:0
BRH:0
DA:7,0
DA:8,0
DA:9,0
LH:0
LF:3
end_of_record
SF:P:/Tests/EndlessRunner_AutomatedTests/Assets/Scripts/UI/LicenceDisplayer.cs
FN:6,Start()
FN:17,Accepted()
FN:24,Refuse()
FN:29,Close()
FNDA:0,Start()
FNDA:0,Accepted()
FNDA:0,Refuse()
FNDA:0,Close()
FNF:4
FNH:0
BRF:0
BRH:0
DA:6,0
DA:7,0
DA:9,0
DA:10,0
DA:12,0
DA:13,0
DA:14,0
DA:17,0
DA:18,0
DA:19,0
DA:20,0
DA:21,0
DA:24,0
DA:25,0
DA:26,0
DA:29,0
DA:30,0
DA:31,0
LH:0
LF:18
end_of_record
SF:P:/Tests/EndlessRunner_AutomatedTests/Assets/Scripts/GameManager/Modifier.cs
FN:38,OnRunTick(GameState)
FN:46,OnRunStart(GameState)
FN:51,OnRunEnd(GameState)
FN:32,LimitedLengthRun(System.Single)
FNDA:0,OnRunTick(GameState)
FNDA:0,OnRunStart(GameState)
FNDA:0,OnRunEnd(GameState)
FNDA:0,LimitedLengthRun(System.Single)
FNF:4
FNH:0
BRF:0
BRH:0
DA:32,0
DA:33,0
DA:34,0
DA:35,0
DA:38,0
DA:39,0
DA:40,0
DA:41,0
DA:42,0
DA:43,0
DA:46,0
DA:48,0
DA:51,0
DA:52,0
DA:53,0
DA:54,0
LH:0
LF:16
end_of_record
SF:P:/Tests/EndlessRunner_AutomatedTests/Assets/Scripts/GameManager/LoadoutState.cs
FN:75,Enter(AState)
FN:113,Exit(AState)
FN:142,Refresh()
FN:150,GetName()
FN:155,Tick()
FN:179,GoToStore()
FN:184,ChangeCharacter(System.Int32)
FN:195,ChangeAccessory(System.Int32)
FN:211,ChangeTheme(System.Int32)
FN:313,SetupAccessory()
FN:331,PopulatePowerup()
FN:357,ChangeConsumable(System.Int32)
FN:384,UnequipPowerup()
FN:390,SetModifier(Modifier)
FN:395,StartGame()
FN:409,Openleaderboard()
FN:58,LoadoutState()
FN:239,PopulateCharacters()
FN:222,PopulateTheme()
FNDA:7,Enter(AState)
FNDA:7,Exit(AState)
FNDA:7,Refresh()
FNDA:14,GetName()
FNDA:14,Tick()
FNDA:0,GoToStore()
FNDA:0,ChangeCharacter(System.Int32)
FNDA:0,ChangeAccessory(System.Int32)
FNDA:0,ChangeTheme(System.Int32)
FNDA:0,SetupAccessory()
FNDA:7,PopulatePowerup()
FNDA:0,ChangeConsumable(System.Int32)
FNDA:0,UnequipPowerup()
FNDA:0,SetModifier(Modifier)
FNDA:7,StartGame()
FNDA:0,Openleaderboard()
FNDA:7,LoadoutState()
FNDA:7,PopulateCharacters()
FNDA:7,PopulateTheme()
FNF:19
FNH:10
BRF:0
BRH:0
DA:58,7
DA:61,7
DA:62,7
DA:66,7
DA:72,7
DA:75,7
DA:76,7
DA:77,7
DA:79,7
DA:80,7
DA:82,7
DA:83,7
DA:85,7
DA:87,7
DA:88,7
DA:91,7
DA:93,7
DA:94,7
DA:95,7
DA:96,7
DA:97,7
DA:99,7
DA:100,7
DA:102,7
DA:103,0
DA:105,0
DA:106,0
DA:107,0
DA:109,7
DA:110,7
DA:113,7
DA:114,7
DA:115,7
DA:117,13
DA:119,7
DA:121,7
DA:122,7
DA:124,7
DA:125,7
DA:126,7
DA:129,7
DA:131,7
DA:132,0
DA:133,0
DA:134,0
DA:135,0
DA:136,0
DA:137,0
DA:138,7
DA:139,7
DA:142,7
DA:143,7
DA:145,7
DA:146,7
DA:147,7
DA:150,14
DA:151,14
DA:152,14
DA:155,14
DA:156,14
DA:157,8
DA:158,8
DA:159,8
DA:160,6
DA:161,6
DA:162,6
DA:165,6
DA:166,6
DA:167,8
DA:169,14
DA:170,0
DA:171,0
DA:172,0
DA:174,14
DA:175,14
DA:176,14
DA:179,0
DA:180,0
DA:181,0
DA:184,0
DA:185,0
DA:186,0
DA:187,0
DA:188,0
DA:189,0
DA:191,0
DA:192,0
DA:195,0
DA:196,0
DA:197,0
DA:198,0
DA:199,0
DA:200,0
DA:202,0
DA:203,0
DA:205,0
DA:207,0
DA:208,0
DA:211,0
DA:212,0
DA:213,0
DA:214,0
DA:215,0
DA:216,0
DA:218,0
DA:219,0
DA:222,7
DA:223,7
DA:225,14
DA:226,8
DA:227,8
DA:228,8
DA:229,7
DA:231,6
DA:232,6
DA:234,6
DA:235,6
DA:236,6
DA:239,7
DA:240,7
DA:241,7
DA:242,7
DA:244,7
DA:245,7
DA:246,7
DA:247,7
DA:248,7
DA:249,7
DA:250,7
DA:252,7
DA:253,6
DA:254,6
DA:255,48
DA:256,18
DA:258,18
DA:259,18
DA:260,0
DA:261,0
DA:262,0
DA:263,18
DA:265,6
DA:266,6
DA:267,0
DA:268,0
DA:269,0
DA:271,6
DA:272,6
DA:273,6
DA:274,6
DA:276,6
DA:278,6
DA:279,6
DA:280,6
DA:281,0
DA:282,0
DA:283,0
DA:285,6
DA:286,6
DA:287,6
DA:288,6
DA:290,6
DA:291,0
DA:293,6
DA:294,6
DA:296,6
DA:300,6
DA:301,0
DA:303,0
DA:304,0
DA:306,1
DA:307,0
DA:308,0
DA:309,0
DA:310,0
DA:313,0
DA:314,0
DA:315,0
DA:317,0
DA:318,0
DA:319,0
DA:320,0
DA:321,0
DA:323,0
DA:324,0
DA:325,0
DA:326,0
DA:327,0
DA:328,0
DA:331,7
DA:332,7
DA:334,7
DA:335,0
DA:336,0
DA:338,0
DA:339,0
DA:340,0
DA:341,0
DA:342,0
DA:343,0
DA:345,0
DA:346,0
DA:347,0
DA:348,0
DA:349,0
DA:351,7
DA:352,7
DA:353,7
DA:354,7
DA:357,0
DA:358,0
DA:360,0
DA:361,0
DA:362,0
DA:363,0
DA:364,0
DA:365,0
DA:366,0
DA:367,0
DA:368,0
DA:369,0
DA:371,0
DA:372,0
DA:373,0
DA:374,0
DA:375,0
DA:377,0
DA:379,0
DA:380,0
DA:381,0
DA:384,0
DA:385,0
DA:386,0
DA:390,0
DA:391,0
DA:392,0
DA:395,7
DA:396,7
DA:397,7
DA:398,7
DA:399,0
DA:400,0
DA:401,0
DA:402,0
DA:403,7
DA:405,7
DA:406,7
DA:409,0
DA:410,0
DA:411,0
DA:412,0
DA:413,0
LH:128
LF:251
end_of_record
SF:P:/Tests/EndlessRunner_AutomatedTests/Assets/Scripts/UI/MainMenu.cs
FN:7,LoadScene(System.String)
FNDA:0,LoadScene(System.String)
FNF:1
FNH:0
BRF:0
BRH:0
DA:7,0
DA:8,0
DA:9,0
LH:0
LF:3
end_of_record
SF:P:/Tests/EndlessRunner_AutomatedTests/Assets/Scripts/Obstacles/Missile.cs
FN:20,m_Ready()
FN:20,m_Ready(System.Boolean)
FN:29,Awake()
FN:66,Setup()
FN:71,Impacted()
FN:81,Update()
FN:12,Missile()
FN:34,Spawn()
FNDA:0,m_Ready()
FNDA:0,m_Ready(System.Boolean)
FNDA:0,Awake()
FNDA:0,Setup()
FNDA:0,Impacted()
FNDA:0,Update()
FNDA:0,Missile()
FNDA:0,Spawn()
FNF:8
FNH:0
BRF:0
BRH:0
DA:12,0
DA:13,0
DA:20,0
DA:29,0
DA:30,0
DA:31,0
DA:34,0
DA:35,0
DA:39,0
DA:41,0
DA:42,0
DA:43,0
DA:44,0
DA:45,0
DA:46,0
DA:48,0
DA:50,0
DA:51,0
DA:53,0
DA:54,0
DA:55,0
DA:58,0
DA:59,0
DA:60,0
DA:62,0
DA:63,0
DA:66,0
DA:67,0
DA:68,0
DA:71,0
DA:72,0
DA:74,0
DA:75,0
DA:76,0
DA:77,0
DA:78,0
DA:81,0
DA:82,0
DA:83,0
DA:84,0
DA:85,0
DA:86,0
DA:87,0
DA:89,0
DA:90,0
DA:91,0
DA:92,0
DA:93,0
DA:94,0
DA:95,0
DA:97,0
DA:98,0
DA:99,0
DA:100,0
DA:101,0
DA:102,0
DA:104,0
DA:105,0
DA:106,0
DA:107,0
DA:108,0
LH:0
LF:61
end_of_record
SF:P:/Tests/EndlessRunner_AutomatedTests/Assets/Scripts/Missions/Missions.cs
FN:27,isComplete()
FN:30,Serialize(System.IO.BinaryWriter)
FN:37,Deserialize(System.IO.BinaryReader)
FN:43,HaveProgressBar()
FN:52,GetNewMissionFromType(MissionBase/MissionType)
FNDA:12,isComplete()
FNDA:4,Serialize(System.IO.BinaryWriter)
FNDA:16,Deserialize(System.IO.BinaryReader)
FNDA:0,HaveProgressBar()
FNDA:16,GetNewMissionFromType(MissionBase/MissionType)
FNF:5
FNH:4
BRF:0
BRH:0
DA:27,12
DA:30,4
DA:31,4
DA:32,4
DA:33,4
DA:34,4
DA:37,16
DA:38,16
DA:39,16
DA:40,16
DA:41,16
DA:43,0
DA:52,16
DA:53,16
DA:56,0
DA:58,0
DA:60,0
DA:62,8
DA:64,8
DA:67,0
DA:68,16
LH:16
LF:21
end_of_record
SF:P:/Tests/EndlessRunner_AutomatedTests/Assets/Scripts/UI/MissionEntry.cs
FN:16,FillWithMission(MissionBase, MissionUI)
FNDA:2,FillWithMission(MissionBase, MissionUI)
FNF:1
FNH:1
BRF:0
BRH:0
DA:16,2
DA:17,2
DA:18,2
DA:20,2
DA:21,1
DA:22,1
DA:23,1
DA:25,1
DA:27,1
DA:28,1
DA:29,1
DA:31,1
DA:32,1
DA:34,1
DA:35,1
DA:36,1
DA:38,1
DA:40,1
DA:41,1
DA:43,1
DA:44,1
DA:45,2
LH:22
LF:22
end_of_record
SF:P:/Tests/EndlessRunner_AutomatedTests/Assets/Scripts/UI/MissionUI.cs
FN:51,CallOpen()
FN:57,Claim(MissionBase)
FN:65,Close()
FN:13,Open()
FNDA:0,CallOpen()
FNDA:0,Claim(MissionBase)
FNDA:1,Close()
FNDA:1,Open()
FNF:4
FNH:2
BRF:0
BRH:0
DA:13,1
DA:14,1
DA:16,3
DA:17,0
DA:19,8
DA:20,3
DA:21,3
DA:22,2
DA:23,2
DA:24,2
DA:25,2
DA:26,0
DA:27,0
DA:28,0
DA:30,2
DA:31,2
DA:32,2
DA:33,2
DA:35,1
DA:36,1
DA:37,1
DA:38,1
DA:39,0
DA:40,0
DA:41,0
DA:43,1
DA:44,1
DA:45,1
DA:46,1
DA:47,3
DA:48,1
DA:51,0
DA:52,0
DA:53,0
DA:54,0
DA:57,0
DA:58,0
DA:61,0
DA:62,0
DA:65,1
DA:66,1
DA:67,1
LH:27
LF:42
end_of_record
SF:P:/Tests/EndlessRunner_AutomatedTests/Assets/Scripts/GameManager/Modifier.cs
FN:10,OnRunStart(GameState)
FN:15,OnRunTick(GameState)
FN:21,OnRunEnd(GameState)
FNDA:8,OnRunStart(GameState)
FNDA:265,OnRunTick(GameState)
FNDA:1,OnRunEnd(GameState)
FNF:3
FNH:3
BRF:0
BRH:0
DA:10,8
DA:12,8
DA:15,265
DA:17,265
DA:21,1
DA:22,1
DA:23,1
LH:7
LF:7
end_of_record
SF:P:/Tests/EndlessRunner_AutomatedTests/Assets/Scripts/Missions/Missions.cs
FN:252,HaveProgressBar()
FN:257,Created()
FN:268,GetMissionDesc()
FN:273,GetMissionType()
FN:278,RunStart(TrackManager)
FN:283,Update(TrackManager)
FNDA:0,HaveProgressBar()
FNDA:0,Created()
FNDA:1,GetMissionDesc()
FNDA:2,GetMissionType()
FNDA:8,RunStart(TrackManager)
FNDA:271,Update(TrackManager)
FNF:6
FNH:4
BRF:0
BRH:0
DA:252,0
DA:253,0
DA:254,0
DA:257,0
DA:258,0
DA:259,0
DA:261,0
DA:262,0
DA:264,0
DA:265,0
DA:268,1
DA:269,1
DA:270,1
DA:273,2
DA:274,2
DA:275,2
DA:278,8
DA:279,8
DA:280,8
DA:283,271
DA:284,271
DA:285,7
DA:286,271
LH:13
LF:23
end_of_record
SF:P:/Tests/EndlessRunner_AutomatedTests/Assets/Scripts/Sounds/MusicPlayer.cs
FN:15,instance()
FN:22,Awake()
FN:39,Start()
FN:61,SetStem(System.Int32, UnityEngine.AudioClip)
FN:72,GetStem(System.Int32)
FN:96,UpdateVolumes(System.Single)
FN:19,MusicPlayer()
FN:77,RestartAllStems()
FNDA:1191,instance()
FNDA:7,Awake()
FNDA:1,Start()
FNDA:16,SetStem(System.Int32, UnityEngine.AudioClip)
FNDA:16,GetStem(System.Int32)
FNDA:271,UpdateVolumes(System.Single)
FNDA:14,MusicPlayer()
FNDA:17,RestartAllStems()
FNF:8
FNH:8
BRF:0
BRH:0
DA:15,1191
DA:19,14
DA:22,7
DA:23,7
DA:24,6
DA:25,6
DA:26,6
DA:29,1
DA:32,1
DA:33,1
DA:35,1
DA:36,7
DA:39,1
DA:40,1
DA:42,1
DA:43,1
DA:44,1
DA:45,1
DA:46,1
DA:47,1
DA:49,0
DA:50,0
DA:51,0
DA:52,0
DA:54,0
DA:55,0
DA:57,1
DA:58,1
DA:61,16
DA:62,16
DA:63,0
DA:64,0
DA:65,0
DA:68,16
DA:69,16
DA:72,16
DA:73,16
DA:74,16
DA:77,17
DA:78,238
DA:79,102
DA:80,102
DA:81,102
DA:82,102
DA:83,102
DA:87,17
DA:89,126
DA:90,54
DA:91,54
DA:92,54
DA:93,9
DA:96,271
DA:99,3794
DA:100,1626
DA:101,1626
DA:102,1626
DA:103,1626
DA:104,271
LH:49
LF:58
end_of_record
SF:P:/Tests/EndlessRunner_AutomatedTests/Assets/Scripts/Obstacles/Obstacle.cs
FN:13,Setup()
FN:18,Impacted()
FNDA:0,Setup()
FNDA:1,Impacted()
FNF:2
FNH:1
BRF:0
BRH:0
DA:13,0
DA:18,1
DA:19,1
DA:20,1
DA:22,1
DA:23,1
DA:24,1
DA:25,1
DA:27,1
DA:28,1
DA:29,1
DA:30,1
DA:31,1
DA:32,1
DA:33,1
DA:34,1
LH:15
LF:16
end_of_record
SF:P:/Tests/EndlessRunner_AutomatedTests/Assets/Scripts/OpenURL.cs
FN:8,OpenURLOnClick()
FNDA:0,OpenURLOnClick()
FNF:1
FNH:0
BRF:0
BRH:0
DA:8,0
DA:9,0
DA:10,0
LH:0
LF:3
end_of_record
SF:P:/Tests/EndlessRunner_AutomatedTests/Assets/Scripts/Obstacles/PatrollingObstacle.cs
FN:59,Setup()
FN:86,Impacted()
FN:97,Update()
FN:12,PatrollingObstacle()
FN:8,PatrollingObstacle()
FN:32,Spawn()
FNDA:10,Setup()
FNDA:0,Impacted()
FNDA:599,Update()
FNDA:11,PatrollingObstacle()
FNDA:0,PatrollingObstacle()
FNDA:10,Spawn()
FNF:6
FNH:4
BRF:0
BRH:0
DA:8,0
DA:9,0
DA:12,11
DA:14,11
DA:22,11
DA:27,11
DA:32,10
DA:35,10
DA:36,10
DA:37,10
DA:38,10
DA:39,0
DA:40,0
DA:41,0
DA:43,10
DA:45,10
DA:47,10
DA:48,10
DA:51,10
DA:52,10
DA:53,10
DA:55,10
DA:56,10
DA:59,10
DA:60,10
DA:61,10
DA:62,10
DA:63,10
DA:64,10
DA:65,10
DA:66,10
DA:68,10
DA:69,10
DA:71,10
DA:74,10
DA:76,10
DA:77,10
DA:78,10
DA:79,10
DA:80,10
DA:82,10
DA:83,10
DA:86,0
DA:87,0
DA:88,0
DA:90,0
DA:91,0
DA:92,0
DA:93,0
DA:94,0
DA:97,599
DA:98,599
DA:99,10
DA:101,589
DA:103,589
DA:104,599
LH:43
LF:56
end_of_record
SF:P:/Tests/EndlessRunner_AutomatedTests/Assets/Scripts/Missions/Missions.cs
FN:114,Created()
FN:124,GetMissionDesc()
FN:129,GetMissionType()
FN:134,RunStart(TrackManager)
FN:139,Update(TrackManager)
FNDA:0,Created()
FNDA:0,GetMissionDesc()
FNDA:0,GetMissionType()
FNDA:0,RunStart(TrackManager)
FNDA:0,Update(TrackManager)
FNF:5
FNH:0
BRF:0
BRH:0
DA:114,0
DA:115,0
DA:116,0
DA:118,0
DA:119,0
DA:120,0
DA:121,0
DA:124,0
DA:125,0
DA:126,0
DA:129,0
DA:130,0
DA:131,0
DA:134,0
DA:135,0
DA:136,0
DA:139,0
DA:140,0
DA:141,0
DA:143,0
DA:144,0
LH:0
LF:21
end_of_record
SF:P:/Tests/EndlessRunner_AutomatedTests/Assets/Scripts/PlayerData.cs
FN:30,instance()
FN:67,Consume(Consumable/ConsumableType)
FN:81,Add(Consumable/ConsumableType)
FN:93,AddCharacter(System.String)
FN:98,AddTheme(System.String)
FN:103,AddAccessory(System.String)
FN:111,CheckMissionsCount()
FN:117,AddMission()
FN:127,StartRunMissions(TrackManager)
FN:135,UpdateMissions(TrackManager)
FN:143,AnyMissionComplete()
FN:153,ClaimMission(MissionBase)
FN:178,GetScorePlace(System.Int32)
FN:189,InsertScore(System.Int32, System.String)
FN:204,Create()
FN:233,NewSave()
FN:259,Read()
FN:391,Save()
FN:32,PlayerData()
FN:64,PlayerData()
FNDA:2445,instance()
FNDA:0,Consume(Consumable/ConsumableType)
FNDA:0,Add(Consumable/ConsumableType)
FNDA:0,AddCharacter(System.String)
FNDA:0,AddTheme(System.String)
FNDA:0,AddAccessory(System.String)
FNDA:8,CheckMissionsCount()
FNDA:0,AddMission()
FNDA:8,StartRunMissions(TrackManager)
FNDA:271,UpdateMissions(TrackManager)
FNDA:1,AnyMissionComplete()
FNDA:0,ClaimMission(MissionBase)
FNDA:2,GetScorePlace(System.Int32)
FNDA:1,InsertScore(System.Int32, System.String)
FNDA:8,Create()
FNDA:0,NewSave()
FNDA:8,Read()
FNDA:2,Save()
FNDA:1,PlayerData()
FNDA:1,PlayerData()
FNF:20
FNH:12
BRF:0
BRH:0
DA:30,2445
DA:32,1
DA:37,1
DA:39,1
DA:41,1
DA:42,1
DA:43,1
DA:45,1
DA:46,1
DA:48,1
DA:53,3
DA:57,1
DA:59,1
DA:64,1
DA:67,0
DA:68,0
DA:69,0
DA:71,0
DA:72,0
DA:73,0
DA:74,0
DA:75,0
DA:77,0
DA:78,0
DA:81,0
DA:82,0
DA:83,0
DA:84,0
DA:85,0
DA:87,0
DA:89,0
DA:90,0
DA:93,0
DA:94,0
DA:95,0
DA:98,0
DA:99,0
DA:100,0
DA:103,0
DA:104,0
DA:105,0
DA:111,8
DA:112,8
DA:113,0
DA:114,8
DA:117,0
DA:118,0
DA:120,0
DA:121,0
DA:123,0
DA:124,0
DA:127,8
DA:128,48
DA:129,16
DA:130,16
DA:131,16
DA:132,8
DA:135,271
DA:136,1626
DA:137,542
DA:138,542
DA:139,542
DA:140,271
DA:143,1
DA:144,4
DA:145,2
DA:146,3
DA:147,1
DA:149,0
DA:150,1
DA:153,0
DA:154,0
DA:168,0
DA:170,0
DA:172,0
DA:173,0
DA:178,2
DA:179,2
DA:180,2
DA:181,2
DA:183,2
DA:185,2
DA:186,2
DA:189,1
DA:190,1
DA:191,1
DA:192,1
DA:194,1
DA:197,2
DA:198,1
DA:199,1
DA:204,8
DA:205,8
DA:206,1
DA:207,1
DA:212,1
DA:213,1
DA:214,1
DA:216,8
DA:218,8
DA:219,8
DA:221,8
DA:222,8
DA:224,0
DA:226,0
DA:227,0
DA:229,8
DA:230,8
DA:233,0
DA:234,0
DA:235,0
DA:236,0
DA:237,0
DA:238,0
DA:240,0
DA:241,0
DA:242,0
DA:244,0
DA:245,0
DA:247,0
DA:248,0
DA:250,0
DA:251,0
DA:253,0
DA:255,0
DA:256,0
DA:259,8
DA:260,8
DA:262,8
DA:264,8
DA:265,0
DA:266,0
DA:268,0
DA:269,0
DA:270,0
DA:271,0
DA:273,8
DA:275,8
DA:276,8
DA:277,16
DA:278,0
DA:279,0
DA:280,0
DA:283,8
DA:284,8
DA:285,32
DA:286,8
DA:287,8
DA:289,8
DA:290,0
DA:291,0
DA:292,0
DA:294,8
DA:295,8
DA:297,8
DA:300,8
DA:301,8
DA:302,16
DA:303,0
DA:304,0
DA:305,0
DA:308,8
DA:309,8
DA:310,32
DA:311,8
DA:312,8
DA:313,8
DA:315,8
DA:318,8
DA:319,8
DA:320,8
DA:321,8
DA:324,8
DA:325,8
DA:326,8
DA:327,8
DA:328,176
DA:329,80
DA:330,80
DA:331,80
DA:332,80
DA:334,80
DA:335,80
DA:336,8
DA:339,8
DA:340,8
DA:341,8
DA:343,8
DA:344,48
DA:345,16
DA:346,16
DA:347,16
DA:349,16
DA:351,16
DA:352,16
DA:353,16
DA:354,16
DA:355,16
DA:356,8
DA:359,8
DA:360,8
DA:361,8
DA:362,8
DA:364,8
DA:365,8
DA:366,8
DA:367,8
DA:369,8
DA:370,8
DA:371,8
DA:372,8
DA:373,8
DA:374,8
DA:376,8
DA:377,8
DA:378,8
DA:379,8
DA:380,8
DA:382,8
DA:383,8
DA:384,8
DA:385,8
DA:387,8
DA:388,8
DA:391,2
DA:392,2
DA:394,2
DA:395,2
DA:397,2
DA:398,6
DA:399,0
DA:400,0
DA:401,0
DA:402,0
DA:405,2
DA:406,10
DA:407,2
DA:408,2
DA:409,2
DA:411,2
DA:413,2
DA:414,6
DA:415,0
DA:416,0
DA:417,0
DA:420,2
DA:421,10
DA:422,2
DA:423,2
DA:424,2
DA:426,2
DA:427,2
DA:430,2
DA:431,44
DA:432,20
DA:433,20
DA:434,20
DA:435,20
DA:438,2
DA:439,12
DA:440,4
DA:441,4
DA:442,4
DA:443,4
DA:446,2
DA:448,2
DA:450,2
DA:451,2
DA:452,2
DA:454,2
DA:455,2
DA:457,2
DA:459,2
DA:460,2
LH:190
LF:274
end_of_record
SF:P:/Tests/EndlessRunner_AutomatedTests/Assets/Scripts/PlayerData.cs
FN:471,ClearSave()
FN:477,GiveCoins()
FN:485,AddConsumables()
FNDA:0,ClearSave()
FNDA:0,GiveCoins()
FNDA:0,AddConsumables()
FNF:3
FNH:0
BRF:0
BRH:0
DA:471,0
DA:472,0
DA:473,0
DA:477,0
DA:478,0
DA:479,0
DA:480,0
DA:481,0
DA:485,0
DA:487,0
DA:488,0
DA:489,0
DA:490,0
DA:491,0
DA:492,0
DA:493,0
DA:494,0
DA:496,0
DA:497,0
LH:0
LF:19
end_of_record
SF:P:/Tests/EndlessRunner_AutomatedTests/Assets/Scripts/Pooler.cs
FN:27,Get()
FN:32,Get(UnityEngine.Vector3, UnityEngine.Quaternion)
FN:43,Free(UnityEngine.GameObject)
FN:10,Pooler(UnityEngine.GameObject, System.Int32)
FNDA:0,Get()
FNDA:942,Get(UnityEngine.Vector3, UnityEngine.Quaternion)
FNDA:40,Free(UnityEngine.GameObject)
FNDA:8,Pooler(UnityEngine.GameObject, System.Int32)
FNF:4
FNH:3
BRF:0
BRH:0
DA:10,8
DA:13,8
DA:14,8
DA:15,8
DA:16,8
DA:18,4112
DA:19,2048
DA:20,2048
DA:21,2048
DA:22,2048
DA:23,2048
DA:24,8
DA:27,0
DA:28,0
DA:29,0
DA:32,942
DA:33,942
DA:35,942
DA:36,942
DA:37,942
DA:39,942
DA:40,942
DA:43,40
DA:44,40
DA:45,40
DA:46,40
DA:47,40
LH:24
LF:27
end_of_record
SF:P:/Tests/EndlessRunner_AutomatedTests/Assets/Scripts/UI/PowerupIcon.cs
FN:13,Start()
FN:18,Update()
FNDA:2,Start()
FNDA:120,Update()
FNF:2
FNH:2
BRF:0
BRH:0
DA:13,2
DA:14,2
DA:15,2
DA:18,120
DA:19,120
DA:20,120
LH:6
LF:6
end_of_record
SF:P:/Tests/EndlessRunner_AutomatedTests/Assets/Scripts/Characters/RandomAnimation.cs
FN:9,OnStateEnter(UnityEngine.Animator, UnityEngine.AnimatorStateInfo, System.Int32)
FNDA:15,OnStateEnter(UnityEngine.Animator, UnityEngine.AnimatorStateInfo, System.Int32)
FNF:1
FNH:1
BRF:0
BRH:0
DA:9,15
DA:10,15
DA:11,15
LH:3
LF:3
end_of_record
SF:P:/Tests/EndlessRunner_AutomatedTests/Assets/Scripts/Characters/RestartRunning.cs
FN:8,OnStateExit(UnityEngine.Animator, UnityEngine.AnimatorStateInfo, System.Int32)
FN:5,RestartRunning()
FNDA:2,OnStateExit(UnityEngine.Animator, UnityEngine.AnimatorStateInfo, System.Int32)
FNDA:0,RestartRunning()
FNF:2
FNH:1
BRF:0
BRH:0
DA:5,0
DA:8,2
DA:10,2
DA:11,2
DA:13,0
DA:14,2
LH:4
LF:6
end_of_record
SF:P:/Tests/EndlessRunner_AutomatedTests/Assets/Scripts/Consumable/Types/Score2Multiplier.cs
FN:8,GetConsumableName()
FN:13,GetConsumableType()
FN:18,GetPrice()
FN:23,GetPremiumCost()
FN:37,Ended(CharacterInputController)
FN:44,MultiplyModify(System.Int32)
FN:28,Started()
FNDA:0,GetConsumableName()
FNDA:1,GetConsumableType()
FNDA:0,GetPrice()
FNDA:0,GetPremiumCost()
FNDA:0,Ended(CharacterInputController)
FNDA:0,MultiplyModify(System.Int32)
FNDA:0,Started()
FNF:7
FNH:1
BRF:0
BRH:0
DA:8,0
DA:9,0
DA:10,0
DA:13,1
DA:14,1
DA:15,1
DA:18,0
DA:19,0
DA:20,0
DA:23,0
DA:24,0
DA:25,0
DA:28,0
DA:29,0
DA:31,0
DA:33,0
DA:34,0
DA:37,0
DA:38,0
DA:40,0
DA:41,0
DA:44,0
DA:45,0
DA:46,0
LH:3
LF:24
end_of_record
SF:P:/Tests/EndlessRunner_AutomatedTests/Assets/Scripts/GameManager/Modifier.cs
FN:69,OnRunStart(GameState)
FN:74,OnRunEnd(GameState)
FN:63,SeededRun()
FNDA:0,OnRunStart(GameState)
FNDA:0,OnRunEnd(GameState)
FNDA:0,SeededRun()
FNF:3
FNH:0
BRF:0
BRH:0
DA:63,0
DA:64,0
DA:65,0
DA:66,0
DA:69,0
DA:70,0
DA:71,0
DA:74,0
DA:75,0
DA:76,0
DA:77,0
LH:0
LF:11
end_of_record
SF:P:/Tests/EndlessRunner_AutomatedTests/Assets/Scripts/UI/Settings/SettingPopup.cs
FN:26,Open()
FN:32,Close()
FN:38,UpdateUI()
FN:49,DeleteData()
FN:55,MasterVolumeChangeValue(System.Single)
FN:62,MusicVolumeChangeValue(System.Single)
FN:69,MasterSFXVolumeChangeValue(System.Single)
FNDA:0,Open()
FNDA:0,Close()
FNDA:0,UpdateUI()
FNDA:0,DeleteData()
FNDA:0,MasterVolumeChangeValue(System.Single)
FNDA:0,MusicVolumeChangeValue(System.Single)
FNDA:0,MasterSFXVolumeChangeValue(System.Single)
FNF:7
FNH:0
BRF:0
BRH:0
DA:26,0
DA:27,0
DA:28,0
DA:29,0
DA:32,0
DA:33,0
DA:34,0
DA:35,0
DA:38,0
DA:39,0
DA:40,0
DA:41,0
DA:43,0
DA:44,0
DA:45,0
DA:46,0
DA:49,0
DA:50,0
DA:51,0
DA:55,0
DA:56,0
DA:57,0
DA:58,0
DA:59,0
DA:62,0
DA:63,0
DA:64,0
DA:65,0
DA:66,0
DA:69,0
DA:70,0
DA:71,0
DA:72,0
DA:73,0
LH:0
LF:34
end_of_record
SF:P:/Tests/EndlessRunner_AutomatedTests/Assets/Scripts/UI/Shop/ShopAccessoriesList.cs
FN:16,Populate()
FN:40,LoadedCharacter(UnityEngine.ResourceManagement.AsyncOperations.AsyncOperationHandle[GameObject], System.Int32)
FN:62,LoadedAccessory(UnityEngine.ResourceManagement.AsyncOperations.AsyncOperationHandle[GameObject], System.Int32, System.Int32)
FN:127,RefreshButton(ShopItemListItem, CharacterAccessories, System.String)
FN:159,Buy(System.String, System.Int32, System.Int32)
FN:14,ShopAccessoriesList()
FNDA:0,Populate()
FNDA:0,LoadedCharacter(UnityEngine.ResourceManagement.AsyncOperations.AsyncOperationHandle[GameObject], System.Int32)
FNDA:0,LoadedAccessory(UnityEngine.ResourceManagement.AsyncOperations.AsyncOperationHandle[GameObject], System.Int32, System.Int32)
FNDA:0,RefreshButton(ShopItemListItem, CharacterAccessories, System.String)
FNDA:0,Buy(System.String, System.Int32, System.Int32)
FNDA:0,ShopAccessoriesList()
FNF:6
FNH:0
BRF:0
BRH:0
DA:14,0
DA:16,0
DA:17,0
DA:19,0
DA:20,0
DA:21,0
DA:22,0
DA:24,0
DA:25,0
DA:26,0
DA:27,0
DA:29,0
DA:30,0
DA:31,0
DA:33,0
DA:34,0
DA:35,0
DA:36,0
DA:37,0
DA:40,0
DA:41,0
DA:42,0
DA:43,0
DA:44,0
DA:46,0
DA:47,0
DA:49,0
DA:50,0
DA:51,0
DA:52,0
DA:54,0
DA:55,0
DA:56,0
DA:57,0
DA:58,0
DA:59,0
DA:62,0
DA:63,0
DA:64,0
DA:65,0
DA:66,0
DA:67,0
DA:69,0
DA:70,0
DA:72,0
DA:73,0
DA:75,0
DA:77,0
DA:79,0
DA:80,0
DA:81,0
DA:82,0
DA:84,0
DA:85,0
DA:86,0
DA:87,0
DA:88,0
DA:90,0
DA:91,0
DA:92,0
DA:94,0
DA:95,0
DA:96,0
DA:97,0
DA:99,0
DA:100,0
DA:101,0
DA:103,0
DA:105,0
DA:106,0
DA:108,0
DA:109,0
DA:110,0
DA:111,0
DA:112,0
DA:113,0
DA:114,0
DA:115,0
DA:116,0
DA:118,0
DA:119,0
DA:120,0
DA:121,0
DA:122,0
DA:123,0
DA:124,0
DA:127,0
DA:128,0
DA:129,0
DA:130,0
DA:131,0
DA:132,0
DA:134,0
DA:135,0
DA:136,0
DA:138,0
DA:139,0
DA:140,0
DA:141,0
DA:142,0
DA:144,0
DA:145,0
DA:146,0
DA:148,0
DA:149,0
DA:150,0
DA:151,0
DA:152,0
DA:153,0
DA:154,0
DA:159,0
DA:160,0
DA:161,0
DA:162,0
DA:163,0
DA:212,0
DA:213,0
LH:0
LF:117
end_of_record
SF:P:/Tests/EndlessRunner_AutomatedTests/Assets/Scripts/UI/Shop/ShopCharacterList.cs
FN:12,Populate()
FN:62,RefreshButton(ShopItemListItem, Character)
FN:94,Buy(Character)
FNDA:0,Populate()
FNDA:0,RefreshButton(ShopItemListItem, Character)
FNDA:0,Buy(Character)
FNF:3
FNH:0
BRF:0
BRH:0
DA:12,0
DA:13,0
DA:14,0
DA:15,0
DA:16,0
DA:17,0
DA:19,0
DA:20,0
DA:21,0
DA:22,0
DA:23,0
DA:24,0
DA:25,0
DA:26,0
DA:27,0
DA:28,0
DA:29,0
DA:31,0
DA:32,0
DA:34,0
DA:36,0
DA:37,0
DA:38,0
DA:40,0
DA:42,0
DA:43,0
DA:44,0
DA:45,0
DA:46,0
DA:48,0
DA:49,0
DA:50,0
DA:52,0
DA:54,0
DA:55,0
DA:56,0
DA:57,0
DA:58,0
DA:59,0
DA:62,0
DA:63,0
DA:64,0
DA:65,0
DA:66,0
DA:67,0
DA:69,0
DA:70,0
DA:71,0
DA:73,0
DA:74,0
DA:75,0
DA:76,0
DA:77,0
DA:79,0
DA:80,0
DA:81,0
DA:83,0
DA:84,0
DA:85,0
DA:86,0
DA:87,0
DA:88,0
DA:89,0
DA:94,0
DA:95,0
DA:96,0
DA:97,0
DA:98,0
DA:148,0
DA:149,0
LH:0
LF:70
end_of_record
SF:P:/Tests/EndlessRunner_AutomatedTests/Assets/Scripts/UI/Shop/ShopItemList.cs
FN:14,Populate()
FN:66,RefreshButton(ShopItemListItem, Consumable)
FN:93,Buy(Consumable)
FN:11,ShopItemList()
FNDA:0,Populate()
FNDA:0,RefreshButton(ShopItemListItem, Consumable)
FNDA:0,Buy(Consumable)
FNDA:0,ShopItemList()
FNF:4
FNH:0
BRF:0
BRH:0
DA:11,0
DA:14,0
DA:15,0
DA:16,0
DA:17,0
DA:18,0
DA:19,0
DA:21,0
DA:22,0
DA:23,0
DA:24,0
DA:25,0
DA:26,0
DA:27,0
DA:28,0
DA:29,0
DA:30,0
DA:31,0
DA:33,0
DA:34,0
DA:36,0
DA:38,0
DA:40,0
DA:41,0
DA:43,0
DA:44,0
DA:45,0
DA:46,0
DA:47,0
DA:49,0
DA:50,0
DA:51,0
DA:53,0
DA:55,0
DA:57,0
DA:58,0
DA:59,0
DA:60,0
DA:61,0
DA:62,0
DA:63,0
DA:66,0
DA:67,0
DA:68,0
DA:69,0
DA:71,0
DA:72,0
DA:73,0
DA:74,0
DA:75,0
DA:77,0
DA:78,0
DA:79,0
DA:81,0
DA:82,0
DA:83,0
DA:84,0
DA:85,0
DA:87,0
DA:88,0
DA:89,0
DA:90,0
DA:93,0
DA:94,0
DA:95,0
DA:96,0
DA:97,0
DA:146,0
DA:147,0
LH:0
LF:69
end_of_record
SF:P:/Tests/EndlessRunner_AutomatedTests/Assets/Scripts/UI/Shop/ShopList.cs
FN:15,Open()
FN:21,Close()
FN:27,Refresh()
FNDA:0,Open()
FNDA:0,Close()
FNDA:0,Refresh()
FNF:3
FNH:0
BRF:0
BRH:0
DA:15,0
DA:16,0
DA:17,0
DA:18,0
DA:21,0
DA:22,0
DA:23,0
DA:24,0
DA:27,0
DA:28,0
DA:29,0
LH:0
LF:11
end_of_record
SF:P:/Tests/EndlessRunner_AutomatedTests/Assets/Scripts/UI/Shop/ShopThemeList.cs
FN:12,Populate()
FN:62,RefreshButton(ShopItemListItem, ThemeData)
FN:93,Buy(ThemeData)
FNDA:0,Populate()
FNDA:0,RefreshButton(ShopItemListItem, ThemeData)
FNDA:0,Buy(ThemeData)
FNF:3
FNH:0
BRF:0
BRH:0
DA:12,0
DA:13,0
DA:14,0
DA:15,0
DA:16,0
DA:17,0
DA:19,0
DA:20,0
DA:21,0
DA:22,0
DA:23,0
DA:24,0
DA:25,0
DA:26,0
DA:27,0
DA:28,0
DA:29,0
DA:31,0
DA:32,0
DA:34,0
DA:36,0
DA:37,0
DA:38,0
DA:40,0
DA:41,0
DA:42,0
DA:43,0
DA:44,0
DA:46,0
DA:47,0
DA:48,0
DA:50,0
DA:52,0
DA:54,0
DA:55,0
DA:56,0
DA:57,0
DA:58,0
DA:59,0
DA:62,0
DA:63,0
DA:64,0
DA:65,0
DA:66,0
DA:67,0
DA:69,0
DA:70,0
DA:71,0
DA:73,0
DA:74,0
DA:75,0
DA:76,0
DA:77,0
DA:79,0
DA:80,0
DA:81,0
DA:83,0
DA:84,0
DA:85,0
DA:86,0
DA:87,0
DA:88,0
DA:89,0
DA:93,0
DA:94,0
DA:95,0
DA:96,0
DA:97,0
DA:147,0
DA:148,0
LH:0
LF:70
end_of_record
SF:P:/Tests/EndlessRunner_AutomatedTests/Assets/Scripts/UI/Shop/ShopUI.cs
FN:35,Start()
FN:59,Update()
FN:65,OpenItemList()
FN:72,OpenCharacterList()
FN:79,OpenThemeList()
FN:86,OpenAccessoriesList()
FN:93,LoadScene(System.String)
FN:98,CloseScene()
FN:108,CheatCoin()
FNDA:0,Start()
FNDA:0,Update()
FNDA:0,OpenItemList()
FNDA:0,OpenCharacterList()
FNDA:0,OpenThemeList()
FNDA:0,OpenAccessoriesList()
FNDA:0,LoadScene(System.String)
FNDA:0,CloseScene()
FNDA:0,CheatCoin()
FNF:9
FNH:0
BRF:0
BRH:0
DA:35,0
DA:36,0
DA:38,0
DA:39,0
DA:40,0
DA:51,0
DA:54,0
DA:55,0
DA:56,0
DA:59,0
DA:60,0
DA:61,0
DA:62,0
DA:65,0
DA:66,0
DA:67,0
DA:68,0
DA:69,0
DA:72,0
DA:73,0
DA:74,0
DA:75,0
DA:76,0
DA:79,0
DA:80,0
DA:81,0
DA:82,0
DA:83,0
DA:86,0
DA:87,0
DA:88,0
DA:89,0
DA:90,0
DA:93,0
DA:94,0
DA:95,0
DA:98,0
DA:99,0
DA:100,0
DA:101,0
DA:102,0
DA:103,0
DA:104,0
DA:105,0
DA:108,0
DA:113,0
DA:114,0
DA:115,0
DA:116,0
LH:0
LF:49
end_of_record
SF:P:/Tests/EndlessRunner_AutomatedTests/Assets/Scripts/Obstacles/SimpleBarricade.cs
FN:15,Spawn()
FNDA:11,Spawn()
FNF:1
FNH:1
BRF:0
BRH:0
DA:15,11
DA:17,11
DA:19,11
DA:20,0
DA:22,11
DA:23,11
DA:27,11
DA:29,50
DA:30,14
DA:31,14
DA:32,14
DA:34,14
DA:35,14
DA:36,14
DA:37,0
DA:38,0
DA:39,0
DA:41,14
DA:43,14
DA:44,0
DA:46,14
DA:47,14
DA:49,14
DA:52,14
DA:53,14
DA:54,14
DA:55,14
DA:56,14
DA:57,11
LH:24
LF:29
end_of_record
SF:P:/Tests/EndlessRunner_AutomatedTests/Assets/Scripts/GameManager/Modifier.cs
FN:83,OnRunTick(GameState)
FN:90,OnRunStart(GameState)
FN:95,OnRunEnd(GameState)
FNDA:0,OnRunTick(GameState)
FNDA:0,OnRunStart(GameState)
FNDA:0,OnRunEnd(GameState)
FNF:3
FNH:0
BRF:0
BRH:0
DA:83,0
DA:84,0
DA:85,0
DA:86,0
DA:90,0
DA:92,0
DA:95,0
DA:96,0
DA:97,0
DA:98,0
LH:0
LF:10
end_of_record
SF:P:/Tests/EndlessRunner_AutomatedTests/Assets/Scripts/Missions/Missions.cs
FN:74,Created()
FN:84,HaveProgressBar()
FN:89,GetMissionDesc()
FN:94,GetMissionType()
FN:99,RunStart(TrackManager)
FN:104,Update(TrackManager)
FNDA:0,Created()
FNDA:0,HaveProgressBar()
FNDA:0,GetMissionDesc()
FNDA:0,GetMissionType()
FNDA:0,RunStart(TrackManager)
FNDA:0,Update(TrackManager)
FNF:6
FNH:0
BRF:0
BRH:0
DA:74,0
DA:75,0
DA:76,0
DA:78,0
DA:79,0
DA:80,0
DA:81,0
DA:84,0
DA:85,0
DA:86,0
DA:89,0
DA:90,0
DA:91,0
DA:94,0
DA:95,0
DA:96,0
DA:99,0
DA:100,0
DA:101,0
DA:104,0
DA:105,0
DA:106,0
LH:0
LF:22
end_of_record
SF:P:/Tests/EndlessRunner_AutomatedTests/Assets/Scripts/Missions/Missions.cs
FN:213,Created()
FN:223,GetMissionDesc()
FN:228,GetMissionType()
FN:233,RunStart(TrackManager)
FN:238,Update(TrackManager)
FNDA:0,Created()
FNDA:1,GetMissionDesc()
FNDA:2,GetMissionType()
FNDA:8,RunStart(TrackManager)
FNDA:271,Update(TrackManager)
FNF:5
FNH:4
BRF:0
BRH:0
DA:213,0
DA:214,0
DA:215,0
DA:217,0
DA:218,0
DA:219,0
DA:220,0
DA:223,1
DA:224,1
DA:225,1
DA:228,2
DA:229,2
DA:230,2
DA:233,8
DA:234,8
DA:235,8
DA:238,271
DA:239,271
DA:240,0
DA:241,0
DA:242,0
DA:243,0
DA:245,271
DA:246,271
LH:13
LF:24
end_of_record
SF:P:/Tests/EndlessRunner_AutomatedTests/Assets/Scripts/UI/StartButton.cs
FN:15,StartGame()
FNDA:0,StartGame()
FNF:1
FNH:0
BRF:0
BRH:0
DA:15,0
DA:16,0
DA:17,0
DA:18,0
DA:19,0
DA:23,0
DA:28,0
DA:29,0
LH:0
LF:8
end_of_record
SF:P:/Tests/EndlessRunner_AutomatedTests/Assets/Scripts/Themes/ThemeData.cs
FN:31,ThemeData()
FNDA:3,ThemeData()
FNF:1
FNH:1
BRF:0
BRH:0
DA:31,3
DA:32,3
DA:33,3
LH:3
LF:3
end_of_record
SF:P:/Tests/EndlessRunner_AutomatedTests/Assets/Scripts/Themes/ThemeDatabase.cs
FN:10,dictionnary()
FN:13,loaded()
FN:16,GetThemeData(System.String)
FN:25,LoadDatabase()
FNDA:0,dictionnary()
FNDA:24,loaded()
FNDA:16,GetThemeData(System.String)
FNDA:1,LoadDatabase()
FNF:4
FNH:3
BRF:0
BRH:0
DA:10,0
DA:13,24
DA:16,16
DA:18,16
DA:19,2
DA:21,14
DA:22,16
DA:25,1
DA:27,1
DA:28,1
DA:29,1
DA:32,1
DA:33,2
DA:34,2
DA:35,2
DA:36,2
DA:37,2
DA:38,2
DA:39,2
DA:41,1
DA:42,1
DA:44,1
LH:21
LF:22
end_of_record
SF:P:/Tests/EndlessRunner_AutomatedTests/Assets/Scripts/Tracks/TrackManager.cs
FN:33,instance()
FN:64,trackSeed()
FN:64,trackSeed(System.Int32)
FN:66,timeToStart()
FN:68,score()
FN:69,multiplier()
FN:70,currentSegmentDistance()
FN:71,worldDistance()
FN:72,speed()
FN:73,speedRatio()
FN:74,currentZone()
FN:76,currentSegment()
FN:77,segments()
FN:78,currentTheme()
FN:80,isMoving()
FN:81,isRerun()
FN:81,isRerun(System.Boolean)
FN:83,isTutorial()
FN:83,isTutorial(System.Boolean)
FN:84,isLoaded()
FN:84,isLoaded(System.Boolean)
FN:86,firstObstacle()
FN:86,firstObstacle(System.Boolean)
FN:133,Awake()
FN:139,StartMove(System.Boolean)
FN:147,StopMove()
FN:260,End()
FN:304,Update()
FN:475,PowerupSpawnUpdate()
FN:481,ChangeZone()
FN:550,SpawnObstacle(TrackSegment)
FN:673,AddScore(System.Int32)
FN:43,TrackManager()
FN:36,TrackManager()
FN:176,Begin()
FN:577,SpawnCoinAndPowerup()
FN:564,SpawnFromAssetReference()
FN:491,SpawnNewSegment()
FN:152,WaitToStart()
FNDA:39,instance()
FNDA:0,trackSeed()
FNDA:0,trackSeed(System.Int32)
FNDA:1182,timeToStart()
FNDA:822,score()
FNDA:1629,multiplier()
FNDA:0,currentSegmentDistance()
FNDA:1638,worldDistance()
FNDA:0,speed()
FNDA:813,speedRatio()
FNDA:0,currentZone()
FNDA:24,currentSegment()
FNDA:0,segments()
FNDA:7014,currentTheme()
FNDA:0,isMoving()
FNDA:30,isRerun()
FNDA:30,isRerun(System.Boolean)
FNDA:87,isTutorial()
FNDA:87,isTutorial(System.Boolean)
FNDA:280,isLoaded()
FNDA:280,isLoaded(System.Boolean)
FNDA:8,firstObstacle()
FNDA:8,firstObstacle(System.Boolean)
FNDA:7,Awake()
FNDA:7,StartMove(System.Boolean)
FNDA:4,StopMove()
FNDA:1,End()
FNDA:401,Update()
FNDA:271,PowerupSpawnUpdate()
FNDA:0,ChangeZone()
FNDA:60,SpawnObstacle(TrackSegment)
FNDA:88,AddScore(System.Int32)
FNDA:7,TrackManager()
FNDA:0,TrackManager()
FNDA:8,Begin()
FNDA:67,SpawnCoinAndPowerup()
FNDA:61,SpawnFromAssetReference()
FNDA:72,SpawnNewSegment()
FNDA:8,WaitToStart()
FNF:39
FNH:30
BRF:0
BRH:0
DA:33,39
DA:36,0
DA:43,7
DA:44,7
DA:45,7
DA:46,7
DA:48,7
DA:56,7
DA:64,0
DA:66,1182
DA:68,822
DA:69,1629
DA:70,0
DA:71,1638
DA:72,0
DA:73,813
DA:74,0
DA:76,24
DA:77,0
DA:78,7014
DA:80,0
DA:81,30
DA:83,87
DA:84,280
DA:86,8
DA:88,7
DA:92,7
DA:104,7
DA:105,7
DA:111,7
DA:119,7
DA:133,7
DA:134,7
DA:135,7
DA:136,7
DA:139,7
DA:140,7
DA:141,7
DA:142,7
DA:143,7
DA:144,7
DA:147,4
DA:148,4
DA:149,4
DA:152,8
DA:153,8
DA:154,8
DA:155,8
DA:157,55
DA:158,48
DA:159,48
DA:160,47
DA:161,47
DA:163,7
DA:165,7
DA:166,0
DA:168,0
DA:169,0
DA:171,7
DA:172,7
DA:173,7
DA:176,8
DA:177,8
DA:178,8
DA:179,8
DA:180,8
DA:182,8
DA:183,0
DA:185,8
DA:188,8
DA:189,8
DA:191,8
DA:195,8
DA:198,8
DA:199,8
DA:200,0
DA:201,0
DA:202,0
DA:204,8
DA:206,8
DA:208,8
DA:209,8
DA:211,8
DA:212,8
DA:215,8
DA:216,8
DA:218,8
DA:219,0
DA:221,8
DA:223,8
DA:224,8
DA:226,8
DA:227,8
DA:228,8
DA:230,8
DA:231,8
DA:232,8
DA:233,8
DA:235,8
DA:236,8
DA:238,8
DA:240,8
DA:242,8
DA:252,8
DA:254,8
DA:255,8
DA:256,8
DA:257,8
DA:260,1
DA:261,23
DA:262,10
DA:263,10
DA:264,10
DA:265,10
DA:267,2
DA:268,0
DA:269,0
DA:270,0
DA:272,1
DA:273,1
DA:275,1
DA:277,1
DA:278,1
DA:279,1
DA:281,1
DA:282,1
DA:284,1
DA:286,42
DA:287,20
DA:288,20
DA:289,20
DA:290,20
DA:293,1
DA:294,0
DA:295,0
DA:296,0
DA:297,0
DA:298,1
DA:301,7
DA:302,7
DA:304,401
DA:305,473
DA:306,72
DA:307,72
DA:308,72
DA:309,72
DA:311,401
DA:312,401
DA:313,541
DA:314,140
DA:315,140
DA:317,140
DA:318,140
DA:319,140
DA:320,140
DA:321,140
DA:323,140
DA:330,140
DA:331,140
DA:332,140
DA:333,140
DA:334,140
DA:335,401
DA:337,401
DA:338,130
DA:340,271
DA:341,271
DA:342,271
DA:344,271
DA:345,359
DA:346,271
DA:348,271
DA:349,271
DA:351,271
DA:352,2
DA:353,2
DA:357,2
DA:358,2
DA:359,2
DA:361,2
DA:362,2
DA:366,271
DA:368,271
DA:373,271
DA:376,271
DA:377,271
DA:378,542
DA:379,271
DA:380,11382
DA:381,5420
DA:382,5420
DA:383,5420
DA:384,5420
DA:385,271
DA:387,271
DA:388,0
DA:389,0
DA:390,0
DA:391,0
DA:392,0
DA:393,0
DA:395,0
DA:396,0
DA:397,0
DA:398,0
DA:399,0
DA:402,0
DA:403,0
DA:405,271
DA:406,271
DA:408,271
DA:409,271
DA:410,11382
DA:411,5420
DA:412,5420
DA:415,5420
DA:416,0
DA:417,0
DA:418,0
DA:419,0
DA:420,5420
DA:421,271
DA:424,600
DA:425,29
DA:426,29
DA:427,0
DA:428,0
DA:429,0
DA:430,0
DA:431,0
DA:432,29
DA:434,271
DA:436,271
DA:437,271
DA:438,271
DA:439,271
DA:441,0
DA:442,271
DA:444,271
DA:446,271
DA:447,0
DA:448,0
DA:449,0
DA:450,0
DA:451,0
DA:452,0
DA:454,271
DA:455,271
DA:457,271
DA:458,271
DA:459,0
DA:460,0
DA:461,0
DA:466,0
DA:468,271
DA:469,271
DA:471,271
DA:472,401
DA:475,271
DA:476,271
DA:477,271
DA:478,271
DA:481,0
DA:482,0
DA:483,0
DA:484,0
DA:486,0
DA:487,0
DA:489,7
DA:491,72
DA:492,72
DA:493,72
DA:494,72
DA:495,0
DA:496,72
DA:498,72
DA:499,72
DA:501,72
DA:502,72
DA:503,72
DA:504,0
DA:505,0
DA:506,0
DA:508,72
DA:512,72
DA:513,65
DA:514,65
DA:515,65
DA:517,7
DA:518,7
DA:519,7
DA:520,7
DA:522,72
DA:526,72
DA:529,72
DA:530,72
DA:531,72
DA:533,72
DA:534,72
DA:536,72
DA:537,58
DA:538,58
DA:539,58
DA:541,14
DA:543,72
DA:545,72
DA:546,72
DA:550,60
DA:551,60
DA:552,41
DA:553,204
DA:554,61
DA:555,61
DA:556,61
DA:557,61
DA:558,41
DA:560,60
DA:561,60
DA:564,61
DA:565,61
DA:566,61
DA:567,61
DA:568,61
DA:569,61
DA:570,61
DA:571,61
DA:572,61
DA:573,61
DA:574,61
DA:577,67
DA:578,67
DA:579,67
DA:581,67
DA:582,67
DA:584,67
DA:585,67
DA:587,1009
DA:588,942
DA:591,942
DA:594,942
DA:595,942
DA:596,943
DA:597,1
DA:598,1
DA:599,1
DA:600,0
DA:602,0
DA:603,0
DA:605,1
DA:607,942
DA:609,942
DA:610,942
DA:611,942
DA:614,942
DA:615,942
DA:616,0
DA:617,0
DA:620,0
DA:621,0
DA:623,0
DA:624,0
DA:626,0
DA:627,0
DA:628,0
DA:629,0
DA:630,0
DA:631,0
DA:633,0
DA:634,0
DA:635,0
DA:636,0
DA:637,942
DA:638,0
DA:639,0
DA:640,0
DA:642,0
DA:643,0
DA:644,0
DA:645,0
DA:646,0
DA:647,0
DA:649,0
DA:650,0
DA:651,0
DA:653,942
DA:654,942
DA:655,942
DA:656,942
DA:658,942
DA:659,942
DA:661,942
DA:662,942
DA:663,942
DA:664,942
DA:665,942
DA:667,942
DA:668,942
DA:669,67
DA:670,67
DA:673,88
DA:674,88
DA:675,88
DA:676,88
LH:307
LF:403
end_of_record
SF:P:/Tests/EndlessRunner_AutomatedTests/Assets/Scripts/Tracks/TrackSegment.cs
FN:24,worldLength()
FN:29,OnEnable()
FN:43,GetPointAtInWorldUnit(System.Single, UnityEngine.Vector3&, UnityEngine.Quaternion&)
FN:51,GetPointAt(System.Single, UnityEngine.Vector3&, UnityEngine.Quaternion&)
FN:72,UpdateWorldLength()
FN:86,Cleanup()
FN:99,OnDrawGizmos()
FNDA:3846,worldLength()
FNDA:72,OnEnable()
FNDA:1213,GetPointAtInWorldUnit(System.Single, UnityEngine.Vector3&, UnityEngine.Quaternion&)
FNDA:60115,GetPointAt(System.Single, UnityEngine.Vector3&, UnityEngine.Quaternion&)
FNDA:72,UpdateWorldLength()
FNDA:0,Cleanup()
FNDA:42299,OnDrawGizmos()
FNF:7
FNH:6
BRF:0
BRH:0
DA:24,3846
DA:29,72
DA:30,72
DA:32,72
DA:33,72
DA:34,72
DA:36,72
DA:37,72
DA:38,72
DA:39,72
DA:43,1213
DA:44,1213
DA:45,1213
DA:46,1213
DA:51,60115
DA:52,60115
DA:53,60115
DA:54,60115
DA:55,60115
DA:57,60115
DA:58,60115
DA:59,67
DA:60,67
DA:61,67
DA:62,67
DA:65,60048
DA:67,60048
DA:68,60048
DA:69,60115
DA:72,72
DA:73,72
DA:75,288
DA:76,72
DA:77,72
DA:78,72
DA:80,72
DA:81,72
DA:82,72
DA:83,72
DA:86,0
DA:87,0
DA:88,0
DA:89,0
DA:90,0
DA:91,0
DA:92,0
DA:94,0
DA:95,0
DA:99,42299
DA:100,42299
DA:101,0
DA:103,42299
DA:104,42299
DA:105,169196
DA:106,42299
DA:107,42299
DA:108,42299
DA:110,42299
DA:111,42299
DA:113,42299
DA:114,202002
DA:115,58702
DA:118,58702
DA:119,58702
DA:120,58702
DA:122,42299
DA:123,42299
LH:57
LF:67
end_of_record
SF:P:/Tests/EndlessRunner_AutomatedTests/Assets/Scripts/Tracks/TrackSegment.cs
FN:134,OnEnable()
FN:139,OnInspectorGUI()
FNDA:0,OnEnable()
FNDA:0,OnInspectorGUI()
FNF:2
FNH:0
BRF:0
BRH:0
DA:134,0
DA:135,0
DA:136,0
DA:139,0
DA:140,0
DA:142,0
DA:143,0
DA:144,0
DA:145,0
DA:147,0
DA:148,0
DA:149,0
DA:150,0
DA:151,0
DA:152,0
DA:153,0
DA:154,0
DA:155,0
DA:156,0
DA:157,0
DA:159,0
DA:160,0
DA:161,0
DA:162,0
LH:0
LF:24
end_of_record
SF:P:/Tests/EndlessRunner_AutomatedTests/Assets/Scripts/WorldCurver.cs
FN:12,OnEnable()
FN:17,Update()
FN:7,WorldCurver()
FNDA:7,OnEnable()
FNDA:442,Update()
FNDA:7,WorldCurver()
FNF:3
FNH:3
BRF:0
BRH:0
DA:7,7
DA:12,7
DA:13,7
DA:14,7
DA:17,442
DA:18,442
DA:19,442
LH:7
LF:7
end_of_record
